2023-10-25 11:23:54.722 [info] Log level: Info
2023-10-25 11:23:54.722 [info] Validating found git in: "git"
2023-10-25 11:23:54.722 [info] Using git "2.25.1" from "git"
2023-10-25 11:23:54.731 [info] > git rev-parse --show-toplevel [17ms]
2023-10-25 11:23:54.744 [info] > git rev-parse --git-dir --git-common-dir [2ms]
2023-10-25 11:23:54.775 [info] Open repository: /home/shri123/learning
2023-10-25 11:23:54.862 [info] > git config --get commit.template [72ms]
2023-10-25 11:23:54.878 [info] > git rev-parse --show-toplevel [83ms]
2023-10-25 11:23:54.903 [info] > git rev-parse --show-toplevel [4ms]
2023-10-25 11:23:54.947 [info] > git rev-parse --show-toplevel [18ms]
2023-10-25 11:23:54.949 [info] > git for-each-ref --format=%(refname)%00%(upstream:short)%00%(objectname)%00%(upstream:track)%00%(upstream:remotename)%00%(upstream:remoteref) refs/heads/master refs/remotes/master [61ms]
2023-10-25 11:23:55.010 [info] > git status -z -uall [31ms]
2023-10-25 11:23:55.041 [info] > git rev-parse --show-toplevel [34ms]
2023-10-25 11:23:55.044 [info] > git config --get commit.template [4ms]
2023-10-25 11:23:55.066 [info] > git rev-parse --git-dir --git-common-dir [12ms]
2023-10-25 11:23:55.080 [info] Open repository: /home/shri123/learning/quant_apt
2023-10-25 11:23:55.107 [info] > git for-each-ref --format=%(refname)%00%(upstream:short)%00%(objectname)%00%(upstream:track)%00%(upstream:remotename)%00%(upstream:remoteref) refs/heads/master refs/remotes/master [43ms]
2023-10-25 11:23:55.573 [info] > git status -z -uall [456ms]
2023-10-25 11:23:55.574 [info] > git config --get commit.template [467ms]
2023-10-25 11:23:55.594 [info] No remotes found in the git config file.
2023-10-25 11:23:55.595 [info] > git check-ignore -v -z --stdin [14ms]
2023-10-25 11:23:55.598 [info] > git for-each-ref --format=%(refname)%00%(upstream:short)%00%(objectname)%00%(upstream:track)%00%(upstream:remotename)%00%(upstream:remoteref) refs/heads/master refs/remotes/master [3ms]
2023-10-25 11:23:55.617 [info] > git status -z -uall [13ms]
2023-10-25 11:23:55.638 [info] > git config --get commit.template [3ms]
2023-10-25 11:23:55.653 [info] No remotes found in the git config file.
2023-10-25 11:23:56.026 [info] > git for-each-ref --format=%(refname)%00%(upstream:short)%00%(objectname)%00%(upstream:track)%00%(upstream:remotename)%00%(upstream:remoteref) refs/heads/master refs/remotes/master [374ms]
2023-10-25 11:23:56.050 [info] > git status -z -uall [15ms]
2023-10-25 11:23:56.337 [info] > git check-ignore -v -z --stdin [197ms]
2023-10-25 11:23:56.338 [info] > git check-ignore -v -z --stdin [181ms]
2023-10-25 11:23:58.595 [info] > git check-ignore -v -z --stdin [1ms]
2023-10-25 11:24:02.555 [info] > git ls-files --stage -- /home/shri123/learning/quant_apt/Telusko _Python_course/#69_binary_search.py [5ms]
2023-10-25 11:24:02.989 [info] > git show --textconv :Telusko _Python_course/#69_binary_search.py [450ms]
2023-10-25 11:24:03.003 [info] > git cat-file -s d1e56379c994bd82be6d22f5a60e650dd52729a2 [434ms]
2023-10-25 11:24:16.886 [info] > git show --textconv :Telusko _Python_course/#67_Liner_search.py [10ms]
2023-10-25 11:24:16.887 [info] > git ls-files --stage -- /home/shri123/learning/quant_apt/Telusko _Python_course/#67_Liner_search.py [2ms]
2023-10-25 11:24:16.896 [info] > git cat-file -s 217120efdf4241e01fbaf9a687289a5318244dbb [2ms]
2023-10-25 11:24:28.007 [info] > git show --textconv :Telusko _Python_course/#69_binary_search.py [9ms]
2023-10-25 11:24:28.007 [info] > git ls-files --stage -- /home/shri123/learning/quant_apt/Telusko _Python_course/#69_binary_search.py [1ms]
2023-10-25 11:24:28.016 [info] > git cat-file -s d1e56379c994bd82be6d22f5a60e650dd52729a2 [2ms]
2023-10-25 11:25:10.355 [info] > git show --textconv :Telusko _Python_course/#70_Bubble_sort.py [10ms]
2023-10-25 11:25:10.355 [info] > git ls-files --stage -- /home/shri123/learning/quant_apt/Telusko _Python_course/#70_Bubble_sort.py [2ms]
2023-10-25 11:25:10.600 [info] > git check-ignore -v -z --stdin [1ms]
2023-10-25 11:25:11.196 [info] > git config --get commit.template [1ms]
2023-10-25 11:25:11.196 [info] > git config --get commit.template [8ms]
2023-10-25 11:25:11.197 [info] No remotes found in the git config file.
2023-10-25 11:25:11.210 [info] > git for-each-ref --format=%(refname)%00%(upstream:short)%00%(objectname)%00%(upstream:track)%00%(upstream:remotename)%00%(upstream:remoteref) refs/heads/master refs/remotes/master [8ms]
2023-10-25 11:25:11.218 [info] > git for-each-ref --format=%(refname)%00%(upstream:short)%00%(objectname)%00%(upstream:track)%00%(upstream:remotename)%00%(upstream:remoteref) refs/heads/master refs/remotes/master [9ms]
2023-10-25 11:25:11.228 [info] > git status -z -uall [11ms]
2023-10-25 11:25:11.233 [info] > git status -z -uall [6ms]
2023-10-25 11:30:47.104 [info] > git config --get commit.template [10ms]
2023-10-25 11:30:47.105 [info] > git config --get commit.template [3ms]
2023-10-25 11:30:47.119 [info] No remotes found in the git config file.
2023-10-25 11:30:47.131 [info] > git for-each-ref --format=%(refname)%00%(upstream:short)%00%(objectname)%00%(upstream:track)%00%(upstream:remotename)%00%(upstream:remoteref) refs/heads/master refs/remotes/master [13ms]
2023-10-25 11:30:47.141 [info] > git for-each-ref --format=%(refname)%00%(upstream:short)%00%(objectname)%00%(upstream:track)%00%(upstream:remotename)%00%(upstream:remoteref) refs/heads/master refs/remotes/master [9ms]
2023-10-25 11:30:47.149 [info] > git status -z -uall [9ms]
2023-10-25 11:30:47.149 [info] > git status -z -uall [2ms]
2023-10-25 11:31:05.829 [info] > git config --get commit.template [1ms]
2023-10-25 11:31:05.830 [info] > git config --get commit.template [8ms]
2023-10-25 11:31:05.842 [info] No remotes found in the git config file.
2023-10-25 11:31:05.843 [info] > git for-each-ref --format=%(refname)%00%(upstream:short)%00%(objectname)%00%(upstream:track)%00%(upstream:remotename)%00%(upstream:remoteref) refs/heads/master refs/remotes/master [7ms]
2023-10-25 11:31:05.848 [info] > git for-each-ref --format=%(refname)%00%(upstream:short)%00%(objectname)%00%(upstream:track)%00%(upstream:remotename)%00%(upstream:remoteref) refs/heads/master refs/remotes/master [6ms]
2023-10-25 11:31:05.858 [info] > git status -z -uall [10ms]
2023-10-25 11:31:05.860 [info] > git status -z -uall [3ms]
2023-10-25 11:31:41.286 [info] > git config --get commit.template [6ms]
2023-10-25 11:31:41.287 [info] > git config --get commit.template [1ms]
2023-10-25 11:31:41.292 [info] No remotes found in the git config file.
2023-10-25 11:31:41.296 [info] > git for-each-ref --format=%(refname)%00%(upstream:short)%00%(objectname)%00%(upstream:track)%00%(upstream:remotename)%00%(upstream:remoteref) refs/heads/master refs/remotes/master [4ms]
2023-10-25 11:31:41.303 [info] > git for-each-ref --format=%(refname)%00%(upstream:short)%00%(objectname)%00%(upstream:track)%00%(upstream:remotename)%00%(upstream:remoteref) refs/heads/master refs/remotes/master [7ms]
2023-10-25 11:31:41.314 [info] > git status -z -uall [11ms]
2023-10-25 11:31:41.314 [info] > git status -z -uall [4ms]
2023-10-25 11:41:04.074 [info] > git show --textconv :Telusko _Python_course/#71_Selction_sort.py [10ms]
2023-10-25 11:41:04.074 [info] > git ls-files --stage -- /home/shri123/learning/quant_apt/Telusko _Python_course/#71_Selction_sort.py [2ms]
2023-10-25 11:41:04.315 [info] > git check-ignore -v -z --stdin [1ms]
2023-10-25 11:41:04.933 [info] > git config --get commit.template [12ms]
2023-10-25 11:41:04.935 [info] > git config --get commit.template [2ms]
2023-10-25 11:41:04.967 [info] No remotes found in the git config file.
2023-10-25 11:41:04.967 [info] > git for-each-ref --format=%(refname)%00%(upstream:short)%00%(objectname)%00%(upstream:track)%00%(upstream:remotename)%00%(upstream:remoteref) refs/heads/master refs/remotes/master [11ms]
2023-10-25 11:41:04.988 [info] > git for-each-ref --format=%(refname)%00%(upstream:short)%00%(objectname)%00%(upstream:track)%00%(upstream:remotename)%00%(upstream:remoteref) refs/heads/master refs/remotes/master [22ms]
2023-10-25 11:41:04.996 [info] > git status -z -uall [9ms]
2023-10-25 11:41:04.999 [info] > git status -z -uall [3ms]
2023-10-25 11:41:05.885 [info] > git show --textconv :Telusko _Python_course/#70_Bubble_sort.py [12ms]
2023-10-25 11:41:05.888 [info] > git ls-files --stage -- /home/shri123/learning/quant_apt/Telusko _Python_course/#70_Bubble_sort.py [4ms]
2023-10-25 11:41:08.748 [info] > git show --textconv :Telusko _Python_course/#71_Selction_sort.py [8ms]
2023-10-25 11:41:08.748 [info] > git ls-files --stage -- /home/shri123/learning/quant_apt/Telusko _Python_course/#71_Selction_sort.py [2ms]
2023-10-25 11:43:19.662 [info] > git config --get commit.template [8ms]
2023-10-25 11:43:19.664 [info] > git config --get commit.template [3ms]
2023-10-25 11:43:19.678 [info] No remotes found in the git config file.
2023-10-25 11:43:19.679 [info] > git for-each-ref --format=%(refname)%00%(upstream:short)%00%(objectname)%00%(upstream:track)%00%(upstream:remotename)%00%(upstream:remoteref) refs/heads/master refs/remotes/master [1ms]
2023-10-25 11:43:19.696 [info] > git for-each-ref --format=%(refname)%00%(upstream:short)%00%(objectname)%00%(upstream:track)%00%(upstream:remotename)%00%(upstream:remoteref) refs/heads/master refs/remotes/master [26ms]
2023-10-25 11:43:19.716 [info] > git status -z -uall [20ms]
2023-10-25 11:43:19.717 [info] > git status -z -uall [3ms]
2023-10-25 11:44:08.447 [info] > git config --get commit.template [8ms]
2023-10-25 11:44:08.447 [info] > git config --get commit.template [1ms]
2023-10-25 11:44:08.452 [info] No remotes found in the git config file.
2023-10-25 11:44:08.458 [info] > git for-each-ref --format=%(refname)%00%(upstream:short)%00%(objectname)%00%(upstream:track)%00%(upstream:remotename)%00%(upstream:remoteref) refs/heads/master refs/remotes/master [6ms]
2023-10-25 11:44:08.465 [info] > git for-each-ref --format=%(refname)%00%(upstream:short)%00%(objectname)%00%(upstream:track)%00%(upstream:remotename)%00%(upstream:remoteref) refs/heads/master refs/remotes/master [8ms]
2023-10-25 11:44:08.473 [info] > git status -z -uall [8ms]
2023-10-25 11:44:08.477 [info] > git status -z -uall [4ms]
2023-10-25 11:45:11.357 [info] > git config --get commit.template [5ms]
2023-10-25 11:45:11.358 [info] > git config --get commit.template [2ms]
2023-10-25 11:45:11.366 [info] No remotes found in the git config file.
2023-10-25 11:45:11.366 [info] > git for-each-ref --format=%(refname)%00%(upstream:short)%00%(objectname)%00%(upstream:track)%00%(upstream:remotename)%00%(upstream:remoteref) refs/heads/master refs/remotes/master [0ms]
2023-10-25 11:45:11.372 [info] > git for-each-ref --format=%(refname)%00%(upstream:short)%00%(objectname)%00%(upstream:track)%00%(upstream:remotename)%00%(upstream:remoteref) refs/heads/master refs/remotes/master [11ms]
2023-10-25 11:45:11.378 [info] > git status -z -uall [6ms]
2023-10-25 11:45:11.380 [info] > git status -z -uall [3ms]
2023-10-25 11:45:35.510 [info] > git config --get commit.template [7ms]
2023-10-25 11:45:35.510 [info] > git config --get commit.template [2ms]
2023-10-25 11:45:35.518 [info] No remotes found in the git config file.
2023-10-25 11:45:35.524 [info] > git for-each-ref --format=%(refname)%00%(upstream:short)%00%(objectname)%00%(upstream:track)%00%(upstream:remotename)%00%(upstream:remoteref) refs/heads/master refs/remotes/master [6ms]
2023-10-25 11:45:35.531 [info] > git for-each-ref --format=%(refname)%00%(upstream:short)%00%(objectname)%00%(upstream:track)%00%(upstream:remotename)%00%(upstream:remoteref) refs/heads/master refs/remotes/master [8ms]
2023-10-25 11:45:35.537 [info] > git status -z -uall [8ms]
2023-10-25 11:45:35.539 [info] > git status -z -uall [2ms]
2023-10-25 11:45:51.096 [info] > git config --get commit.template [6ms]
2023-10-25 11:45:51.097 [info] > git config --get commit.template [1ms]
2023-10-25 11:45:51.106 [info] No remotes found in the git config file.
2023-10-25 11:45:51.106 [info] > git for-each-ref --format=%(refname)%00%(upstream:short)%00%(objectname)%00%(upstream:track)%00%(upstream:remotename)%00%(upstream:remoteref) refs/heads/master refs/remotes/master [5ms]
2023-10-25 11:45:51.111 [info] > git for-each-ref --format=%(refname)%00%(upstream:short)%00%(objectname)%00%(upstream:track)%00%(upstream:remotename)%00%(upstream:remoteref) refs/heads/master refs/remotes/master [5ms]
2023-10-25 11:45:51.116 [info] > git status -z -uall [5ms]
2023-10-25 11:45:51.118 [info] > git status -z -uall [2ms]
2023-10-25 11:46:04.837 [info] > git show --textconv :Telusko _Python_course/#70_Bubble_sort.py [10ms]
2023-10-25 11:46:04.841 [info] > git ls-files --stage -- /home/shri123/learning/quant_apt/Telusko _Python_course/#70_Bubble_sort.py [6ms]
2023-10-25 11:46:24.285 [info] > git config --get commit.template [3ms]
2023-10-25 11:46:24.285 [info] > git config --get commit.template [11ms]
2023-10-25 11:46:24.302 [info] No remotes found in the git config file.
2023-10-25 11:46:24.303 [info] > git for-each-ref --format=%(refname)%00%(upstream:short)%00%(objectname)%00%(upstream:track)%00%(upstream:remotename)%00%(upstream:remoteref) refs/heads/master refs/remotes/master [11ms]
2023-10-25 11:46:24.308 [info] > git for-each-ref --format=%(refname)%00%(upstream:short)%00%(objectname)%00%(upstream:track)%00%(upstream:remotename)%00%(upstream:remoteref) refs/heads/master refs/remotes/master [6ms]
2023-10-25 11:46:24.318 [info] > git status -z -uall [10ms]
2023-10-25 11:46:24.320 [info] > git status -z -uall [2ms]
2023-10-25 11:46:47.713 [info] > git show --textconv :Telusko _Python_course/#71_Selction_sort.py [8ms]
2023-10-25 11:46:47.714 [info] > git ls-files --stage -- /home/shri123/learning/quant_apt/Telusko _Python_course/#71_Selction_sort.py [2ms]
2023-10-25 11:46:53.926 [info] > git config --get commit.template [8ms]
2023-10-25 11:46:53.927 [info] > git config --get commit.template [2ms]
2023-10-25 11:46:53.933 [info] No remotes found in the git config file.
2023-10-25 11:46:53.940 [info] > git for-each-ref --format=%(refname)%00%(upstream:short)%00%(objectname)%00%(upstream:track)%00%(upstream:remotename)%00%(upstream:remoteref) refs/heads/master refs/remotes/master [8ms]
2023-10-25 11:46:53.946 [info] > git for-each-ref --format=%(refname)%00%(upstream:short)%00%(objectname)%00%(upstream:track)%00%(upstream:remotename)%00%(upstream:remoteref) refs/heads/master refs/remotes/master [6ms]
2023-10-25 11:46:53.951 [info] > git status -z -uall [5ms]
2023-10-25 11:46:53.954 [info] > git status -z -uall [3ms]
2023-10-25 11:46:56.367 [info] > git show --textconv :Telusko _Python_course/#70_Bubble_sort.py [5ms]
2023-10-25 11:46:56.368 [info] > git ls-files --stage -- /home/shri123/learning/quant_apt/Telusko _Python_course/#70_Bubble_sort.py [2ms]
2023-10-25 11:46:58.968 [info] > git config --get commit.template [5ms]
2023-10-25 11:46:58.968 [info] > git config --get commit.template [1ms]
2023-10-25 11:46:58.975 [info] No remotes found in the git config file.
2023-10-25 11:46:58.981 [info] > git for-each-ref --format=%(refname)%00%(upstream:short)%00%(objectname)%00%(upstream:track)%00%(upstream:remotename)%00%(upstream:remoteref) refs/heads/master refs/remotes/master [1ms]
2023-10-25 11:46:58.985 [info] > git for-each-ref --format=%(refname)%00%(upstream:short)%00%(objectname)%00%(upstream:track)%00%(upstream:remotename)%00%(upstream:remoteref) refs/heads/master refs/remotes/master [10ms]
2023-10-25 11:46:58.989 [info] > git status -z -uall [4ms]
2023-10-25 11:46:58.990 [info] > git status -z -uall [1ms]
