2023-10-25 14:29:12.580 [info] Log level: Info
2023-10-25 14:29:12.581 [info] Validating found git in: "git"
2023-10-25 14:29:12.581 [info] Using git "2.25.1" from "git"
2023-10-25 14:29:12.622 [info] > git rev-parse --show-toplevel [6ms]
2023-10-25 14:29:12.659 [info] > git rev-parse --git-dir --git-common-dir [8ms]
2023-10-25 14:29:12.715 [info] Open repository: /home/shri123/learning
2023-10-25 14:29:12.754 [info] > git config --get commit.template [2ms]
2023-10-25 14:29:12.755 [info] > git rev-parse --show-toplevel [18ms]
2023-10-25 14:29:12.794 [info] > git rev-parse --show-toplevel [22ms]
2023-10-25 14:29:12.808 [info] > git for-each-ref --format=%(refname)%00%(upstream:short)%00%(objectname)%00%(upstream:track)%00%(upstream:remotename)%00%(upstream:remoteref) refs/heads/master refs/remotes/master [17ms]
2023-10-25 14:29:12.823 [info] > git rev-parse --show-toplevel [16ms]
2023-10-25 14:29:12.833 [info] > git rev-parse --show-toplevel [2ms]
2023-10-25 14:29:12.863 [info] > git rev-parse --git-dir --git-common-dir [2ms]
2023-10-25 14:29:12.868 [info] Open repository: /home/shri123/learning/learning
2023-10-25 14:29:12.886 [info] > git status -z -uall [65ms]
2023-10-25 14:29:12.887 [info] > git config --get commit.template [10ms]
2023-10-25 14:29:12.906 [info] > git rev-parse --show-toplevel [22ms]
2023-10-25 14:29:12.918 [info] > git config --get commit.template [13ms]
2023-10-25 14:29:12.961 [info] > git for-each-ref --format=%(refname)%00%(upstream:short)%00%(objectname)%00%(upstream:track)%00%(upstream:remotename)%00%(upstream:remoteref) refs/heads/master refs/remotes/master [46ms]
2023-10-25 14:29:12.974 [info] > git rev-parse --git-dir --git-common-dir [51ms]
2023-10-25 14:29:12.980 [info] Open repository: /home/shri123/learning/quant_apt
2023-10-25 14:29:12.990 [info] > git for-each-ref --format=%(refname)%00%(upstream:short)%00%(objectname)%00%(upstream:track)%00%(upstream:remotename)%00%(upstream:remoteref) refs/heads/master refs/remotes/master [17ms]
2023-10-25 14:29:13.006 [info] > git status -z -uall [11ms]
2023-10-25 14:29:13.022 [info] > git config --get commit.template [32ms]
2023-10-25 14:29:13.028 [info] No remotes found in the git config file.
2023-10-25 14:29:13.030 [info] > git for-each-ref --format=%(refname)%00%(upstream:short)%00%(objectname)%00%(upstream:track)%00%(upstream:remotename)%00%(upstream:remoteref) refs/heads/master refs/remotes/master [2ms]
2023-10-25 14:29:13.050 [info] > git status -z -uall [9ms]
2023-10-25 14:29:13.207 [info] > git config --get commit.template [122ms]
2023-10-25 14:29:13.217 [info] No remotes found in the git config file.
2023-10-25 14:29:13.219 [info] > git for-each-ref --format=%(refname)%00%(upstream:short)%00%(objectname)%00%(upstream:track)%00%(upstream:remotename)%00%(upstream:remoteref) refs/heads/master refs/remotes/master [2ms]
2023-10-25 14:29:13.234 [info] > git status -z -uall [4ms]
2023-10-25 14:29:13.824 [info] > git check-ignore -v -z --stdin [80ms]
2023-10-25 14:29:13.825 [info] > git check-ignore -v -z --stdin [74ms]
2023-10-25 14:29:13.826 [info] > git check-ignore -v -z --stdin [43ms]
2023-10-25 14:29:14.502 [info] > git check-ignore -v -z --stdin [70ms]
2023-10-25 14:29:14.503 [info] > git check-ignore -v -z --stdin [55ms]
2023-10-25 14:29:14.504 [info] > git check-ignore -v -z --stdin [17ms]
2023-10-25 14:29:15.600 [info] > git status -z -uall [2632ms]
2023-10-25 14:29:15.617 [info] > git config --get commit.template [3ms]
2023-10-25 14:29:15.634 [info] > git for-each-ref --format=%(refname)%00%(upstream:short)%00%(objectname)%00%(upstream:track)%00%(upstream:remotename)%00%(upstream:remoteref) refs/heads/master refs/remotes/master [10ms]
2023-10-25 14:29:16.271 [info] > git status -z -uall [631ms]
2023-10-25 14:29:16.739 [info] > git check-ignore -v -z --stdin [11ms]
2023-10-25 14:29:41.772 [info] > git config --get commit.template [5ms]
2023-10-25 14:29:41.775 [info] > git for-each-ref --format=%(refname)%00%(upstream:short)%00%(objectname)%00%(upstream:track)%00%(upstream:remotename)%00%(upstream:remoteref) refs/heads/master refs/remotes/master [4ms]
2023-10-25 14:29:41.788 [warning] ENOENT: no such file or directory, open '/home/shri123/learning/learning/.git/HEAD'
2023-10-25 14:29:41.806 [warning] getRemotes() - ENOENT: no such file or directory, open '/home/shri123/learning/learning/.git/config'
2023-10-25 14:29:41.824 [warning] ENOENT: no such file or directory, open '/home/shri123/learning/learning/.git/HEAD'
2023-10-25 14:29:41.850 [warning] getRemotes() - ENOENT: no such file or directory, open '/home/shri123/learning/learning/.git/config'
2023-10-25 14:29:41.858 [info] > git status -z -uall [77ms]
2023-10-25 14:29:42.449 [info] > git check-ignore -v -z --stdin [7ms]
2023-10-25 14:29:42.450 [info] > git check-ignore -v -z --stdin [2ms]
2023-10-25 14:29:46.868 [info] > git config --get commit.template [1ms]
2023-10-25 14:29:46.874 [info] > git for-each-ref --format=%(refname)%00%(upstream:short)%00%(objectname)%00%(upstream:track)%00%(upstream:remotename)%00%(upstream:remoteref) refs/heads/master refs/remotes/master [1ms]
2023-10-25 14:29:46.880 [info] > git status -z -uall [1ms]
2023-10-25 14:29:46.904 [info] > git check-ignore -v -z --stdin [1ms]
2023-10-25 14:29:48.287 [info] > git check-ignore -v -z --stdin [2ms]
2023-10-25 14:29:49.390 [info] > git check-ignore -v -z --stdin [1ms]
2023-10-25 15:23:31.324 [info] > git check-ignore -v -z --stdin [25ms]
2023-10-25 15:23:40.652 [info] > git check-ignore -v -z --stdin [6ms]
2023-10-25 15:23:45.509 [info] > git show --textconv :Telusko _Python_course/#71_Selction_sort.py [148ms]
2023-10-25 15:23:45.509 [info] > git ls-files --stage -- /home/shri123/learning/quant_apt/Telusko _Python_course/#71_Selction_sort.py [121ms]
2023-10-25 15:23:48.557 [info] > git add -A -- /home/shri123/learning/quant_apt/Telusko _Python_course/#70_Bubble_sort.py /home/shri123/learning/quant_apt/Telusko _Python_course/#71_Selction_sort.py [20ms]
2023-10-25 15:23:48.589 [info] No remotes found in the git config file.
2023-10-25 15:23:48.591 [info] > git config --get commit.template [21ms]
2023-10-25 15:23:48.595 [info] > git for-each-ref --format=%(refname)%00%(upstream:short)%00%(objectname)%00%(upstream:track)%00%(upstream:remotename)%00%(upstream:remoteref) refs/heads/master refs/remotes/master [7ms]
2023-10-25 15:23:48.656 [info] > git status -z -uall [32ms]
2023-10-25 15:23:49.915 [info] > git config --get commit.template [1ms]
2023-10-25 15:23:49.925 [info] No remotes found in the git config file.
2023-10-25 15:23:49.926 [info] > git for-each-ref --format=%(refname)%00%(upstream:short)%00%(objectname)%00%(upstream:track)%00%(upstream:remotename)%00%(upstream:remoteref) refs/heads/master refs/remotes/master [1ms]
2023-10-25 15:23:49.958 [info] > git status -z -uall [1ms]
2023-10-25 15:23:50.019 [info] > git ls-files --stage -- /home/shri123/learning/quant_apt/Telusko _Python_course/#71_Selction_sort.py [1ms]
2023-10-25 15:23:50.030 [info] > git cat-file -s a794f93dc72c23d406dff9c9c544b21a8258e5eb [3ms]
2023-10-25 15:23:50.047 [info] > git show --textconv :Telusko _Python_course/#71_Selction_sort.py [3ms]
2023-10-25 15:24:00.978 [info] > git show --textconv :Telusko _Python_course/#69_binary_search.py [9ms]
2023-10-25 15:24:00.979 [info] > git ls-files --stage -- /home/shri123/learning/quant_apt/Telusko _Python_course/#69_binary_search.py [2ms]
2023-10-25 15:24:00.987 [info] > git cat-file -s d1e56379c994bd82be6d22f5a60e650dd52729a2 [1ms]
