2023-10-20 10:15:17.984 [info] Experiment 'pythonaacf' is active
2023-10-20 10:15:17.985 [info] Experiment 'pythonPromptNewFormatterExt' is active
2023-10-20 10:15:17.985 [info] Experiment 'pythonPromptNewToolsExt' is active
2023-10-20 10:15:17.985 [info] Experiment 'pythonTestAdapter' is active
2023-10-20 10:15:17.990 [info] Test server listening.
2023-10-20 10:15:18.586 [info] > conda info --json
2023-10-20 10:15:18.938 [info] > /bin/python3 -I ~/.vscode-server/extensions/ms-python.python-2023.18.0/pythonFiles/get_output_via_markers.py ~/.vscode-server/extensions/ms-python.python-2023.18.0/pythonFiles/interpreterInfo.py
2023-10-20 10:15:19.110 [info] Python interpreter path: /bin/python3
2023-10-20 10:15:20.819 [info] Starting Pylance language server.
2023-10-20 10:26:17.822 [info] Discover tests for workspace name: learning - uri: /home/shri123/learning/quant_apt/Telusko _Python_course/#62_Generators.py
2023-10-20 10:26:32.185 [info] Send text to terminal: /bin/python3 "/home/shri123/learning/quant_apt/Telusko _Python_course/#62_Generators.py"
2023-10-20 10:27:01.817 [info] Discover tests for workspace name: learning - uri: /home/shri123/learning/quant_apt/Telusko _Python_course/#62_Generators.py
2023-10-20 10:27:21.450 [info] Discover tests for workspace name: learning - uri: /home/shri123/learning/quant_apt/Telusko _Python_course/#62_Generators.py
2023-10-20 10:27:25.225 [info] Discover tests for workspace name: learning - uri: /home/shri123/learning/quant_apt/Telusko _Python_course/#62_Generators.py
2023-10-20 10:29:03.496 [info] Discover tests for workspace name: learning - uri: /home/shri123/learning/quant_apt/Telusko _Python_course/#62_Generators.py
2023-10-20 10:33:35.206 [info] Discover tests for workspace name: learning - uri: /home/shri123/learning/quant_apt/Telusko _Python_course/#62_Generators.py
2023-10-20 10:33:43.828 [info] Discover tests for workspace name: learning - uri: /home/shri123/learning/quant_apt/Telusko _Python_course/#62_Generators.py
2023-10-20 10:34:20.922 [info] Discover tests for workspace name: learning - uri: /home/shri123/learning/quant_apt/Telusko _Python_course/#62_Generators.py
2023-10-20 10:34:21.612 [info] Discover tests for workspace name: learning - uri: /home/shri123/learning/quant_apt/Telusko _Python_course/#62_Generators.py
2023-10-20 10:34:25.024 [info] Send text to terminal: /bin/python3 "/home/shri123/learning/quant_apt/Telusko _Python_course/#62_Generators.py"
2023-10-20 10:35:12.008 [info] Discover tests for workspace name: learning - uri: /home/shri123/learning/quant_apt/Telusko _Python_course/#62_Generators.py
2023-10-20 10:35:33.008 [info] Discover tests for workspace name: learning - uri: /home/shri123/learning/quant_apt/Telusko _Python_course/#62_Generators.py
2023-10-20 10:35:59.971 [info] Discover tests for workspace name: learning - uri: /home/shri123/learning/quant_apt/Telusko _Python_course/#62_Generators.py
2023-10-20 10:37:11.538 [info] Discover tests for workspace name: learning - uri: /home/shri123/learning/quant_apt/Telusko _Python_course/#62_Generators.py
2023-10-20 10:37:33.719 [info] Discover tests for workspace name: learning - uri: /home/shri123/learning/quant_apt/Telusko _Python_course/#62_Generators.py
2023-10-20 11:06:22.572 [info] Send text to terminal: /bin/python3 /home/shri123/learning/quant_apt/Quant_APT/Chapter_1_numbers/Test_Of_Divisibility.py
2023-10-20 11:20:59.331 [info] Send text to terminal: /bin/python3 "/home/shri123/learning/Study/Resulution _of _Fourses.py"
2023-10-20 11:21:03.952 [info] Send text to terminal: /bin/python3 "/home/shri123/learning/Study/Resulution _of _Fourses.py"
2023-10-20 11:22:06.571 [info] Discover tests for workspace name: learning - uri: /home/shri123/learning/Study/Resulution _of _Fourses.py
2023-10-20 11:22:08.438 [info] Discover tests for workspace name: learning - uri: /home/shri123/learning/Study/Resulution _of _Fourses.py
