2023-10-23 12:24:28.160 [info] Log level: Info
2023-10-23 12:24:28.160 [info] Validating found git in: "git"
2023-10-23 12:24:28.160 [info] Using git "2.25.1" from "git"
2023-10-23 12:24:28.160 [info] > git rev-parse --show-toplevel [57ms]
2023-10-23 12:24:28.216 [info] > git rev-parse --git-dir --git-common-dir [98ms]
2023-10-23 12:24:28.230 [info] Open repository: /home/shri123/learning
2023-10-23 12:24:28.312 [info] > git config --get commit.template [65ms]
2023-10-23 12:24:28.404 [info] > git rev-parse --show-toplevel [137ms]
2023-10-23 12:24:28.470 [info] > git for-each-ref --format=%(refname)%00%(upstream:short)%00%(objectname)%00%(upstream:track)%00%(upstream:remotename)%00%(upstream:remoteref) refs/heads/master refs/remotes/master [49ms]
2023-10-23 12:24:28.508 [info] > git rev-parse --git-dir --git-common-dir [41ms]
2023-10-23 12:24:28.511 [info] Open repository: /home/shri123/learning/quant_apt
2023-10-23 12:24:28.551 [info] > git status -z -uall [67ms]
2023-10-23 12:24:28.582 [info] > git rev-parse --show-toplevel [43ms]
2023-10-23 12:24:28.583 [info] > git config --get commit.template [59ms]
2023-10-23 12:24:28.629 [info] > git config --get commit.template [48ms]
2023-10-23 12:24:28.655 [info] > git rev-parse --show-toplevel [39ms]
2023-10-23 12:24:28.668 [info] No remotes found in the git config file.
2023-10-23 12:24:28.732 [info] > git rev-parse --show-toplevel [52ms]
2023-10-23 12:24:28.757 [info] > git for-each-ref --format=%(refname)%00%(upstream:short)%00%(objectname)%00%(upstream:track)%00%(upstream:remotename)%00%(upstream:remoteref) refs/heads/master refs/remotes/master [90ms]
2023-10-23 12:24:28.781 [info] > git show --textconv :Telusko _Python_course/#69_binary_search.py [35ms]
2023-10-23 12:24:28.781 [info] > git status -z -uall [11ms]
2023-10-23 12:24:28.784 [info] > git ls-files --stage -- /home/shri123/learning/quant_apt/Telusko _Python_course/#69_binary_search.py [26ms]
2023-10-23 12:24:28.796 [info] > git for-each-ref --format=%(refname)%00%(upstream:short)%00%(objectname)%00%(upstream:track)%00%(upstream:remotename)%00%(upstream:remoteref) refs/heads/master refs/remotes/master [66ms]
2023-10-23 12:24:28.825 [info] > git status -z -uall [18ms]
2023-10-23 12:24:28.828 [info] > git cat-file -s d1e56379c994bd82be6d22f5a60e650dd52729a2 [34ms]
2023-10-23 12:24:28.976 [info] > git config --get commit.template [129ms]
2023-10-23 12:24:28.989 [info] No remotes found in the git config file.
2023-10-23 12:24:29.026 [info] > git for-each-ref --format=%(refname)%00%(upstream:short)%00%(objectname)%00%(upstream:track)%00%(upstream:remotename)%00%(upstream:remoteref) refs/heads/master refs/remotes/master [27ms]
2023-10-23 12:24:29.049 [info] > git status -z -uall [14ms]
2023-10-23 12:24:29.727 [info] > git check-ignore -v -z --stdin [35ms]
2023-10-23 12:24:29.728 [info] > git check-ignore -v -z --stdin [27ms]
2023-10-23 12:25:01.153 [info] > git config --get commit.template [16ms]
2023-10-23 12:25:01.165 [info] > git ls-files --stage -- /home/shri123/learning/quant_apt/Telusko _Python_course/#69_binary_search.py [11ms]
2023-10-23 12:25:01.175 [info] > git for-each-ref --format=%(refname)%00%(upstream:short)%00%(objectname)%00%(upstream:track)%00%(upstream:remotename)%00%(upstream:remoteref) refs/heads/master refs/remotes/master [13ms]
2023-10-23 12:25:01.191 [info] > git cat-file -s d1e56379c994bd82be6d22f5a60e650dd52729a2 [17ms]
2023-10-23 12:25:01.192 [info] > git status -z -uall [2ms]
2023-10-23 12:25:01.257 [info] > git show --textconv :Telusko _Python_course/#69_binary_search.py [4ms]
2023-10-23 12:25:01.505 [info] > git show --textconv :Github_password.txt [6ms]
2023-10-23 12:25:01.507 [info] > git ls-files --stage -- /home/shri123/learning/Github_password.txt [2ms]
2023-10-23 12:25:01.512 [info] > git cat-file -s 5f0b743a7883cce78302b343ef07ae6289815a71 [1ms]
2023-10-23 12:25:02.979 [info] > git show --textconv :Github_password.txt.pub [8ms]
2023-10-23 12:25:02.980 [info] > git ls-files --stage -- /home/shri123/learning/Github_password.txt.pub [1ms]
2023-10-23 12:25:02.992 [info] > git cat-file -s b79f10c952da3c38da0c611881e75e3ec628b39a [1ms]
2023-10-23 12:25:08.254 [info] > git show --textconv :Github_password.txt [5ms]
2023-10-23 12:25:08.255 [info] > git ls-files --stage -- /home/shri123/learning/Github_password.txt [1ms]
2023-10-23 12:25:08.261 [info] > git cat-file -s 5f0b743a7883cce78302b343ef07ae6289815a71 [1ms]
2023-10-23 12:25:12.649 [info] > git show --textconv :Github_password.txt.pub [7ms]
2023-10-23 12:25:12.649 [info] > git ls-files --stage -- /home/shri123/learning/Github_password.txt.pub [1ms]
2023-10-23 12:25:12.658 [info] > git cat-file -s b79f10c952da3c38da0c611881e75e3ec628b39a [1ms]
2023-10-23 12:26:24.097 [info] > git config --get commit.template [10ms]
2023-10-23 12:26:24.098 [info] > git ls-files --stage -- /home/shri123/learning/Github_password.txt.pub [3ms]
2023-10-23 12:26:24.120 [info] > git for-each-ref --format=%(refname)%00%(upstream:short)%00%(objectname)%00%(upstream:track)%00%(upstream:remotename)%00%(upstream:remoteref) refs/heads/master refs/remotes/master [2ms]
2023-10-23 12:26:24.128 [info] > git cat-file -s b79f10c952da3c38da0c611881e75e3ec628b39a [17ms]
2023-10-23 12:26:24.129 [info] > git status -z -uall [2ms]
2023-10-23 12:26:24.142 [info] > git show --textconv :Github_password.txt.pub [1ms]
2023-10-23 12:26:46.034 [info] > git show --textconv :Telusko _Python_course/#69_binary_search.py [7ms]
2023-10-23 12:26:46.035 [info] > git ls-files --stage -- /home/shri123/learning/quant_apt/Telusko _Python_course/#69_binary_search.py [3ms]
2023-10-23 12:26:46.045 [info] > git cat-file -s d1e56379c994bd82be6d22f5a60e650dd52729a2 [4ms]
2023-10-23 12:26:48.656 [info] > git check-ignore -v -z --stdin [2ms]
2023-10-23 12:26:50.533 [info] > git check-ignore -v -z --stdin [2ms]
2023-10-23 12:26:51.538 [info] > git check-ignore -v -z --stdin [1ms]
2023-10-23 12:26:54.627 [info] > git check-ignore -v -z --stdin [7ms]
2023-10-23 12:26:54.628 [info] > git check-ignore -v -z --stdin [2ms]
2023-10-23 12:26:58.413 [info] > git config --get commit.template [6ms]
2023-10-23 12:26:58.413 [info] > git config --get commit.template [1ms]
2023-10-23 12:26:58.419 [info] No remotes found in the git config file.
2023-10-23 12:26:58.425 [info] > git for-each-ref --format=%(refname)%00%(upstream:short)%00%(objectname)%00%(upstream:track)%00%(upstream:remotename)%00%(upstream:remoteref) refs/heads/master refs/remotes/master [6ms]
2023-10-23 12:26:58.431 [info] > git for-each-ref --format=%(refname)%00%(upstream:short)%00%(objectname)%00%(upstream:track)%00%(upstream:remotename)%00%(upstream:remoteref) refs/heads/master refs/remotes/master [7ms]
2023-10-23 12:26:58.438 [info] > git status -z -uall [7ms]
2023-10-23 12:26:58.445 [info] > git status -z -uall [7ms]
2023-10-23 12:28:09.302 [info] > git show --textconv HEAD:Telusko _Python_course/#69_binary_search.py [5ms]
2023-10-23 12:28:09.303 [info] > git ls-tree -l HEAD -- /home/shri123/learning/quant_apt/Telusko _Python_course/#69_binary_search.py [1ms]
2023-10-23 12:28:13.283 [info] > git config --get commit.template [2ms]
2023-10-23 12:28:13.283 [info] > git config --get commit.template [8ms]
2023-10-23 12:28:13.292 [info] No remotes found in the git config file.
2023-10-23 12:28:13.293 [info] > git for-each-ref --format=%(refname)%00%(upstream:short)%00%(objectname)%00%(upstream:track)%00%(upstream:remotename)%00%(upstream:remoteref) refs/heads/master refs/remotes/master [5ms]
2023-10-23 12:28:13.301 [info] > git for-each-ref --format=%(refname)%00%(upstream:short)%00%(objectname)%00%(upstream:track)%00%(upstream:remotename)%00%(upstream:remoteref) refs/heads/master refs/remotes/master [9ms]
2023-10-23 12:28:13.306 [info] > git status -z -uall [6ms]
2023-10-23 12:28:13.308 [info] > git status -z -uall [3ms]
