2023-10-21 11:02:31.639 [info] Log level: Info
2023-10-21 11:02:31.639 [info] Validating found git in: "git"
2023-10-21 11:02:31.639 [info] Using git "2.25.1" from "git"
2023-10-21 11:02:31.760 [info] > git rev-parse --show-toplevel [110ms]
2023-10-21 11:02:31.784 [info] > git rev-parse --git-dir --git-common-dir [3ms]
2023-10-21 11:02:31.822 [info] Open repository: /home/shri123/learning
2023-10-21 11:02:31.896 [info] > git rev-parse --show-toplevel [16ms]
2023-10-21 11:02:31.898 [info] > git config --get commit.template [35ms]
2023-10-21 11:02:31.931 [info] > git for-each-ref --format=%(refname)%00%(upstream:short)%00%(objectname)%00%(upstream:track)%00%(upstream:remotename)%00%(upstream:remoteref) refs/heads/master refs/remotes/master [10ms]
2023-10-21 11:02:31.946 [info] > git rev-parse --show-toplevel [19ms]
2023-10-21 11:02:31.962 [info] > git status -z -uall [18ms]
2023-10-21 11:02:31.962 [info] > git rev-parse --show-toplevel [3ms]
2023-10-21 11:02:32.031 [info] > git rev-parse --show-toplevel [24ms]
2023-10-21 11:02:32.049 [info] > git config --get commit.template [20ms]
2023-10-21 11:02:32.063 [info] > git for-each-ref --format=%(refname)%00%(upstream:short)%00%(objectname)%00%(upstream:track)%00%(upstream:remotename)%00%(upstream:remoteref) refs/heads/master refs/remotes/master [2ms]
2023-10-21 11:02:33.216 [info] > git status -z -uall [1144ms]
2023-10-21 11:02:33.548 [info] > git check-ignore -v -z --stdin [210ms]
2023-10-21 11:06:16.326 [info] > git check-ignore -v -z --stdin [7ms]
2023-10-21 11:06:19.984 [info] > git show --textconv :quant_apt/Telusko _Python_course/#62_Generators.py [42ms]
2023-10-21 11:06:19.985 [info] > git ls-files --stage -- /home/shri123/learning/quant_apt/Telusko _Python_course/#62_Generators.py [11ms]
2023-10-21 11:06:46.401 [info] > git show --textconv :quant_apt/Telusko _Python_course/#64_MuliThreading.py [9ms]
2023-10-21 11:06:46.402 [info] > git ls-files --stage -- /home/shri123/learning/quant_apt/Telusko _Python_course/#64_MuliThreading.py [2ms]
2023-10-21 11:06:46.650 [info] > git check-ignore -v -z --stdin [1ms]
2023-10-21 11:06:47.290 [info] > git config --get commit.template [3ms]
2023-10-21 11:06:47.315 [info] > git for-each-ref --format=%(refname)%00%(upstream:short)%00%(objectname)%00%(upstream:track)%00%(upstream:remotename)%00%(upstream:remoteref) refs/heads/master refs/remotes/master [15ms]
2023-10-21 11:06:47.337 [info] > git status -z -uall [8ms]
2023-10-21 11:10:46.271 [info] > git config --get commit.template [1ms]
2023-10-21 11:10:46.279 [info] > git for-each-ref --format=%(refname)%00%(upstream:short)%00%(objectname)%00%(upstream:track)%00%(upstream:remotename)%00%(upstream:remoteref) refs/heads/master refs/remotes/master [2ms]
2023-10-21 11:10:46.288 [info] > git status -z -uall [2ms]
2023-10-21 11:11:31.041 [info] > git config --get commit.template [1ms]
2023-10-21 11:11:31.048 [info] > git for-each-ref --format=%(refname)%00%(upstream:short)%00%(objectname)%00%(upstream:track)%00%(upstream:remotename)%00%(upstream:remoteref) refs/heads/master refs/remotes/master [1ms]
2023-10-21 11:11:31.054 [info] > git status -z -uall [1ms]
2023-10-21 11:40:42.243 [info] > git config --get commit.template [24ms]
2023-10-21 11:40:42.295 [info] > git for-each-ref --format=%(refname)%00%(upstream:short)%00%(objectname)%00%(upstream:track)%00%(upstream:remotename)%00%(upstream:remoteref) refs/heads/master refs/remotes/master [15ms]
2023-10-21 11:40:42.331 [info] > git status -z -uall [20ms]
2023-10-21 11:42:45.962 [info] > git config --get commit.template [11ms]
2023-10-21 11:42:45.963 [info] > git for-each-ref --format=%(refname)%00%(upstream:short)%00%(objectname)%00%(upstream:track)%00%(upstream:remotename)%00%(upstream:remoteref) refs/heads/master refs/remotes/master [2ms]
2023-10-21 11:42:45.982 [info] > git status -z -uall [3ms]
2023-10-21 11:43:16.019 [info] > git config --get commit.template [1ms]
2023-10-21 11:43:16.025 [info] > git for-each-ref --format=%(refname)%00%(upstream:short)%00%(objectname)%00%(upstream:track)%00%(upstream:remotename)%00%(upstream:remoteref) refs/heads/master refs/remotes/master [0ms]
2023-10-21 11:43:16.035 [info] > git status -z -uall [2ms]
2023-10-21 11:43:33.895 [info] > git config --get commit.template [8ms]
2023-10-21 11:43:33.896 [info] > git for-each-ref --format=%(refname)%00%(upstream:short)%00%(objectname)%00%(upstream:track)%00%(upstream:remotename)%00%(upstream:remoteref) refs/heads/master refs/remotes/master [3ms]
2023-10-21 11:43:33.903 [info] > git status -z -uall [1ms]
2023-10-21 11:43:54.145 [info] > git config --get commit.template [1ms]
2023-10-21 11:43:54.151 [info] > git for-each-ref --format=%(refname)%00%(upstream:short)%00%(objectname)%00%(upstream:track)%00%(upstream:remotename)%00%(upstream:remoteref) refs/heads/master refs/remotes/master [1ms]
2023-10-21 11:43:54.162 [info] > git status -z -uall [2ms]
2023-10-21 11:44:56.875 [info] > git config --get commit.template [6ms]
2023-10-21 11:44:56.876 [info] > git for-each-ref --format=%(refname)%00%(upstream:short)%00%(objectname)%00%(upstream:track)%00%(upstream:remotename)%00%(upstream:remoteref) refs/heads/master refs/remotes/master [1ms]
2023-10-21 11:44:56.884 [info] > git status -z -uall [1ms]
2023-10-21 11:45:10.553 [info] > git config --get commit.template [1ms]
2023-10-21 11:45:10.562 [info] > git for-each-ref --format=%(refname)%00%(upstream:short)%00%(objectname)%00%(upstream:track)%00%(upstream:remotename)%00%(upstream:remoteref) refs/heads/master refs/remotes/master [2ms]
2023-10-21 11:45:10.570 [info] > git status -z -uall [2ms]
2023-10-21 12:17:25.448 [info] > git check-ignore -v -z --stdin [17ms]
2023-10-21 12:17:26.980 [info] > git show --textconv :quant_apt/Quant_APT/Chapter_1_numbers/Types_of_numbers.py [12ms]
2023-10-21 12:17:26.984 [info] > git ls-files --stage -- /home/shri123/learning/quant_apt/Quant_APT/Chapter_1_numbers/Types_of_numbers.py [4ms]
2023-10-21 12:17:28.908 [info] > git show --textconv :quant_apt/Quant_APT/Chapter_1_numbers/Test_Of_Divisibility.py [82ms]
2023-10-21 12:17:28.908 [info] > git ls-files --stage -- /home/shri123/learning/quant_apt/Quant_APT/Chapter_1_numbers/Test_Of_Divisibility.py [69ms]
2023-10-21 12:18:39.011 [info] > git config --get commit.template [8ms]
2023-10-21 12:18:39.014 [info] > git for-each-ref --format=%(refname)%00%(upstream:short)%00%(objectname)%00%(upstream:track)%00%(upstream:remotename)%00%(upstream:remoteref) refs/heads/master refs/remotes/master [4ms]
2023-10-21 12:18:39.030 [info] > git status -z -uall [5ms]
2023-10-21 12:50:24.960 [info] > git check-ignore -v -z --stdin [6ms]
2023-10-21 14:06:05.787 [info] > git check-ignore -v -z --stdin [3ms]
2023-10-21 14:06:16.208 [info] > git check-ignore -v -z --stdin [1ms]
2023-10-21 14:06:33.422 [info] > git check-ignore -v -z --stdin [1ms]
2023-10-21 14:08:13.568 [info] > git check-ignore -v -z --stdin [1ms]
2023-10-21 14:09:56.501 [info] > git config --get commit.template [22ms]
2023-10-21 14:09:56.542 [info] > git ls-files --stage -- /home/shri123/learning/quant_apt/Quant_APT/Chapter_1_numbers/Test_Of_Divisibility.py [58ms]
2023-10-21 14:09:56.550 [info] > git for-each-ref --format=%(refname)%00%(upstream:short)%00%(objectname)%00%(upstream:track)%00%(upstream:remotename)%00%(upstream:remoteref) refs/heads/master refs/remotes/master [12ms]
2023-10-21 14:09:56.563 [info] > git cat-file -s 858d5936cde119af4877328075d0cf606e038da6 [15ms]
2023-10-21 14:09:56.573 [info] > git status -z -uall [11ms]
2023-10-21 14:09:56.627 [info] > git show --textconv :quant_apt/Quant_APT/Chapter_1_numbers/Test_Of_Divisibility.py [8ms]
2023-10-21 14:12:48.297 [info] > git check-ignore -v -z --stdin [0ms]
2023-10-21 14:12:55.215 [info] > git config --get commit.template [2ms]
2023-10-21 14:12:55.227 [info] > git for-each-ref --format=%(refname)%00%(upstream:short)%00%(objectname)%00%(upstream:track)%00%(upstream:remotename)%00%(upstream:remoteref) refs/heads/master refs/remotes/master [3ms]
2023-10-21 14:12:55.239 [info] > git status -z -uall [3ms]
2023-10-21 14:12:56.419 [info] > git check-ignore -v -z --stdin [1ms]
2023-10-21 14:12:57.871 [info] > git show --textconv :Github_password.txt.pub [8ms]
2023-10-21 14:12:57.873 [info] > git ls-files --stage -- /home/shri123/learning/Github_password.txt.pub [3ms]
2023-10-21 14:13:00.257 [info] > git config --get commit.template [2ms]
2023-10-21 14:13:00.297 [info] > git show --textconv :Github_password.txt [13ms]
2023-10-21 14:13:00.298 [info] > git for-each-ref --format=%(refname)%00%(upstream:short)%00%(objectname)%00%(upstream:track)%00%(upstream:remotename)%00%(upstream:remoteref) refs/heads/master refs/remotes/master [26ms]
2023-10-21 14:13:00.311 [info] > git ls-files --stage -- /home/shri123/learning/Github_password.txt [15ms]
2023-10-21 14:13:00.312 [info] > git status -z -uall [3ms]
2023-10-21 14:13:17.005 [info] > git show --textconv :quant_apt/Quant_APT/Chapter_1_numbers/Test_Of_Divisibility.py [16ms]
2023-10-21 14:13:17.006 [info] > git ls-files --stage -- /home/shri123/learning/quant_apt/Quant_APT/Chapter_1_numbers/Test_Of_Divisibility.py [8ms]
2023-10-21 14:13:17.016 [info] > git cat-file -s 858d5936cde119af4877328075d0cf606e038da6 [1ms]
2023-10-21 14:13:23.721 [info] > git check-ignore -v -z --stdin [1ms]
2023-10-21 14:13:27.719 [info] > git check-ignore -v -z --stdin [1ms]
2023-10-21 14:13:31.232 [info] > git check-ignore -v -z --stdin [1ms]
