2023-10-14 09:59:38.273 [info] Log level: Info
2023-10-14 09:59:38.273 [info] Validating found git in: "git"
2023-10-14 09:59:38.273 [info] Using git "2.25.1" from "git"
2023-10-14 09:59:38.273 [info] > git rev-parse --show-toplevel [114ms]
2023-10-14 09:59:38.282 [info] > git rev-parse --git-dir --git-common-dir [92ms]
2023-10-14 09:59:38.299 [info] Open repository: /home/shri123/learning
2023-10-14 09:59:38.370 [info] > git config --get commit.template [50ms]
2023-10-14 09:59:38.411 [info] > git rev-parse --show-toplevel [71ms]
2023-10-14 09:59:38.501 [info] > git rev-parse --show-toplevel [35ms]
2023-10-14 09:59:38.506 [info] > git for-each-ref --format=%(refname)%00%(upstream:short)%00%(objectname)%00%(upstream:track)%00%(upstream:remotename)%00%(upstream:remoteref) refs/heads/master refs/remotes/master [81ms]
2023-10-14 09:59:38.632 [info] > git status -z -uall [114ms]
2023-10-14 09:59:38.633 [info] > git rev-parse --show-toplevel [97ms]
2023-10-14 09:59:38.697 [info] > git rev-parse --show-toplevel [23ms]
2023-10-14 09:59:38.708 [info] > git config --get commit.template [17ms]
2023-10-14 09:59:38.871 [info] > git check-ignore -v -z --stdin [2ms]
2023-10-14 09:59:38.905 [info] > git for-each-ref --format=%(refname)%00%(upstream:short)%00%(objectname)%00%(upstream:track)%00%(upstream:remotename)%00%(upstream:remoteref) refs/heads/master refs/remotes/master [4ms]
2023-10-14 09:59:38.937 [info] > git status -z -uall [20ms]
2023-10-14 09:59:39.134 [info] > git show --textconv :quant_apt/Quant_APT/Chapter_1_numbers/Prime_number.py [36ms]
2023-10-14 09:59:39.135 [info] > git ls-files --stage -- /home/shri123/learning/quant_apt/Quant_APT/Chapter_1_numbers/Prime_number.py [26ms]
2023-10-14 10:41:52.477 [info] > git check-ignore -v -z --stdin [40ms]
2023-10-14 10:41:53.680 [info] > git show --textconv :quant_apt/Telusko _Python_course/#53_Types_of_methods.py [9ms]
2023-10-14 10:41:53.687 [info] > git ls-files --stage -- /home/shri123/learning/quant_apt/Telusko _Python_course/#53_Types_of_methods.py [6ms]
2023-10-14 10:41:55.024 [info] > git show --textconv :quant_apt/Telusko _Python_course/#54_Inner_class.py [8ms]
2023-10-14 10:41:55.025 [info] > git ls-files --stage -- /home/shri123/learning/quant_apt/Telusko _Python_course/#54_Inner_class.py [3ms]
2023-10-14 10:42:22.605 [info] > git show --textconv :quant_apt/Telusko _Python_course/#55_Inheritance.py [17ms]
2023-10-14 10:42:22.608 [info] > git ls-files --stage -- /home/shri123/learning/quant_apt/Telusko _Python_course/#55_Inheritance.py [5ms]
2023-10-14 10:42:22.845 [info] > git check-ignore -v -z --stdin [0ms]
2023-10-14 10:42:23.469 [info] > git config --get commit.template [3ms]
2023-10-14 10:42:23.496 [info] > git for-each-ref --format=%(refname)%00%(upstream:short)%00%(objectname)%00%(upstream:track)%00%(upstream:remotename)%00%(upstream:remoteref) refs/heads/master refs/remotes/master [13ms]
2023-10-14 10:42:23.537 [info] > git status -z -uall [13ms]
2023-10-14 10:46:50.681 [info] > git config --get commit.template [11ms]
2023-10-14 10:46:50.682 [info] > git for-each-ref --format=%(refname)%00%(upstream:short)%00%(objectname)%00%(upstream:track)%00%(upstream:remotename)%00%(upstream:remoteref) refs/heads/master refs/remotes/master [2ms]
2023-10-14 10:46:50.709 [info] > git status -z -uall [2ms]
2023-10-14 10:47:28.801 [info] > git config --get commit.template [1ms]
2023-10-14 10:47:28.813 [info] > git for-each-ref --format=%(refname)%00%(upstream:short)%00%(objectname)%00%(upstream:track)%00%(upstream:remotename)%00%(upstream:remoteref) refs/heads/master refs/remotes/master [1ms]
2023-10-14 10:47:28.824 [info] > git status -z -uall [2ms]
2023-10-14 10:48:00.893 [info] > git show --textconv :quant_apt/Quant_APT/Chapter_1_numbers/Prime_number.py [8ms]
2023-10-14 10:48:00.895 [info] > git ls-files --stage -- /home/shri123/learning/quant_apt/Quant_APT/Chapter_1_numbers/Prime_number.py [2ms]
2023-10-14 10:48:07.688 [info] > git show --textconv :quant_apt/Telusko _Python_course/#55_Inheritance.py [12ms]
2023-10-14 10:48:07.689 [info] > git ls-files --stage -- /home/shri123/learning/quant_apt/Telusko _Python_course/#55_Inheritance.py [2ms]
2023-10-14 10:50:29.428 [info] > git config --get commit.template [2ms]
2023-10-14 10:50:29.438 [info] > git for-each-ref --format=%(refname)%00%(upstream:short)%00%(objectname)%00%(upstream:track)%00%(upstream:remotename)%00%(upstream:remoteref) refs/heads/master refs/remotes/master [1ms]
2023-10-14 10:50:29.448 [info] > git status -z -uall [2ms]
2023-10-14 10:51:05.147 [info] > git show --textconv :quant_apt/Telusko _Python_course/#56_Constructors_in_Inheritance.py [9ms]
2023-10-14 10:51:05.148 [info] > git ls-files --stage -- /home/shri123/learning/quant_apt/Telusko _Python_course/#56_Constructors_in_Inheritance.py [2ms]
2023-10-14 10:51:05.392 [info] > git check-ignore -v -z --stdin [1ms]
2023-10-14 10:51:05.983 [info] > git config --get commit.template [2ms]
2023-10-14 10:51:05.993 [info] > git for-each-ref --format=%(refname)%00%(upstream:short)%00%(objectname)%00%(upstream:track)%00%(upstream:remotename)%00%(upstream:remoteref) refs/heads/master refs/remotes/master [1ms]
2023-10-14 10:51:06.004 [info] > git status -z -uall [2ms]
2023-10-14 10:53:29.960 [info] > git config --get commit.template [11ms]
2023-10-14 10:53:29.961 [info] > git for-each-ref --format=%(refname)%00%(upstream:short)%00%(objectname)%00%(upstream:track)%00%(upstream:remotename)%00%(upstream:remoteref) refs/heads/master refs/remotes/master [3ms]
2023-10-14 10:53:29.973 [info] > git status -z -uall [4ms]
2023-10-14 10:55:09.637 [info] > git config --get commit.template [8ms]
2023-10-14 10:55:09.637 [info] > git for-each-ref --format=%(refname)%00%(upstream:short)%00%(objectname)%00%(upstream:track)%00%(upstream:remotename)%00%(upstream:remoteref) refs/heads/master refs/remotes/master [2ms]
2023-10-14 10:55:09.651 [info] > git status -z -uall [5ms]
2023-10-14 10:56:41.535 [info] > git config --get commit.template [9ms]
2023-10-14 10:56:41.536 [info] > git for-each-ref --format=%(refname)%00%(upstream:short)%00%(objectname)%00%(upstream:track)%00%(upstream:remotename)%00%(upstream:remoteref) refs/heads/master refs/remotes/master [2ms]
2023-10-14 10:56:41.550 [info] > git status -z -uall [2ms]
2023-10-14 10:58:35.551 [info] > git config --get commit.template [10ms]
2023-10-14 10:58:35.552 [info] > git for-each-ref --format=%(refname)%00%(upstream:short)%00%(objectname)%00%(upstream:track)%00%(upstream:remotename)%00%(upstream:remoteref) refs/heads/master refs/remotes/master [2ms]
2023-10-14 10:58:35.563 [info] > git status -z -uall [4ms]
2023-10-14 11:00:08.561 [info] > git config --get commit.template [12ms]
2023-10-14 11:00:08.562 [info] > git for-each-ref --format=%(refname)%00%(upstream:short)%00%(objectname)%00%(upstream:track)%00%(upstream:remotename)%00%(upstream:remoteref) refs/heads/master refs/remotes/master [2ms]
2023-10-14 11:00:08.575 [info] > git status -z -uall [2ms]
2023-10-14 11:00:19.247 [info] > git config --get commit.template [1ms]
2023-10-14 11:00:19.260 [info] > git for-each-ref --format=%(refname)%00%(upstream:short)%00%(objectname)%00%(upstream:track)%00%(upstream:remotename)%00%(upstream:remoteref) refs/heads/master refs/remotes/master [3ms]
2023-10-14 11:00:19.274 [info] > git status -z -uall [3ms]
2023-10-14 11:00:58.475 [info] > git config --get commit.template [1ms]
2023-10-14 11:00:58.484 [info] > git for-each-ref --format=%(refname)%00%(upstream:short)%00%(objectname)%00%(upstream:track)%00%(upstream:remotename)%00%(upstream:remoteref) refs/heads/master refs/remotes/master [1ms]
2023-10-14 11:00:58.497 [info] > git status -z -uall [2ms]
2023-10-14 11:02:59.300 [info] > git config --get commit.template [10ms]
2023-10-14 11:02:59.301 [info] > git for-each-ref --format=%(refname)%00%(upstream:short)%00%(objectname)%00%(upstream:track)%00%(upstream:remotename)%00%(upstream:remoteref) refs/heads/master refs/remotes/master [2ms]
2023-10-14 11:02:59.312 [info] > git status -z -uall [2ms]
2023-10-14 11:03:23.397 [info] > git config --get commit.template [15ms]
2023-10-14 11:03:23.399 [info] > git for-each-ref --format=%(refname)%00%(upstream:short)%00%(objectname)%00%(upstream:track)%00%(upstream:remotename)%00%(upstream:remoteref) refs/heads/master refs/remotes/master [2ms]
2023-10-14 11:03:23.413 [info] > git status -z -uall [2ms]
2023-10-14 11:03:52.361 [info] > git config --get commit.template [11ms]
2023-10-14 11:03:52.361 [info] > git for-each-ref --format=%(refname)%00%(upstream:short)%00%(objectname)%00%(upstream:track)%00%(upstream:remotename)%00%(upstream:remoteref) refs/heads/master refs/remotes/master [1ms]
2023-10-14 11:03:52.375 [info] > git status -z -uall [3ms]
2023-10-14 11:08:21.197 [info] > git show --textconv :quant_apt/Telusko _Python_course/#55_Inheritance.py [13ms]
2023-10-14 11:08:21.202 [info] > git ls-files --stage -- /home/shri123/learning/quant_apt/Telusko _Python_course/#55_Inheritance.py [8ms]
2023-10-14 11:08:28.067 [info] > git show --textconv :quant_apt/Quant_APT/Chapter_1_numbers/Prime_number.py [8ms]
2023-10-14 11:08:28.070 [info] > git ls-files --stage -- /home/shri123/learning/quant_apt/Quant_APT/Chapter_1_numbers/Prime_number.py [4ms]
2023-10-14 11:18:38.333 [info] > git show --textconv :quant_apt/Telusko _Python_course/#54_Inner_class.py [49ms]
2023-10-14 11:18:38.337 [info] > git ls-files --stage -- /home/shri123/learning/quant_apt/Telusko _Python_course/#54_Inner_class.py [24ms]
2023-10-14 11:18:40.350 [info] > git show --textconv :quant_apt/Telusko _Python_course/#55_Inheritance.py [9ms]
2023-10-14 11:18:40.351 [info] > git ls-files --stage -- /home/shri123/learning/quant_apt/Telusko _Python_course/#55_Inheritance.py [3ms]
2023-10-14 11:18:42.686 [info] > git show --textconv :quant_apt/Telusko _Python_course/#56_Constructors_in_Inheritance.py [8ms]
2023-10-14 11:18:42.687 [info] > git ls-files --stage -- /home/shri123/learning/quant_apt/Telusko _Python_course/#56_Constructors_in_Inheritance.py [2ms]
2023-10-14 11:19:18.938 [info] > git show --textconv :quant_apt/Quant_APT/Chapter_1_numbers/Prime_number.py [10ms]
2023-10-14 11:19:18.939 [info] > git ls-files --stage -- /home/shri123/learning/quant_apt/Quant_APT/Chapter_1_numbers/Prime_number.py [2ms]
2023-10-14 11:21:38.383 [info] > git show --textconv :quant_apt/Quant_APT/Chapter_1_numbers/Divisible_by_2 [10ms]
2023-10-14 11:21:38.383 [info] > git ls-files --stage -- /home/shri123/learning/quant_apt/Quant_APT/Chapter_1_numbers/Divisible_by_2 [1ms]
2023-10-14 11:21:38.626 [info] > git check-ignore -v -z --stdin [5ms]
2023-10-14 11:21:39.228 [info] > git config --get commit.template [10ms]
2023-10-14 11:21:39.235 [info] > git for-each-ref --format=%(refname)%00%(upstream:short)%00%(objectname)%00%(upstream:track)%00%(upstream:remotename)%00%(upstream:remoteref) refs/heads/master refs/remotes/master [8ms]
2023-10-14 11:21:39.253 [info] > git status -z -uall [10ms]
2023-10-14 11:21:46.508 [info] > git show --textconv :quant_apt/Quant_APT/Chapter_1_numbers/Divisible_by_2.py [11ms]
2023-10-14 11:21:46.508 [info] > git ls-files --stage -- /home/shri123/learning/quant_apt/Quant_APT/Chapter_1_numbers/Divisible_by_2.py [4ms]
2023-10-14 11:21:46.759 [info] > git check-ignore -v -z --stdin [1ms]
2023-10-14 11:21:47.375 [info] > git config --get commit.template [17ms]
2023-10-14 11:21:47.376 [info] > git for-each-ref --format=%(refname)%00%(upstream:short)%00%(objectname)%00%(upstream:track)%00%(upstream:remotename)%00%(upstream:remoteref) refs/heads/master refs/remotes/master [4ms]
2023-10-14 11:21:47.393 [info] > git status -z -uall [3ms]
2023-10-14 11:22:02.583 [info] > git check-ignore -v -z --stdin [1ms]
2023-10-14 11:22:04.555 [info] > git check-ignore -v -z --stdin [1ms]
2023-10-14 11:22:05.604 [info] > git show --textconv :quant_apt/Archive/chapter_1_numbers/quant_code_Divisible by 2.py [9ms]
2023-10-14 11:22:05.605 [info] > git ls-files --stage -- /home/shri123/learning/quant_apt/Archive/chapter_1_numbers/quant_code_Divisible by 2.py [3ms]
2023-10-14 11:22:44.537 [info] > git show --textconv :quant_apt/Quant_APT/Chapter_1_numbers/Divisible_by_2.py [11ms]
2023-10-14 11:22:44.539 [info] > git ls-files --stage -- /home/shri123/learning/quant_apt/Quant_APT/Chapter_1_numbers/Divisible_by_2.py [3ms]
2023-10-14 11:25:18.623 [info] > git config --get commit.template [2ms]
2023-10-14 11:25:18.636 [info] > git for-each-ref --format=%(refname)%00%(upstream:short)%00%(objectname)%00%(upstream:track)%00%(upstream:remotename)%00%(upstream:remoteref) refs/heads/master refs/remotes/master [1ms]
2023-10-14 11:25:18.652 [info] > git status -z -uall [3ms]
2023-10-14 11:26:27.567 [info] > git show --textconv :quant_apt/Telusko _Python_course/#23_Printting_patterns_in_python.py [8ms]
2023-10-14 11:26:27.569 [info] > git ls-files --stage -- /home/shri123/learning/quant_apt/Telusko _Python_course/#23_Printting_patterns_in_python.py [3ms]
2023-10-14 11:26:36.234 [info] > git show --textconv :quant_apt/Telusko _Python_course/#34_types_of_arguments.py [13ms]
2023-10-14 11:26:36.235 [info] > git ls-files --stage -- /home/shri123/learning/quant_apt/Telusko _Python_course/#34_types_of_arguments.py [2ms]
2023-10-14 11:26:37.911 [info] > git show --textconv :quant_apt/Telusko _Python_course/#35_Multiple_keyword_variables.py [10ms]
2023-10-14 11:26:37.913 [info] > git ls-files --stage -- /home/shri123/learning/quant_apt/Telusko _Python_course/#35_Multiple_keyword_variables.py [3ms]
2023-10-14 11:26:39.361 [info] > git show --textconv :quant_apt/Telusko _Python_course/#38_Fibonacci_numbers.py [9ms]
2023-10-14 11:26:39.362 [info] > git ls-files --stage -- /home/shri123/learning/quant_apt/Telusko _Python_course/#38_Fibonacci_numbers.py [4ms]
2023-10-14 11:26:41.468 [info] > git show --textconv :quant_apt/Telusko _Python_course/#36_Global_and_local_variables.py [10ms]
2023-10-14 11:26:41.470 [info] > git ls-files --stage -- /home/shri123/learning/quant_apt/Telusko _Python_course/#36_Global_and_local_variables.py [2ms]
2023-10-14 11:26:43.097 [info] > git show --textconv :quant_apt/Telusko _Python_course/#37_Pass_List_to_a_Function.py [10ms]
2023-10-14 11:26:43.099 [info] > git ls-files --stage -- /home/shri123/learning/quant_apt/Telusko _Python_course/#37_Pass_List_to_a_Function.py [2ms]
2023-10-14 11:26:44.378 [info] > git show --textconv :quant_apt/Telusko _Python_course/#38_Fibonacci_numbers.py [11ms]
2023-10-14 11:26:44.381 [info] > git ls-files --stage -- /home/shri123/learning/quant_apt/Telusko _Python_course/#38_Fibonacci_numbers.py [4ms]
2023-10-14 11:26:46.292 [info] > git show --textconv :quant_apt/Telusko _Python_course/#41_Factorial_Using_recurtion.py [11ms]
2023-10-14 11:26:46.293 [info] > git ls-files --stage -- /home/shri123/learning/quant_apt/Telusko _Python_course/#41_Factorial_Using_recurtion.py [2ms]
2023-10-14 11:26:48.358 [info] > git show --textconv :quant_apt/Telusko _Python_course/#43_Lamda-Filter,map,reduse.py [11ms]
2023-10-14 11:26:48.362 [info] > git ls-files --stage -- /home/shri123/learning/quant_apt/Telusko _Python_course/#43_Lamda-Filter,map,reduse.py [5ms]
2023-10-14 11:26:49.172 [info] > git show --textconv :quant_apt/Telusko _Python_course/#42_Anonomous_funtions_OR_Lambda.py [9ms]
2023-10-14 11:26:49.173 [info] > git ls-files --stage -- /home/shri123/learning/quant_apt/Telusko _Python_course/#42_Anonomous_funtions_OR_Lambda.py [2ms]
2023-10-14 11:26:52.927 [info] > git check-ignore -v -z --stdin [2ms]
2023-10-14 11:26:57.046 [info] > git show --textconv :quant_apt/Quant_APT/Chapter_1_numbers/Divisible_by_2.py [13ms]
2023-10-14 11:26:57.048 [info] > git ls-files --stage -- /home/shri123/learning/quant_apt/Quant_APT/Chapter_1_numbers/Divisible_by_2.py [3ms]
2023-10-14 11:27:45.964 [info] > git show --textconv :quant_apt/Telusko _Python_course/#22_Break_and_Continue_Part_2.py [9ms]
2023-10-14 11:27:45.966 [info] > git ls-files --stage -- /home/shri123/learning/quant_apt/Telusko _Python_course/#22_Break_and_Continue_Part_2.py [2ms]
2023-10-14 11:28:42.713 [info] > git show --textconv :quant_apt/Quant_APT/Chapter_1_numbers/Divisible_by_2.py [11ms]
2023-10-14 11:28:42.714 [info] > git ls-files --stage -- /home/shri123/learning/quant_apt/Quant_APT/Chapter_1_numbers/Divisible_by_2.py [2ms]
2023-10-14 11:29:11.093 [info] > git config --get commit.template [1ms]
2023-10-14 11:29:11.104 [info] > git for-each-ref --format=%(refname)%00%(upstream:short)%00%(objectname)%00%(upstream:track)%00%(upstream:remotename)%00%(upstream:remoteref) refs/heads/master refs/remotes/master [1ms]
2023-10-14 11:29:11.117 [info] > git status -z -uall [2ms]
2023-10-14 11:34:05.174 [info] > git config --get commit.template [1ms]
2023-10-14 11:34:05.185 [info] > git for-each-ref --format=%(refname)%00%(upstream:short)%00%(objectname)%00%(upstream:track)%00%(upstream:remotename)%00%(upstream:remoteref) refs/heads/master refs/remotes/master [1ms]
2023-10-14 11:34:05.195 [info] > git status -z -uall [3ms]
2023-10-14 11:40:12.264 [info] > git config --get commit.template [1ms]
2023-10-14 11:40:12.275 [info] > git for-each-ref --format=%(refname)%00%(upstream:short)%00%(objectname)%00%(upstream:track)%00%(upstream:remotename)%00%(upstream:remoteref) refs/heads/master refs/remotes/master [2ms]
2023-10-14 11:40:12.290 [info] > git status -z -uall [3ms]
2023-10-14 11:41:39.773 [info] > git config --get commit.template [11ms]
2023-10-14 11:41:39.774 [info] > git for-each-ref --format=%(refname)%00%(upstream:short)%00%(objectname)%00%(upstream:track)%00%(upstream:remotename)%00%(upstream:remoteref) refs/heads/master refs/remotes/master [2ms]
2023-10-14 11:41:39.788 [info] > git status -z -uall [2ms]
2023-10-14 11:42:46.994 [info] > git config --get commit.template [13ms]
2023-10-14 11:42:46.995 [info] > git for-each-ref --format=%(refname)%00%(upstream:short)%00%(objectname)%00%(upstream:track)%00%(upstream:remotename)%00%(upstream:remoteref) refs/heads/master refs/remotes/master [2ms]
2023-10-14 11:42:47.006 [info] > git status -z -uall [2ms]
2023-10-14 11:43:11.068 [info] > git config --get commit.template [11ms]
2023-10-14 11:43:11.068 [info] > git for-each-ref --format=%(refname)%00%(upstream:short)%00%(objectname)%00%(upstream:track)%00%(upstream:remotename)%00%(upstream:remoteref) refs/heads/master refs/remotes/master [2ms]
2023-10-14 11:43:11.079 [info] > git status -z -uall [2ms]
2023-10-14 11:44:06.850 [info] > git config --get commit.template [2ms]
2023-10-14 11:44:06.859 [info] > git for-each-ref --format=%(refname)%00%(upstream:short)%00%(objectname)%00%(upstream:track)%00%(upstream:remotename)%00%(upstream:remoteref) refs/heads/master refs/remotes/master [1ms]
2023-10-14 11:44:06.869 [info] > git status -z -uall [1ms]
2023-10-14 11:44:11.897 [info] > git config --get commit.template [9ms]
2023-10-14 11:44:11.897 [info] > git for-each-ref --format=%(refname)%00%(upstream:short)%00%(objectname)%00%(upstream:track)%00%(upstream:remotename)%00%(upstream:remoteref) refs/heads/master refs/remotes/master [2ms]
2023-10-14 11:44:11.909 [info] > git status -z -uall [3ms]
2023-10-14 11:46:10.347 [info] > git config --get commit.template [1ms]
2023-10-14 11:46:10.362 [info] > git for-each-ref --format=%(refname)%00%(upstream:short)%00%(objectname)%00%(upstream:track)%00%(upstream:remotename)%00%(upstream:remoteref) refs/heads/master refs/remotes/master [1ms]
2023-10-14 11:46:10.383 [info] > git status -z -uall [4ms]
2023-10-14 11:47:13.171 [info] > git config --get commit.template [3ms]
2023-10-14 11:47:13.182 [info] > git for-each-ref --format=%(refname)%00%(upstream:short)%00%(objectname)%00%(upstream:track)%00%(upstream:remotename)%00%(upstream:remoteref) refs/heads/master refs/remotes/master [1ms]
2023-10-14 11:47:13.192 [info] > git status -z -uall [2ms]
2023-10-14 11:47:27.294 [info] > git config --get commit.template [2ms]
2023-10-14 11:47:27.303 [info] > git for-each-ref --format=%(refname)%00%(upstream:short)%00%(objectname)%00%(upstream:track)%00%(upstream:remotename)%00%(upstream:remoteref) refs/heads/master refs/remotes/master [1ms]
2023-10-14 11:47:27.316 [info] > git status -z -uall [2ms]
2023-10-14 11:48:36.968 [info] > git config --get commit.template [1ms]
2023-10-14 11:48:36.976 [info] > git for-each-ref --format=%(refname)%00%(upstream:short)%00%(objectname)%00%(upstream:track)%00%(upstream:remotename)%00%(upstream:remoteref) refs/heads/master refs/remotes/master [1ms]
2023-10-14 11:48:36.986 [info] > git status -z -uall [2ms]
2023-10-14 11:51:12.535 [info] > git config --get commit.template [1ms]
2023-10-14 11:51:12.544 [info] > git for-each-ref --format=%(refname)%00%(upstream:short)%00%(objectname)%00%(upstream:track)%00%(upstream:remotename)%00%(upstream:remoteref) refs/heads/master refs/remotes/master [1ms]
2023-10-14 11:51:12.553 [info] > git status -z -uall [2ms]
2023-10-14 12:10:35.401 [info] > git show --textconv :quant_apt/Archive/chapter_1_numbers/quant_code_Divisible by 8.py [23ms]
2023-10-14 12:10:35.405 [info] > git ls-files --stage -- /home/shri123/learning/quant_apt/Archive/chapter_1_numbers/quant_code_Divisible by 8.py [7ms]
2023-10-14 12:11:30.594 [info] > git show --textconv :quant_apt/Quant_APT/Chapter_1_numbers/Divisible_by_2.py [16ms]
2023-10-14 12:11:30.596 [info] > git ls-files --stage -- /home/shri123/learning/quant_apt/Quant_APT/Chapter_1_numbers/Divisible_by_2.py [6ms]
2023-10-14 12:12:36.294 [info] > git config --get commit.template [11ms]
2023-10-14 12:12:36.299 [info] > git for-each-ref --format=%(refname)%00%(upstream:short)%00%(objectname)%00%(upstream:track)%00%(upstream:remotename)%00%(upstream:remoteref) refs/heads/master refs/remotes/master [5ms]
2023-10-14 12:12:36.319 [info] > git status -z -uall [7ms]
2023-10-14 13:28:16.727 [info] > git config --get commit.template [18ms]
2023-10-14 13:28:16.735 [info] > git for-each-ref --format=%(refname)%00%(upstream:short)%00%(objectname)%00%(upstream:track)%00%(upstream:remotename)%00%(upstream:remoteref) refs/heads/master refs/remotes/master [11ms]
2023-10-14 13:28:16.774 [info] > git status -z -uall [16ms]
2023-10-14 13:32:07.534 [info] > git config --get commit.template [16ms]
2023-10-14 13:32:07.534 [info] > git for-each-ref --format=%(refname)%00%(upstream:short)%00%(objectname)%00%(upstream:track)%00%(upstream:remotename)%00%(upstream:remoteref) refs/heads/master refs/remotes/master [2ms]
2023-10-14 13:32:07.555 [info] > git status -z -uall [5ms]
2023-10-14 13:35:30.013 [info] > git config --get commit.template [19ms]
2023-10-14 13:35:30.015 [info] > git for-each-ref --format=%(refname)%00%(upstream:short)%00%(objectname)%00%(upstream:track)%00%(upstream:remotename)%00%(upstream:remoteref) refs/heads/master refs/remotes/master [6ms]
2023-10-14 13:35:30.036 [info] > git status -z -uall [3ms]
2023-10-14 13:37:39.895 [info] > git config --get commit.template [19ms]
2023-10-14 13:37:39.899 [info] > git for-each-ref --format=%(refname)%00%(upstream:short)%00%(objectname)%00%(upstream:track)%00%(upstream:remotename)%00%(upstream:remoteref) refs/heads/master refs/remotes/master [6ms]
2023-10-14 13:37:39.922 [info] > git status -z -uall [6ms]
2023-10-14 13:38:08.065 [info] > git config --get commit.template [15ms]
2023-10-14 13:38:08.065 [info] > git for-each-ref --format=%(refname)%00%(upstream:short)%00%(objectname)%00%(upstream:track)%00%(upstream:remotename)%00%(upstream:remoteref) refs/heads/master refs/remotes/master [3ms]
2023-10-14 13:38:08.087 [info] > git status -z -uall [4ms]
2023-10-14 13:46:42.824 [info] > git config --get commit.template [14ms]
2023-10-14 13:46:42.828 [info] > git for-each-ref --format=%(refname)%00%(upstream:short)%00%(objectname)%00%(upstream:track)%00%(upstream:remotename)%00%(upstream:remoteref) refs/heads/master refs/remotes/master [5ms]
2023-10-14 13:46:42.854 [info] > git status -z -uall [4ms]
2023-10-14 13:47:52.361 [info] > git config --get commit.template [12ms]
2023-10-14 13:47:52.361 [info] > git for-each-ref --format=%(refname)%00%(upstream:short)%00%(objectname)%00%(upstream:track)%00%(upstream:remotename)%00%(upstream:remoteref) refs/heads/master refs/remotes/master [2ms]
2023-10-14 13:47:52.375 [info] > git status -z -uall [2ms]
2023-10-14 13:49:29.312 [info] > git config --get commit.template [12ms]
2023-10-14 13:49:29.313 [info] > git for-each-ref --format=%(refname)%00%(upstream:short)%00%(objectname)%00%(upstream:track)%00%(upstream:remotename)%00%(upstream:remoteref) refs/heads/master refs/remotes/master [2ms]
2023-10-14 13:49:29.328 [info] > git status -z -uall [3ms]
2023-10-14 13:51:02.474 [info] > git config --get commit.template [11ms]
2023-10-14 13:51:02.476 [info] > git for-each-ref --format=%(refname)%00%(upstream:short)%00%(objectname)%00%(upstream:track)%00%(upstream:remotename)%00%(upstream:remoteref) refs/heads/master refs/remotes/master [3ms]
2023-10-14 13:51:02.488 [info] > git status -z -uall [3ms]
2023-10-14 13:51:56.061 [info] > git config --get commit.template [12ms]
2023-10-14 13:51:56.062 [info] > git for-each-ref --format=%(refname)%00%(upstream:short)%00%(objectname)%00%(upstream:track)%00%(upstream:remotename)%00%(upstream:remoteref) refs/heads/master refs/remotes/master [1ms]
2023-10-14 13:51:56.088 [info] > git status -z -uall [3ms]
2023-10-14 13:53:03.026 [info] > git config --get commit.template [10ms]
2023-10-14 13:53:03.027 [info] > git for-each-ref --format=%(refname)%00%(upstream:short)%00%(objectname)%00%(upstream:track)%00%(upstream:remotename)%00%(upstream:remoteref) refs/heads/master refs/remotes/master [2ms]
2023-10-14 13:53:03.037 [info] > git status -z -uall [2ms]
2023-10-14 13:53:09.575 [info] > git config --get commit.template [1ms]
2023-10-14 13:53:09.589 [info] > git for-each-ref --format=%(refname)%00%(upstream:short)%00%(objectname)%00%(upstream:track)%00%(upstream:remotename)%00%(upstream:remoteref) refs/heads/master refs/remotes/master [2ms]
2023-10-14 13:53:09.605 [info] > git status -z -uall [3ms]
2023-10-14 13:54:16.646 [info] > git config --get commit.template [17ms]
2023-10-14 13:54:16.647 [info] > git for-each-ref --format=%(refname)%00%(upstream:short)%00%(objectname)%00%(upstream:track)%00%(upstream:remotename)%00%(upstream:remoteref) refs/heads/master refs/remotes/master [2ms]
2023-10-14 13:54:16.664 [info] > git status -z -uall [2ms]
2023-10-14 13:55:24.645 [info] > git config --get commit.template [22ms]
2023-10-14 13:55:24.646 [info] > git for-each-ref --format=%(refname)%00%(upstream:short)%00%(objectname)%00%(upstream:track)%00%(upstream:remotename)%00%(upstream:remoteref) refs/heads/master refs/remotes/master [2ms]
2023-10-14 13:55:24.687 [info] > git status -z -uall [12ms]
