2023-10-21 11:06:20.448 [info] Experiment 'pythonaacf' is active
2023-10-21 11:06:20.448 [info] Experiment 'pythonPromptNewFormatterExt' is active
2023-10-21 11:06:20.448 [info] Experiment 'pythonPromptNewToolsExt' is active
2023-10-21 11:06:20.448 [info] Experiment 'pythonTestAdapter' is active
2023-10-21 11:06:20.448 [info] Test server listening.
2023-10-21 11:06:20.661 [info] > conda info --json
2023-10-21 11:06:20.721 [info] > /bin/python3 -I ~/.vscode-server/extensions/ms-python.python-2023.18.0/pythonFiles/get_output_via_markers.py ~/.vscode-server/extensions/ms-python.python-2023.18.0/pythonFiles/interpreterInfo.py
2023-10-21 11:06:20.841 [info] Python interpreter path: /bin/python3
2023-10-21 11:06:22.716 [info] Starting Pylance language server.
2023-10-21 11:07:31.359 [info] > /bin/python3 ~/.vscode-server/extensions/ms-python.python-2023.18.0/pythonFiles/normalizeSelection.py
2023-10-21 11:07:31.523 [info] Send text to terminal: /bin/python3
2023-10-21 11:07:32.390 [info] Send text to terminal: class Hello :


2023-10-21 11:10:45.498 [info] Discover tests for workspace name: learning - uri: /home/shri123/learning/quant_apt/Telusko _Python_course/#64_MuliThreading.py
2023-10-21 11:10:56.257 [info] Send text to terminal: /bin/python3 "/home/shri123/learning/quant_apt/Telusko _Python_course/#64_MuliThreading.py"
2023-10-21 11:11:30.188 [info] Discover tests for workspace name: learning - uri: /home/shri123/learning/quant_apt/Telusko _Python_course/#64_MuliThreading.py
2023-10-21 11:40:28.840 [info] Discover tests for workspace name: learning - uri: /home/shri123/learning/quant_apt/Telusko _Python_course/#64_MuliThreading.py
2023-10-21 11:42:45.133 [info] Discover tests for workspace name: learning - uri: /home/shri123/learning/quant_apt/Telusko _Python_course/#64_MuliThreading.py
2023-10-21 11:43:15.163 [info] Discover tests for workspace name: learning - uri: /home/shri123/learning/quant_apt/Telusko _Python_course/#64_MuliThreading.py
2023-10-21 11:43:33.065 [info] Discover tests for workspace name: learning - uri: /home/shri123/learning/quant_apt/Telusko _Python_course/#64_MuliThreading.py
2023-10-21 11:43:53.282 [info] Discover tests for workspace name: learning - uri: /home/shri123/learning/quant_apt/Telusko _Python_course/#64_MuliThreading.py
2023-10-21 11:44:56.015 [info] Discover tests for workspace name: learning - uri: /home/shri123/learning/quant_apt/Telusko _Python_course/#64_MuliThreading.py
2023-10-21 11:45:09.694 [info] Discover tests for workspace name: learning - uri: /home/shri123/learning/quant_apt/Telusko _Python_course/#64_MuliThreading.py
2023-10-21 12:18:38.159 [info] Discover tests for workspace name: learning - uri: /home/shri123/learning/quant_apt/Quant_APT/Chapter_1_numbers/Test_Of_Divisibility.py
