2023-10-20 10:15:18.388 [info] Log level: Info
2023-10-20 10:15:18.388 [info] Validating found git in: "git"
2023-10-20 10:15:18.388 [info] Using git "2.25.1" from "git"
2023-10-20 10:15:18.388 [info] > git rev-parse --show-toplevel [96ms]
2023-10-20 10:15:18.388 [info] > git rev-parse --git-dir --git-common-dir [26ms]
2023-10-20 10:15:18.388 [info] Open repository: /home/shri123/learning
2023-10-20 10:15:18.463 [info] > git rev-parse --show-toplevel [45ms]
2023-10-20 10:15:18.464 [info] > git config --get commit.template [63ms]
2023-10-20 10:15:18.512 [info] > git rev-parse --show-toplevel [38ms]
2023-10-20 10:15:18.601 [info] > git for-each-ref --format=%(refname)%00%(upstream:short)%00%(objectname)%00%(upstream:track)%00%(upstream:remotename)%00%(upstream:remoteref) refs/heads/master refs/remotes/master [116ms]
2023-10-20 10:15:18.622 [info] > git rev-parse --show-toplevel [22ms]
2023-10-20 10:15:18.641 [info] > git status -z -uall [30ms]
2023-10-20 10:15:18.681 [info] > git rev-parse --show-toplevel [47ms]
2023-10-20 10:15:18.683 [info] > git config --get commit.template [7ms]
2023-10-20 10:15:18.859 [info] > git rev-parse --show-toplevel [49ms]
2023-10-20 10:15:18.892 [info] > git for-each-ref --format=%(refname)%00%(upstream:short)%00%(objectname)%00%(upstream:track)%00%(upstream:remotename)%00%(upstream:remoteref) refs/heads/master refs/remotes/master [19ms]
2023-10-20 10:15:18.908 [info] > git status -z -uall [8ms]
2023-10-20 10:15:19.098 [info] > git check-ignore -v -z --stdin [54ms]
2023-10-20 10:15:19.736 [info] > git show --textconv :quant_apt/Quant_APT/Chapter_1_numbers/Test_Of_Divisibility.py [25ms]
2023-10-20 10:15:19.736 [info] > git ls-files --stage -- /home/shri123/learning/quant_apt/Quant_APT/Chapter_1_numbers/Test_Of_Divisibility.py [18ms]
2023-10-20 10:15:33.954 [info] > git check-ignore -v -z --stdin [1ms]
2023-10-20 10:15:39.760 [info] > git check-ignore -v -z --stdin [1ms]
2023-10-20 10:15:41.413 [info] > git show --textconv :quant_apt/Telusko _Python_course/#61_Iterators.py [9ms]
2023-10-20 10:15:41.413 [info] > git ls-files --stage -- /home/shri123/learning/quant_apt/Telusko _Python_course/#61_Iterators.py [1ms]
2023-10-20 10:22:49.100 [info] > git show --textconv :quant_apt/Telusko _Python_course/#62_Generators.py [9ms]
2023-10-20 10:22:49.101 [info] > git ls-files --stage -- /home/shri123/learning/quant_apt/Telusko _Python_course/#62_Generators.py [2ms]
2023-10-20 10:22:49.360 [info] > git check-ignore -v -z --stdin [1ms]
2023-10-20 10:22:49.967 [info] > git config --get commit.template [1ms]
2023-10-20 10:22:49.977 [info] > git for-each-ref --format=%(refname)%00%(upstream:short)%00%(objectname)%00%(upstream:track)%00%(upstream:remotename)%00%(upstream:remoteref) refs/heads/master refs/remotes/master [2ms]
2023-10-20 10:22:49.987 [info] > git status -z -uall [2ms]
2023-10-20 10:26:18.679 [info] > git config --get commit.template [1ms]
2023-10-20 10:26:18.687 [info] > git for-each-ref --format=%(refname)%00%(upstream:short)%00%(objectname)%00%(upstream:track)%00%(upstream:remotename)%00%(upstream:remoteref) refs/heads/master refs/remotes/master [1ms]
2023-10-20 10:26:18.698 [info] > git status -z -uall [3ms]
2023-10-20 10:27:02.634 [info] > git config --get commit.template [1ms]
2023-10-20 10:27:02.640 [info] > git for-each-ref --format=%(refname)%00%(upstream:short)%00%(objectname)%00%(upstream:track)%00%(upstream:remotename)%00%(upstream:remoteref) refs/heads/master refs/remotes/master [1ms]
2023-10-20 10:27:02.648 [info] > git status -z -uall [1ms]
2023-10-20 10:27:22.226 [info] > git config --get commit.template [1ms]
2023-10-20 10:27:22.235 [info] > git for-each-ref --format=%(refname)%00%(upstream:short)%00%(objectname)%00%(upstream:track)%00%(upstream:remotename)%00%(upstream:remoteref) refs/heads/master refs/remotes/master [1ms]
2023-10-20 10:27:22.243 [info] > git status -z -uall [1ms]
2023-10-20 10:27:27.260 [info] > git config --get commit.template [1ms]
2023-10-20 10:27:27.265 [info] > git for-each-ref --format=%(refname)%00%(upstream:short)%00%(objectname)%00%(upstream:track)%00%(upstream:remotename)%00%(upstream:remoteref) refs/heads/master refs/remotes/master [1ms]
2023-10-20 10:27:27.273 [info] > git status -z -uall [1ms]
2023-10-20 10:29:04.356 [info] > git config --get commit.template [1ms]
2023-10-20 10:29:04.361 [info] > git for-each-ref --format=%(refname)%00%(upstream:short)%00%(objectname)%00%(upstream:track)%00%(upstream:remotename)%00%(upstream:remoteref) refs/heads/master refs/remotes/master [1ms]
2023-10-20 10:29:04.371 [info] > git status -z -uall [2ms]
2023-10-20 10:33:36.087 [info] > git config --get commit.template [18ms]
2023-10-20 10:33:36.089 [info] > git for-each-ref --format=%(refname)%00%(upstream:short)%00%(objectname)%00%(upstream:track)%00%(upstream:remotename)%00%(upstream:remoteref) refs/heads/master refs/remotes/master [4ms]
2023-10-20 10:33:36.114 [info] > git status -z -uall [7ms]
2023-10-20 10:33:44.638 [info] > git config --get commit.template [1ms]
2023-10-20 10:33:44.645 [info] > git for-each-ref --format=%(refname)%00%(upstream:short)%00%(objectname)%00%(upstream:track)%00%(upstream:remotename)%00%(upstream:remoteref) refs/heads/master refs/remotes/master [1ms]
2023-10-20 10:33:44.653 [info] > git status -z -uall [1ms]
2023-10-20 10:34:07.946 [info] > git show --textconv :quant_apt/Telusko _Python_course/#61_Iterators.py [12ms]
2023-10-20 10:34:07.947 [info] > git ls-files --stage -- /home/shri123/learning/quant_apt/Telusko _Python_course/#61_Iterators.py [2ms]
2023-10-20 10:34:13.434 [info] > git show --textconv :quant_apt/Telusko _Python_course/#62_Generators.py [6ms]
2023-10-20 10:34:13.434 [info] > git ls-files --stage -- /home/shri123/learning/quant_apt/Telusko _Python_course/#62_Generators.py [1ms]
2023-10-20 10:34:22.468 [info] > git config --get commit.template [0ms]
2023-10-20 10:34:22.475 [info] > git for-each-ref --format=%(refname)%00%(upstream:short)%00%(objectname)%00%(upstream:track)%00%(upstream:remotename)%00%(upstream:remoteref) refs/heads/master refs/remotes/master [1ms]
2023-10-20 10:34:22.490 [info] > git status -z -uall [2ms]
2023-10-20 10:35:12.824 [info] > git config --get commit.template [1ms]
2023-10-20 10:35:12.834 [info] > git for-each-ref --format=%(refname)%00%(upstream:short)%00%(objectname)%00%(upstream:track)%00%(upstream:remotename)%00%(upstream:remoteref) refs/heads/master refs/remotes/master [1ms]
2023-10-20 10:35:12.847 [info] > git status -z -uall [2ms]
2023-10-20 10:35:33.824 [info] > git config --get commit.template [1ms]
2023-10-20 10:35:33.831 [info] > git for-each-ref --format=%(refname)%00%(upstream:short)%00%(objectname)%00%(upstream:track)%00%(upstream:remotename)%00%(upstream:remoteref) refs/heads/master refs/remotes/master [1ms]
2023-10-20 10:35:33.839 [info] > git status -z -uall [2ms]
2023-10-20 10:36:00.787 [info] > git config --get commit.template [1ms]
2023-10-20 10:36:00.797 [info] > git for-each-ref --format=%(refname)%00%(upstream:short)%00%(objectname)%00%(upstream:track)%00%(upstream:remotename)%00%(upstream:remoteref) refs/heads/master refs/remotes/master [2ms]
2023-10-20 10:36:00.804 [info] > git status -z -uall [2ms]
2023-10-20 10:37:12.354 [info] > git config --get commit.template [1ms]
2023-10-20 10:37:12.361 [info] > git for-each-ref --format=%(refname)%00%(upstream:short)%00%(objectname)%00%(upstream:track)%00%(upstream:remotename)%00%(upstream:remoteref) refs/heads/master refs/remotes/master [1ms]
2023-10-20 10:37:12.376 [info] > git status -z -uall [2ms]
2023-10-20 10:37:34.581 [info] > git config --get commit.template [0ms]
2023-10-20 10:37:34.588 [info] > git for-each-ref --format=%(refname)%00%(upstream:short)%00%(objectname)%00%(upstream:track)%00%(upstream:remotename)%00%(upstream:remoteref) refs/heads/master refs/remotes/master [1ms]
2023-10-20 10:37:34.598 [info] > git status -z -uall [1ms]
2023-10-20 10:59:37.466 [info] > git ls-files --stage -- /home/shri123/learning/quant_apt/Telusko _Python_course/#61_Iterators.py [6ms]
2023-10-20 10:59:37.469 [info] > git show --textconv :quant_apt/Telusko _Python_course/#61_Iterators.py [24ms]
2023-10-20 10:59:39.384 [info] > git show --textconv :quant_apt/Telusko _Python_course/#62_Generators.py [9ms]
2023-10-20 10:59:39.385 [info] > git ls-files --stage -- /home/shri123/learning/quant_apt/Telusko _Python_course/#62_Generators.py [2ms]
2023-10-20 10:59:40.933 [info] > git show --textconv :quant_apt/Quant_APT/Chapter_1_numbers/Test_Of_Divisibility.py [9ms]
2023-10-20 10:59:40.933 [info] > git ls-files --stage -- /home/shri123/learning/quant_apt/Quant_APT/Chapter_1_numbers/Test_Of_Divisibility.py [3ms]
2023-10-20 11:00:24.555 [info] > git show --textconv :quant_apt/Quant_APT/Chapter_1_numbers/Test_Of_Divisibility.py [5ms]
2023-10-20 11:00:24.556 [info] > git ls-files --stage -- /home/shri123/learning/quant_apt/Quant_APT/Chapter_1_numbers/Test_Of_Divisibility.py [1ms]
2023-10-20 11:18:01.158 [info] > git check-ignore -v -z --stdin [8ms]
2023-10-20 11:18:02.776 [info] > git check-ignore -v -z --stdin [1ms]
2023-10-20 11:18:06.402 [info] > git ls-files --stage -- /home/shri123/learning/Study/4th_SEM/Finding_mean_troque _for_given_shaft.py [2ms]
2023-10-20 11:18:06.417 [info] > git show --textconv :Study/4th_SEM/Finding_mean_troque _for_given_shaft.py [30ms]
2023-10-20 11:18:06.418 [info] > git cat-file -s aeb37196a55744ea4dd8a5cb3813a8cfa17aa3ad [2ms]
2023-10-20 11:18:08.109 [info] > git show --textconv :Study/4th_SEM/Finding_out_the_partial_and_total_productivity.py [6ms]
2023-10-20 11:18:08.109 [info] > git ls-files --stage -- /home/shri123/learning/Study/4th_SEM/Finding_out_the_partial_and_total_productivity.py [1ms]
2023-10-20 11:18:08.129 [info] > git cat-file -s 3b376c41483500cedbb33fcf1e6082fb7970fb3e [1ms]
2023-10-20 11:18:12.346 [info] > git check-ignore -v -z --stdin [2ms]
2023-10-20 11:18:13.938 [info] > git show --textconv :Study/4th_SEM/PDD/Design_Of_cuplings.py [5ms]
2023-10-20 11:18:13.939 [info] > git ls-files --stage -- /home/shri123/learning/Study/4th_SEM/PDD/Design_Of_cuplings.py [1ms]
2023-10-20 11:18:16.702 [info] > git show --textconv :Study/4th_SEM/PDD/Design_of_shafts_Case1.py [6ms]
2023-10-20 11:18:16.703 [info] > git ls-files --stage -- /home/shri123/learning/Study/4th_SEM/PDD/Design_of_shafts_Case1.py [2ms]
2023-10-20 11:18:16.711 [info] > git cat-file -s 3b268a8a5ef4a5e9db988022bc6a39545d560d18 [1ms]
2023-10-20 11:18:21.298 [info] > git show --textconv :Study/4th_SEM/PDD/Design_of_Shafts_Case2.py [7ms]
2023-10-20 11:18:21.299 [info] > git ls-files --stage -- /home/shri123/learning/Study/4th_SEM/PDD/Design_of_Shafts_Case2.py [2ms]
2023-10-20 11:18:21.306 [info] > git cat-file -s b42868342dba8c75c9af63d727708236d73ce6d8 [1ms]
2023-10-20 11:18:30.105 [info] > git show --textconv :Study/4th_SEM/PDD/Design_of_shafts_Case3.py [5ms]
2023-10-20 11:18:30.105 [info] > git ls-files --stage -- /home/shri123/learning/Study/4th_SEM/PDD/Design_of_shafts_Case3.py [0ms]
2023-10-20 11:18:30.112 [info] > git cat-file -s 10c9af2c34f8c459224da77876e9032e1df03107 [1ms]
2023-10-20 11:18:35.651 [info] > git show --textconv :Study/4th_SEM/PDD/Diameter_of_the_Helical_spring.py [4ms]
2023-10-20 11:18:35.652 [info] > git ls-files --stage -- /home/shri123/learning/Study/4th_SEM/PDD/Diameter_of_the_Helical_spring.py [1ms]
2023-10-20 11:18:45.048 [info] > git show --textconv :Study/4th_SEM/Finding_mean_troque _for_given_shaft.py [7ms]
2023-10-20 11:18:45.049 [info] > git ls-files --stage -- /home/shri123/learning/Study/4th_SEM/Finding_mean_troque _for_given_shaft.py [2ms]
2023-10-20 11:18:45.056 [info] > git cat-file -s aeb37196a55744ea4dd8a5cb3813a8cfa17aa3ad [1ms]
2023-10-20 11:18:52.310 [info] > git show --textconv :Study/4th_SEM/Finding_out_the_partial_and_total_productivity.py [6ms]
2023-10-20 11:18:52.310 [info] > git ls-files --stage -- /home/shri123/learning/Study/4th_SEM/Finding_out_the_partial_and_total_productivity.py [1ms]
2023-10-20 11:18:52.315 [info] > git cat-file -s 3b376c41483500cedbb33fcf1e6082fb7970fb3e [1ms]
2023-10-20 11:18:57.032 [info] > git show --textconv :Study/4th_SEM/Productivity.py [4ms]
2023-10-20 11:18:57.033 [info] > git ls-files --stage -- /home/shri123/learning/Study/4th_SEM/Productivity.py [1ms]
2023-10-20 11:18:57.041 [info] > git cat-file -s 6172a64b3a5539a95b09bfc0c579a4f9654fc5a8 [1ms]
2023-10-20 11:19:13.884 [info] > git show --textconv :Study/4th_SEM/Various_productivity_system.py [5ms]
2023-10-20 11:19:13.885 [info] > git ls-files --stage -- /home/shri123/learning/Study/4th_SEM/Various_productivity_system.py [1ms]
2023-10-20 11:19:13.891 [info] > git cat-file -s 010adddcd43827e5e0f7c288531bd7715942d997 [0ms]
2023-10-20 11:19:17.941 [info] > git show --textconv :Study/Bending_test_on_mild_steel.py [5ms]
2023-10-20 11:19:17.941 [info] > git ls-files --stage -- /home/shri123/learning/Study/Bending_test_on_mild_steel.py [0ms]
2023-10-20 11:19:17.947 [info] > git cat-file -s 876d5286bba78bfd3edab20aafcc99a0053f5f4a [1ms]
2023-10-20 11:19:24.031 [info] > git show --textconv :Study/Cd_in_Venchury_meter.py [7ms]
2023-10-20 11:19:24.033 [info] > git ls-files --stage -- /home/shri123/learning/Study/Cd_in_Venchury_meter.py [2ms]
2023-10-20 11:19:24.040 [info] > git cat-file -s 90481965a5586cae1b0c61f3a7923ebe1d45ca06 [1ms]
2023-10-20 11:19:43.451 [info] > git show --textconv :Study/compresive_test_on_Cast_iron.py [5ms]
2023-10-20 11:19:43.451 [info] > git ls-files --stage -- /home/shri123/learning/Study/compresive_test_on_Cast_iron.py [1ms]
2023-10-20 11:19:43.456 [info] > git cat-file -s 6180bf7d07778c9a0e4e149af1433a9b5a0aca44 [1ms]
2023-10-20 11:19:51.862 [info] > git show --textconv :Study/Lamie's_theorum.py [5ms]
2023-10-20 11:19:51.863 [info] > git ls-files --stage -- /home/shri123/learning/Study/Lamie's_theorum.py [1ms]
2023-10-20 11:19:51.868 [info] > git cat-file -s 97fa6cd0419e517351e4ae72421e35ae3feb1f00 [0ms]
2023-10-20 11:19:58.281 [info] > git show --textconv :Study/program_to_find_head_loss_in_V-Notch.py [6ms]
2023-10-20 11:19:58.282 [info] > git ls-files --stage -- /home/shri123/learning/Study/program_to_find_head_loss_in_V-Notch.py [1ms]
2023-10-20 11:19:58.287 [info] > git cat-file -s 98f2afd38b67b3bd5a356791b349e97094297fae [1ms]
2023-10-20 11:19:59.664 [info] > git show --textconv :Study/production_cost_for_given_work piece.py [6ms]
2023-10-20 11:19:59.664 [info] > git ls-files --stage -- /home/shri123/learning/Study/production_cost_for_given_work piece.py [1ms]
2023-10-20 11:19:59.670 [info] > git cat-file -s 42b57ded3da9a458ea67d3169eec62b7630b291a [1ms]
2023-10-20 11:20:01.596 [info] > git ls-files --stage -- /home/shri123/learning/Study/Program_to_find_out_the_yield_Stress.py [0ms]
2023-10-20 11:20:01.601 [info] > git show --textconv :Study/Program_to_find_out_the_yield_Stress.py [11ms]
2023-10-20 11:20:01.602 [info] > git cat-file -s 17f9016baa3159bc15389445b67a25673ffcc95a [1ms]
2023-10-20 11:20:06.315 [info] > git show --textconv :Study/program_to_find_V-Notch.py [5ms]
2023-10-20 11:20:06.315 [info] > git ls-files --stage -- /home/shri123/learning/Study/program_to_find_V-Notch.py [1ms]
2023-10-20 11:20:06.320 [info] > git cat-file -s cf9f8163bd394458fa0f158f79ab9495b01f236c [1ms]
2023-10-20 11:20:17.501 [info] > git show --textconv :Study/rectangular_notch.py [5ms]
2023-10-20 11:20:17.501 [info] > git ls-files --stage -- /home/shri123/learning/Study/rectangular_notch.py [1ms]
2023-10-20 11:20:17.506 [info] > git cat-file -s 144747da368a34493ccb11a6e10fdeab7b409bee [1ms]
2023-10-20 11:20:19.477 [info] > git show --textconv :Study/Resulution _of _Fourses.py [8ms]
2023-10-20 11:20:19.478 [info] > git ls-files --stage -- /home/shri123/learning/Study/Resulution _of _Fourses.py [0ms]
2023-10-20 11:20:19.484 [info] > git cat-file -s b1a13d00c9e681d676b6340d5af12ff963b91fa3 [1ms]
2023-10-20 11:20:45.736 [info] > git show --textconv :Study/shear_test_on_mild_steel.py [6ms]
2023-10-20 11:20:45.737 [info] > git ls-files --stage -- /home/shri123/learning/Study/shear_test_on_mild_steel.py [1ms]
2023-10-20 11:20:45.745 [info] > git cat-file -s a26716124874f114bf4e266ae25d61392b63d842 [2ms]
2023-10-20 11:20:50.961 [info] > git show --textconv :Study/time_required_to_cut_meterial.py [9ms]
2023-10-20 11:20:50.962 [info] > git ls-files --stage -- /home/shri123/learning/Study/time_required_to_cut_meterial.py [2ms]
2023-10-20 11:20:50.972 [info] > git cat-file -s ea07f83752127e69880f4d29ed29a6c647625376 [3ms]
2023-10-20 11:20:55.212 [info] > git show --textconv :Study/rectangular_notch.py [5ms]
2023-10-20 11:20:55.213 [info] > git ls-files --stage -- /home/shri123/learning/Study/rectangular_notch.py [1ms]
2023-10-20 11:20:55.218 [info] > git cat-file -s 144747da368a34493ccb11a6e10fdeab7b409bee [1ms]
2023-10-20 11:20:56.333 [info] > git show --textconv :Study/Resulution _of _Fourses.py [8ms]
2023-10-20 11:20:56.334 [info] > git ls-files --stage -- /home/shri123/learning/Study/Resulution _of _Fourses.py [1ms]
2023-10-20 11:20:56.340 [info] > git cat-file -s b1a13d00c9e681d676b6340d5af12ff963b91fa3 [1ms]
2023-10-20 11:22:07.434 [info] > git config --get commit.template [2ms]
2023-10-20 11:22:07.444 [info] > git for-each-ref --format=%(refname)%00%(upstream:short)%00%(objectname)%00%(upstream:track)%00%(upstream:remotename)%00%(upstream:remoteref) refs/heads/master refs/remotes/master [3ms]
2023-10-20 11:22:07.454 [info] > git status -z -uall [5ms]
2023-10-20 11:22:12.469 [info] > git config --get commit.template [1ms]
2023-10-20 11:22:12.475 [info] > git for-each-ref --format=%(refname)%00%(upstream:short)%00%(objectname)%00%(upstream:track)%00%(upstream:remotename)%00%(upstream:remoteref) refs/heads/master refs/remotes/master [1ms]
2023-10-20 11:22:12.480 [info] > git status -z -uall [1ms]
