2023-10-21 11:02:30.594 [info] Extension host with pid 151 started
2023-10-21 11:02:30.605 [error] Error: EEXIST: file already exists, open '/home/shri123/.vscode-server/data/User/workspaceStorage/d72d7b171893e88be04377fe9f342063/vscode.lock'
2023-10-21 11:02:30.626 [info] Lock '/home/shri123/.vscode-server/data/User/workspaceStorage/d72d7b171893e88be04377fe9f342063/vscode.lock': Could not acquire lock, checking if the file is stale.
2023-10-21 11:02:30.633 [info] Lock '/home/shri123/.vscode-server/data/User/workspaceStorage/d72d7b171893e88be04377fe9f342063/vscode.lock': The pid 304 appears to be gone.
2023-10-21 11:02:30.633 [info] Lock '/home/shri123/.vscode-server/data/User/workspaceStorage/d72d7b171893e88be04377fe9f342063/vscode.lock': Deleting a stale lock.
2023-10-21 11:02:30.686 [info] ExtensionService#_doActivateExtension vscode.tunnel-forwarding, startup: false, activationEvent: 'onTunnel'
2023-10-21 11:02:30.734 [info] Lock '/home/shri123/.vscode-server/data/User/workspaceStorage/d72d7b171893e88be04377fe9f342063/vscode.lock': Lock acquired.
2023-10-21 11:02:30.789 [info] ExtensionService#_doActivateExtension vscode.git-base, startup: true, activationEvent: '*', root cause: vscode.git
2023-10-21 11:02:30.916 [info] ExtensionService#_doActivateExtension vscode.git, startup: true, activationEvent: '*'
2023-10-21 11:02:30.917 [info] ExtensionService#_doActivateExtension vscode.github, startup: true, activationEvent: '*'
2023-10-21 11:02:31.540 [info] Eager extensions activated
2023-10-21 11:02:31.541 [info] ExtensionService#_doActivateExtension vscode.debug-auto-launch, startup: false, activationEvent: 'onStartupFinished'
2023-10-21 11:02:31.542 [info] ExtensionService#_doActivateExtension vscode.merge-conflict, startup: false, activationEvent: 'onStartupFinished'
2023-10-21 11:02:32.263 [info] ExtensionService#_doActivateExtension vscode.json-language-features, startup: false, activationEvent: 'onLanguage:jsonc'
2023-10-21 11:02:32.264 [info] ExtensionService#_doActivateExtension vscode.typescript-language-features, startup: false, activationEvent: 'onLanguage:jsonc'
2023-10-21 11:02:32.264 [info] ExtensionService#_doActivateExtension vscode.emmet, startup: false, activationEvent: 'onLanguage'
2023-10-21 11:06:17.964 [info] ExtensionService#_doActivateExtension ms-python.python, startup: false, activationEvent: 'onLanguage:python'
2023-10-21 11:06:17.965 [info] ExtensionService#_doActivateExtension ms-toolsai.jupyter, startup: false, activationEvent: 'onLanguage:python'
2023-10-21 11:06:19.779 [info] ExtensionService#_doActivateExtension ms-toolsai.jupyter-renderers, startup: false, activationEvent: 'api', root cause: ms-toolsai.jupyter
2023-10-21 11:06:20.035 [info] ExtensionService#_doActivateExtension ms-python.vscode-pylance, startup: false, activationEvent: 'onLanguage:python'
