2023-10-16 10:47:32.026 [info] Log level: Info
2023-10-16 10:47:32.026 [info] Validating found git in: "git"
2023-10-16 10:47:32.026 [info] Using git "2.25.1" from "git"
2023-10-16 10:47:32.026 [info] > git rev-parse --show-toplevel [72ms]
2023-10-16 10:47:32.026 [info] > git rev-parse --git-dir --git-common-dir [14ms]
2023-10-16 10:47:32.026 [info] Open repository: /home/shri123/learning
2023-10-16 10:47:32.095 [info] > git rev-parse --show-toplevel [94ms]
2023-10-16 10:47:32.098 [info] > git config --get commit.template [107ms]
2023-10-16 10:47:33.261 [info] > git rev-parse --show-toplevel [1117ms]
2023-10-16 10:47:33.366 [info] > git for-each-ref --format=%(refname)%00%(upstream:short)%00%(objectname)%00%(upstream:track)%00%(upstream:remotename)%00%(upstream:remoteref) refs/heads/master refs/remotes/master [1198ms]
2023-10-16 10:47:33.378 [info] > git check-ignore -v -z --stdin [107ms]
2023-10-16 10:47:33.380 [info] > git status -z -uall [5ms]
2023-10-16 10:47:33.380 [info] > git rev-parse --show-toplevel [20ms]
2023-10-16 10:47:33.510 [info] > git rev-parse --show-toplevel [121ms]
2023-10-16 10:47:33.587 [info] > git show --textconv :quant_apt/Quant_APT/Chapter_1_numbers/Divisible_by_2.py [67ms]
2023-10-16 10:47:33.587 [info] > git ls-files --stage -- /home/shri123/learning/quant_apt/Quant_APT/Chapter_1_numbers/Divisible_by_2.py [59ms]
2023-10-16 10:47:33.589 [info] > git config --get commit.template [175ms]
2023-10-16 10:47:33.635 [info] > git for-each-ref --format=%(refname)%00%(upstream:short)%00%(objectname)%00%(upstream:track)%00%(upstream:remotename)%00%(upstream:remoteref) refs/heads/master refs/remotes/master [25ms]
2023-10-16 10:47:33.648 [info] > git status -z -uall [3ms]
2023-10-16 10:48:24.109 [info] > git check-ignore -v -z --stdin [1ms]
2023-10-16 10:48:25.507 [info] > git check-ignore -v -z --stdin [1ms]
2023-10-16 10:48:26.852 [info] > git check-ignore -v -z --stdin [1ms]
2023-10-16 10:48:28.410 [info] > git show --textconv :quant_apt/Telusko _Python_course/#56_Constructors_in_Inheritance.py [8ms]
2023-10-16 10:48:28.410 [info] > git ls-files --stage -- /home/shri123/learning/quant_apt/Telusko _Python_course/#56_Constructors_in_Inheritance.py [1ms]
2023-10-16 10:49:09.293 [info] > git show --textconv :quant_apt/Telusko _Python_course/#58_Duck_Typing.py [14ms]
2023-10-16 10:49:09.296 [info] > git ls-files --stage -- /home/shri123/learning/quant_apt/Telusko _Python_course/#58_Duck_Typing.py [4ms]
2023-10-16 10:49:09.533 [info] > git check-ignore -v -z --stdin [1ms]
2023-10-16 10:49:10.139 [info] > git config --get commit.template [1ms]
2023-10-16 10:49:10.154 [info] > git for-each-ref --format=%(refname)%00%(upstream:short)%00%(objectname)%00%(upstream:track)%00%(upstream:remotename)%00%(upstream:remoteref) refs/heads/master refs/remotes/master [6ms]
2023-10-16 10:49:10.177 [info] > git status -z -uall [4ms]
2023-10-16 11:02:45.622 [info] > git config --get commit.template [17ms]
2023-10-16 11:02:45.623 [info] > git for-each-ref --format=%(refname)%00%(upstream:short)%00%(objectname)%00%(upstream:track)%00%(upstream:remotename)%00%(upstream:remoteref) refs/heads/master refs/remotes/master [5ms]
2023-10-16 11:02:45.649 [info] > git status -z -uall [6ms]
2023-10-16 11:04:28.940 [info] > git config --get commit.template [1ms]
2023-10-16 11:04:28.946 [info] > git for-each-ref --format=%(refname)%00%(upstream:short)%00%(objectname)%00%(upstream:track)%00%(upstream:remotename)%00%(upstream:remoteref) refs/heads/master refs/remotes/master [1ms]
2023-10-16 11:04:28.955 [info] > git status -z -uall [2ms]
2023-10-16 11:04:33.968 [info] > git config --get commit.template [0ms]
2023-10-16 11:04:33.974 [info] > git for-each-ref --format=%(refname)%00%(upstream:short)%00%(objectname)%00%(upstream:track)%00%(upstream:remotename)%00%(upstream:remoteref) refs/heads/master refs/remotes/master [1ms]
2023-10-16 11:04:33.980 [info] > git status -z -uall [1ms]
2023-10-16 11:04:43.789 [info] > git config --get commit.template [1ms]
2023-10-16 11:04:43.794 [info] > git for-each-ref --format=%(refname)%00%(upstream:short)%00%(objectname)%00%(upstream:track)%00%(upstream:remotename)%00%(upstream:remoteref) refs/heads/master refs/remotes/master [1ms]
2023-10-16 11:04:43.800 [info] > git status -z -uall [1ms]
2023-10-16 11:05:09.026 [info] > git config --get commit.template [6ms]
2023-10-16 11:05:09.027 [info] > git for-each-ref --format=%(refname)%00%(upstream:short)%00%(objectname)%00%(upstream:track)%00%(upstream:remotename)%00%(upstream:remoteref) refs/heads/master refs/remotes/master [1ms]
2023-10-16 11:05:09.046 [info] > git status -z -uall [1ms]
2023-10-16 11:05:34.780 [info] > git config --get commit.template [1ms]
2023-10-16 11:05:34.786 [info] > git for-each-ref --format=%(refname)%00%(upstream:short)%00%(objectname)%00%(upstream:track)%00%(upstream:remotename)%00%(upstream:remoteref) refs/heads/master refs/remotes/master [1ms]
2023-10-16 11:05:34.797 [info] > git status -z -uall [2ms]
2023-10-16 11:06:49.610 [info] > git config --get commit.template [5ms]
2023-10-16 11:06:49.610 [info] > git for-each-ref --format=%(refname)%00%(upstream:short)%00%(objectname)%00%(upstream:track)%00%(upstream:remotename)%00%(upstream:remoteref) refs/heads/master refs/remotes/master [1ms]
2023-10-16 11:06:49.616 [info] > git status -z -uall [1ms]
