2023-10-17 10:22:56.557 [info] Log level: Info
2023-10-17 10:22:56.558 [info] Validating found git in: "git"
2023-10-17 10:22:56.558 [info] Using git "2.25.1" from "git"
2023-10-17 10:22:56.558 [info] > git rev-parse --show-toplevel [69ms]
2023-10-17 10:22:56.561 [info] > git rev-parse --git-dir --git-common-dir [8ms]
2023-10-17 10:22:56.584 [info] Open repository: /home/shri123/learning
2023-10-17 10:22:56.714 [info] > git rev-parse --show-toplevel [25ms]
2023-10-17 10:22:56.716 [info] > git config --get commit.template [42ms]
2023-10-17 10:22:56.871 [info] > git for-each-ref --format=%(refname)%00%(upstream:short)%00%(objectname)%00%(upstream:track)%00%(upstream:remotename)%00%(upstream:remoteref) refs/heads/master refs/remotes/master [99ms]
2023-10-17 10:22:56.888 [info] > git rev-parse --show-toplevel [153ms]
2023-10-17 10:22:56.925 [info] > git status -z -uall [38ms]
2023-10-17 10:22:56.925 [info] > git rev-parse --show-toplevel [23ms]
2023-10-17 10:22:57.009 [info] > git config --get commit.template [27ms]
2023-10-17 10:22:57.009 [info] > git rev-parse --show-toplevel [43ms]
2023-10-17 10:22:57.179 [info] > git for-each-ref --format=%(refname)%00%(upstream:short)%00%(objectname)%00%(upstream:track)%00%(upstream:remotename)%00%(upstream:remoteref) refs/heads/master refs/remotes/master [11ms]
2023-10-17 10:22:57.194 [info] > git status -z -uall [4ms]
2023-10-17 10:22:57.527 [info] > git check-ignore -v -z --stdin [288ms]
2023-10-17 10:22:57.528 [info] > git show --textconv :quant_apt/Quant_APT/Chapter_1_numbers/Divisibility_by_9.py [234ms]
2023-10-17 10:22:57.528 [info] > git ls-files --stage -- /home/shri123/learning/quant_apt/Quant_APT/Chapter_1_numbers/Divisibility_by_9.py [220ms]
2023-10-17 10:23:09.689 [info] > git show --textconv :quant_apt/Quant_APT/Chapter_1_numbers/Divisible_by_2.py [11ms]
2023-10-17 10:23:09.690 [info] > git ls-files --stage -- /home/shri123/learning/quant_apt/Quant_APT/Chapter_1_numbers/Divisible_by_2.py [2ms]
2023-10-17 10:23:24.191 [info] > git check-ignore -v -z --stdin [0ms]
2023-10-17 10:23:24.803 [info] > git check-ignore -v -z --stdin [1ms]
2023-10-17 10:23:27.105 [info] > git show --textconv :quant_apt/Telusko _Python_course/#58_Duck_Typing.py [11ms]
2023-10-17 10:23:27.105 [info] > git ls-files --stage -- /home/shri123/learning/quant_apt/Telusko _Python_course/#58_Duck_Typing.py [1ms]
2023-10-17 10:24:02.421 [info] > git show --textconv :quant_apt/Telusko _Python_course/#59_Operator_Overloading.py [12ms]
2023-10-17 10:24:02.422 [info] > git ls-files --stage -- /home/shri123/learning/quant_apt/Telusko _Python_course/#59_Operator_Overloading.py [4ms]
2023-10-17 10:24:02.658 [info] > git check-ignore -v -z --stdin [1ms]
2023-10-17 10:24:03.237 [info] > git config --get commit.template [1ms]
2023-10-17 10:24:03.245 [info] > git for-each-ref --format=%(refname)%00%(upstream:short)%00%(objectname)%00%(upstream:track)%00%(upstream:remotename)%00%(upstream:remoteref) refs/heads/master refs/remotes/master [1ms]
2023-10-17 10:24:03.255 [info] > git status -z -uall [1ms]
2023-10-17 10:30:34.088 [info] > git config --get commit.template [18ms]
2023-10-17 10:30:34.089 [info] > git for-each-ref --format=%(refname)%00%(upstream:short)%00%(objectname)%00%(upstream:track)%00%(upstream:remotename)%00%(upstream:remoteref) refs/heads/master refs/remotes/master [4ms]
2023-10-17 10:30:34.100 [info] > git status -z -uall [2ms]
2023-10-17 10:30:42.823 [info] > git show --textconv :quant_apt/Telusko _Python_course/#58_Duck_Typing.py [9ms]
2023-10-17 10:30:42.824 [info] > git ls-files --stage -- /home/shri123/learning/quant_apt/Telusko _Python_course/#58_Duck_Typing.py [3ms]
