2023-10-16 14:22:13.406 [info] Experiment 'pythonaacf' is active
2023-10-16 14:22:13.406 [info] Experiment 'pythonPromptNewFormatterExt' is active
2023-10-16 14:22:13.406 [info] Experiment 'pythonPromptNewToolsExt' is active
2023-10-16 14:22:13.406 [info] Experiment 'pythonTestAdapter' is active
2023-10-16 14:22:13.406 [info] Test server listening.
2023-10-16 14:22:13.406 [info] Python interpreter path: /bin/python3
2023-10-16 14:22:14.083 [info] > conda info --json
2023-10-16 14:22:16.906 [info] Starting Pylance language server.
2023-10-16 14:22:36.090 [info] Discover tests for workspace name: quant_apt - uri: /home/shri123/learning/quant_apt/Telusko _Python_course/#58_Duck_Typing.py
2023-10-16 14:22:48.976 [info] Send text to terminal: /bin/python3 "/home/shri123/learning/quant_apt/Telusko _Python_course/#58_Duck_Typing.py"
2023-10-16 14:25:23.660 [info] Discover tests for workspace name: quant_apt - uri: /home/shri123/learning/quant_apt/Telusko _Python_course/#58_Duck_Typing.py
2023-10-16 14:25:25.583 [info] Send text to terminal: /bin/python3 "/home/shri123/learning/quant_apt/Telusko _Python_course/#58_Duck_Typing.py"
2023-10-16 14:25:46.583 [info] Discover tests for workspace name: quant_apt - uri: /home/shri123/learning/quant_apt/Telusko _Python_course/#58_Duck_Typing.py
2023-10-16 14:25:49.580 [info] Send text to terminal: /bin/python3 "/home/shri123/learning/quant_apt/Telusko _Python_course/#58_Duck_Typing.py"
2023-10-16 14:26:11.809 [info] Discover tests for workspace name: quant_apt - uri: /home/shri123/learning/quant_apt/Telusko _Python_course/#58_Duck_Typing.py
2023-10-16 14:26:13.461 [info] Send text to terminal: /bin/python3 "/home/shri123/learning/quant_apt/Telusko _Python_course/#58_Duck_Typing.py"
2023-10-16 14:27:25.206 [info] Discover tests for workspace name: quant_apt - uri: /home/shri123/learning/quant_apt/Telusko _Python_course/#58_Duck_Typing.py
2023-10-16 14:27:27.339 [info] Send text to terminal: /bin/python3 "/home/shri123/learning/quant_apt/Telusko _Python_course/#58_Duck_Typing.py"
2023-10-16 14:27:40.438 [info] Discover tests for workspace name: quant_apt - uri: /home/shri123/learning/quant_apt/Telusko _Python_course/#58_Duck_Typing.py
2023-10-16 14:27:41.967 [info] Send text to terminal: /bin/python3 "/home/shri123/learning/quant_apt/Telusko _Python_course/#58_Duck_Typing.py"
2023-10-16 14:27:48.058 [info] Discover tests for workspace name: quant_apt - uri: /home/shri123/learning/quant_apt/Telusko _Python_course/#58_Duck_Typing.py
2023-10-16 17:33:30.025 [info] Discover tests for workspace name: quant_apt - uri: /home/shri123/learning/quant_apt/Quant_APT/Chapter_1_numbers/Divisibility_by_9.py
