2023-10-25 13:17:10.001 [info] Log level: Info
2023-10-25 13:17:10.001 [info] Validating found git in: "git"
2023-10-25 13:17:10.001 [info] Using git "2.25.1" from "git"
2023-10-25 13:17:10.001 [info] > git rev-parse --show-toplevel [8ms]
2023-10-25 13:17:10.001 [info] > git rev-parse --git-dir --git-common-dir [3ms]
2023-10-25 13:17:10.001 [info] Open repository: /home/shri123/learning
2023-10-25 13:17:10.001 [info] > git rev-parse --show-toplevel [23ms]
2023-10-25 13:17:10.001 [info] > git config --get commit.template [30ms]
2023-10-25 13:17:10.001 [info] > git rev-parse --show-toplevel [40ms]
2023-10-25 13:17:10.008 [info] > git rev-parse --show-toplevel [1ms]
2023-10-25 13:17:10.016 [info] > git rev-parse --show-toplevel [2ms]
2023-10-25 13:17:10.017 [info] > git for-each-ref --format=%(refname)%00%(upstream:short)%00%(objectname)%00%(upstream:track)%00%(upstream:remotename)%00%(upstream:remoteref) refs/heads/master refs/remotes/master [20ms]
2023-10-25 13:17:10.053 [info] > git status -z -uall [30ms]
2023-10-25 13:17:10.071 [info] > git rev-parse --git-dir --git-common-dir [19ms]
2023-10-25 13:17:10.076 [info] Open repository: /home/shri123/learning/quant_apt
2023-10-25 13:17:10.090 [info] > git config --get commit.template [19ms]
2023-10-25 13:17:10.092 [info] > git config --get commit.template [3ms]
2023-10-25 13:17:10.101 [info] No remotes found in the git config file.
2023-10-25 13:17:10.102 [info] > git for-each-ref --format=%(refname)%00%(upstream:short)%00%(objectname)%00%(upstream:track)%00%(upstream:remotename)%00%(upstream:remoteref) refs/heads/master refs/remotes/master [6ms]
2023-10-25 13:17:10.111 [info] > git for-each-ref --format=%(refname)%00%(upstream:short)%00%(objectname)%00%(upstream:track)%00%(upstream:remotename)%00%(upstream:remoteref) refs/heads/master refs/remotes/master [10ms]
2023-10-25 13:17:10.127 [info] > git status -z -uall [17ms]
2023-10-25 13:17:10.133 [info] > git status -z -uall [8ms]
2023-10-25 13:17:10.156 [info] > git config --get commit.template [7ms]
2023-10-25 13:17:10.156 [info] No remotes found in the git config file.
2023-10-25 13:17:10.156 [info] > git for-each-ref --format=%(refname)%00%(upstream:short)%00%(objectname)%00%(upstream:track)%00%(upstream:remotename)%00%(upstream:remoteref) refs/heads/master refs/remotes/master [1ms]
2023-10-25 13:17:10.162 [info] > git status -z -uall [1ms]
2023-10-25 13:17:10.858 [info] > git check-ignore -v -z --stdin [5ms]
2023-10-25 13:17:10.859 [info] > git check-ignore -v -z --stdin [2ms]
2023-10-25 13:17:25.890 [info] > git check-ignore -v -z --stdin [1ms]
2023-10-25 13:17:26.633 [info] > git check-ignore -v -z --stdin [1ms]
2023-10-25 13:17:28.167 [info] > git show --textconv :Telusko _Python_course/#71_Selction_sort.py [59ms]
2023-10-25 13:17:28.168 [info] > git ls-files --stage -- /home/shri123/learning/quant_apt/Telusko _Python_course/#71_Selction_sort.py [50ms]
2023-10-25 13:17:28.568 [info] > git show --textconv :Telusko _Python_course/#69_binary_search.py [19ms]
2023-10-25 13:17:28.569 [info] > git ls-files --stage -- /home/shri123/learning/quant_apt/Telusko _Python_course/#69_binary_search.py [13ms]
2023-10-25 13:17:28.594 [info] > git cat-file -s d1e56379c994bd82be6d22f5a60e650dd52729a2 [8ms]
2023-10-25 13:17:36.279 [info] > git show --textconv :Telusko _Python_course/#67_Liner_search.py [8ms]
2023-10-25 13:17:36.280 [info] > git ls-files --stage -- /home/shri123/learning/quant_apt/Telusko _Python_course/#67_Liner_search.py [1ms]
2023-10-25 13:17:36.286 [info] > git cat-file -s 217120efdf4241e01fbaf9a687289a5318244dbb [1ms]
2023-10-25 13:17:37.133 [info] > git show --textconv :Telusko _Python_course/#69_binary_search.py [7ms]
2023-10-25 13:17:37.134 [info] > git ls-files --stage -- /home/shri123/learning/quant_apt/Telusko _Python_course/#69_binary_search.py [1ms]
2023-10-25 13:17:37.141 [info] > git cat-file -s d1e56379c994bd82be6d22f5a60e650dd52729a2 [1ms]
2023-10-25 13:17:37.703 [info] > git show --textconv :Telusko _Python_course/#62_Generators.py [8ms]
2023-10-25 13:17:37.704 [info] > git ls-files --stage -- /home/shri123/learning/quant_apt/Telusko _Python_course/#62_Generators.py [2ms]
2023-10-25 13:17:37.710 [info] > git cat-file -s 3aab94565f6ffdf4ea773a456bbdfa9f17a8cc4a [1ms]
2023-10-25 13:17:38.584 [info] > git check-ignore -v -z --stdin [3ms]
