2023-10-23 10:46:52.133 [info] Experiment 'pythonaacf' is active
2023-10-23 10:46:52.133 [info] Experiment 'pythonPromptNewFormatterExt' is active
2023-10-23 10:46:52.133 [info] Experiment 'pythonPromptNewToolsExt' is active
2023-10-23 10:46:52.133 [info] Experiment 'pythonTestAdapter' is active
2023-10-23 10:46:52.133 [info] Test server listening.
2023-10-23 10:46:52.290 [info] > conda info --json
2023-10-23 10:46:52.384 [info] > /bin/python3 -I ~/.vscode-server/extensions/ms-python.python-2023.18.0/pythonFiles/get_output_via_markers.py ~/.vscode-server/extensions/ms-python.python-2023.18.0/pythonFiles/interpreterInfo.py
2023-10-23 10:46:52.465 [info] Python interpreter path: /bin/python3
2023-10-23 10:46:54.254 [info] Starting Pylance language server.
2023-10-23 10:46:54.988 [info] Send text to terminal: /bin/python3 "/home/shri123/learning/quant_apt/Telusko _Python_course/#67_Liner_search.py"
2023-10-23 10:47:16.725 [info] Discover tests for workspace name: learning - uri: /home/shri123/learning/quant_apt/Telusko _Python_course/#67_Liner_search.py
2023-10-23 10:48:15.035 [info] Discover tests for workspace name: learning - uri: /home/shri123/learning/quant_apt/Telusko _Python_course/#67_Liner_search.py
2023-10-23 10:48:28.323 [info] Discover tests for workspace name: learning - uri: /home/shri123/learning/quant_apt/Telusko _Python_course/#67_Liner_search.py
2023-10-23 11:17:36.469 [info] Discover tests for workspace name: learning - uri: /home/shri123/learning/quant_apt/Telusko _Python_course/#69_binary_search.py
2023-10-23 11:17:42.030 [info] Send text to terminal: /bin/python3 "/home/shri123/learning/quant_apt/Telusko _Python_course/#69_binary_search.py"
2023-10-23 11:17:45.783 [info] Send text to terminal: /bin/python3 "/home/shri123/learning/quant_apt/Telusko _Python_course/#69_binary_search.py"
2023-10-23 11:18:49.559 [info] Discover tests for workspace name: learning - uri: /home/shri123/learning/quant_apt/Telusko _Python_course/#69_binary_search.py
2023-10-23 11:18:50.229 [info] Discover tests for workspace name: learning - uri: /home/shri123/learning/quant_apt/Telusko _Python_course/#69_binary_search.py
2023-10-23 11:19:10.032 [info] Discover tests for workspace name: learning - uri: /home/shri123/learning/quant_apt/Telusko _Python_course/#69_binary_search.py
2023-10-23 11:19:11.585 [info] Send text to terminal: /bin/python3 "/home/shri123/learning/quant_apt/Telusko _Python_course/#69_binary_search.py"
2023-10-23 11:21:31.128 [info] Discover tests for workspace name: learning - uri: /home/shri123/learning/quant_apt/Telusko _Python_course/#69_binary_search.py
2023-10-23 11:21:51.692 [info] Discover tests for workspace name: learning - uri: /home/shri123/learning/quant_apt/Telusko _Python_course/#69_binary_search.py
2023-10-23 11:21:51.944 [info] Discover tests for workspace name: learning - uri: /home/shri123/learning/quant_apt/Telusko _Python_course/#69_binary_search.py
2023-10-23 11:22:10.080 [info] Discover tests for workspace name: learning - uri: /home/shri123/learning/quant_apt/Telusko _Python_course/#69_binary_search.py
