2023-10-25 12:34:39.337 [info] Log level: Info
2023-10-25 12:34:39.338 [info] Validating found git in: "git"
2023-10-25 12:34:39.338 [info] Using git "2.25.1" from "git"
2023-10-25 12:34:39.338 [info] > git rev-parse --show-toplevel [18ms]
2023-10-25 12:34:39.340 [info] > git rev-parse --git-dir --git-common-dir [27ms]
2023-10-25 12:34:39.363 [info] Open repository: /home/shri123/learning
2023-10-25 12:34:39.401 [info] > git rev-parse --show-toplevel [3ms]
2023-10-25 12:34:39.402 [info] > git config --get commit.template [16ms]
2023-10-25 12:34:39.437 [info] > git rev-parse --show-toplevel [22ms]
2023-10-25 12:34:39.464 [info] > git rev-parse --show-toplevel [3ms]
2023-10-25 12:34:39.464 [info] > git for-each-ref --format=%(refname)%00%(upstream:short)%00%(objectname)%00%(upstream:track)%00%(upstream:remotename)%00%(upstream:remoteref) refs/heads/master refs/remotes/master [30ms]
2023-10-25 12:34:39.488 [info] > git rev-parse --show-toplevel [1ms]
2023-10-25 12:34:39.509 [info] > git status -z -uall [37ms]
2023-10-25 12:34:39.597 [info] > git rev-parse --git-dir --git-common-dir [89ms]
2023-10-25 12:34:39.614 [info] Open repository: /home/shri123/learning/learning
2023-10-25 12:34:39.641 [info] > git config --get commit.template [102ms]
2023-10-25 12:34:39.643 [info] > git rev-parse --show-toplevel [6ms]
2023-10-25 12:34:39.644 [info] > git config --get commit.template [15ms]
2023-10-25 12:34:39.688 [info] > git for-each-ref --format=%(refname)%00%(upstream:short)%00%(objectname)%00%(upstream:track)%00%(upstream:remotename)%00%(upstream:remoteref) refs/heads/master refs/remotes/master [37ms]
2023-10-25 12:34:39.705 [info] > git for-each-ref --format=%(refname)%00%(upstream:short)%00%(objectname)%00%(upstream:track)%00%(upstream:remotename)%00%(upstream:remoteref) refs/heads/master refs/remotes/master [19ms]
2023-10-25 12:34:39.722 [info] > git rev-parse --git-dir --git-common-dir [54ms]
2023-10-25 12:34:39.739 [info] Open repository: /home/shri123/learning/quant_apt
2023-10-25 12:34:39.757 [info] > git status -z -uall [56ms]
2023-10-25 12:34:39.757 [info] > git status -z -uall [37ms]
2023-10-25 12:34:39.791 [info] > git config --get commit.template [35ms]
2023-10-25 12:34:39.793 [info] > git config --get commit.template [3ms]
2023-10-25 12:34:39.794 [info] No remotes found in the git config file.
2023-10-25 12:34:39.810 [info] > git for-each-ref --format=%(refname)%00%(upstream:short)%00%(objectname)%00%(upstream:track)%00%(upstream:remotename)%00%(upstream:remoteref) refs/heads/master refs/remotes/master [11ms]
2023-10-25 12:34:39.821 [info] > git for-each-ref --format=%(refname)%00%(upstream:short)%00%(objectname)%00%(upstream:track)%00%(upstream:remotename)%00%(upstream:remoteref) refs/heads/master refs/remotes/master [12ms]
2023-10-25 12:34:39.834 [info] > git status -z -uall [14ms]
2023-10-25 12:34:39.834 [info] > git status -z -uall [3ms]
2023-10-25 12:34:39.909 [info] > git config --get commit.template [14ms]
2023-10-25 12:34:39.917 [info] No remotes found in the git config file.
2023-10-25 12:34:39.919 [info] > git for-each-ref --format=%(refname)%00%(upstream:short)%00%(objectname)%00%(upstream:track)%00%(upstream:remotename)%00%(upstream:remoteref) refs/heads/master refs/remotes/master [2ms]
2023-10-25 12:34:39.927 [info] > git status -z -uall [3ms]
2023-10-25 12:34:40.510 [info] > git check-ignore -v -z --stdin [26ms]
2023-10-25 12:34:40.559 [info] > git check-ignore -v -z --stdin [62ms]
2023-10-25 12:34:41.940 [info] > git check-ignore -v -z --stdin [14ms]
2023-10-25 12:34:41.941 [info] > git check-ignore -v -z --stdin [8ms]
2023-10-25 12:34:41.941 [info] > git check-ignore -v -z --stdin [2ms]
2023-10-25 12:36:47.482 [info] > git add -A -- /home/shri123/learning/quant_apt/Telusko _Python_course/#70_Bubble_sort.py /home/shri123/learning/quant_apt/Telusko _Python_course/#71_Selction_sort.py [9ms]
2023-10-25 12:36:47.493 [info] No remotes found in the git config file.
2023-10-25 12:36:47.494 [info] > git config --get commit.template [5ms]
2023-10-25 12:36:47.495 [info] > git for-each-ref --format=%(refname)%00%(upstream:short)%00%(objectname)%00%(upstream:track)%00%(upstream:remotename)%00%(upstream:remoteref) refs/heads/master refs/remotes/master [2ms]
2023-10-25 12:36:47.504 [info] > git status -z -uall [4ms]
2023-10-25 12:36:48.581 [info] > git config --get commit.template [0ms]
2023-10-25 12:36:48.585 [info] No remotes found in the git config file.
2023-10-25 12:36:48.585 [info] > git for-each-ref --format=%(refname)%00%(upstream:short)%00%(objectname)%00%(upstream:track)%00%(upstream:remotename)%00%(upstream:remoteref) refs/heads/master refs/remotes/master [0ms]
2023-10-25 12:36:48.591 [info] > git status -z -uall [2ms]
2023-10-25 12:36:57.366 [info] > git branch [4ms]
2023-10-25 12:36:57.391 [info] > git reset -q HEAD -- . [20ms]
2023-10-25 12:36:57.406 [info] No remotes found in the git config file.
2023-10-25 12:36:57.406 [info] > git config --get commit.template [6ms]
2023-10-25 12:36:57.407 [info] > git for-each-ref --format=%(refname)%00%(upstream:short)%00%(objectname)%00%(upstream:track)%00%(upstream:remotename)%00%(upstream:remoteref) refs/heads/master refs/remotes/master [1ms]
2023-10-25 12:36:57.426 [info] > git status -z -uall [1ms]
2023-10-25 12:36:58.580 [info] > git config --get commit.template [1ms]
2023-10-25 12:36:58.586 [info] No remotes found in the git config file.
2023-10-25 12:36:58.587 [info] > git for-each-ref --format=%(refname)%00%(upstream:short)%00%(objectname)%00%(upstream:track)%00%(upstream:remotename)%00%(upstream:remoteref) refs/heads/master refs/remotes/master [2ms]
2023-10-25 12:36:58.593 [info] > git status -z -uall [1ms]
