2023-10-25 12:05:13.701 [info] Log level: Info
2023-10-25 12:05:13.701 [info] Validating found git in: "git"
2023-10-25 12:05:13.701 [info] Using git "2.25.1" from "git"
2023-10-25 12:05:13.701 [info] > git rev-parse --show-toplevel [190ms]
2023-10-25 12:05:13.701 [info] > git rev-parse --git-dir --git-common-dir [22ms]
2023-10-25 12:05:13.701 [info] Open repository: /home/shri123/learning
2023-10-25 12:05:13.762 [info] > git config --get commit.template [41ms]
2023-10-25 12:05:13.767 [info] > git rev-parse --show-toplevel [14ms]
2023-10-25 12:05:13.832 [info] > git rev-parse --git-dir --git-common-dir [3ms]
2023-10-25 12:05:13.839 [info] Open repository: /home/shri123/learning/quant_apt
2023-10-25 12:05:13.840 [info] > git for-each-ref --format=%(refname)%00%(upstream:short)%00%(objectname)%00%(upstream:track)%00%(upstream:remotename)%00%(upstream:remoteref) refs/heads/master refs/remotes/master [27ms]
2023-10-25 12:05:13.967 [info] > git status -z -uall [115ms]
2023-10-25 12:05:13.982 [info] > git rev-parse --show-toplevel [82ms]
2023-10-25 12:05:13.983 [info] > git config --get commit.template [92ms]
2023-10-25 12:05:14.012 [info] No remotes found in the git config file.
2023-10-25 12:05:14.038 [info] > git config --get commit.template [29ms]
2023-10-25 12:05:14.038 [info] > git rev-parse --show-toplevel [38ms]
2023-10-25 12:05:14.042 [info] > git for-each-ref --format=%(refname)%00%(upstream:short)%00%(objectname)%00%(upstream:track)%00%(upstream:remotename)%00%(upstream:remoteref) refs/heads/master refs/remotes/master [6ms]
2023-10-25 12:05:14.189 [info] > git status -z -uall [136ms]
2023-10-25 12:05:14.189 [info] > git for-each-ref --format=%(refname)%00%(upstream:short)%00%(objectname)%00%(upstream:track)%00%(upstream:remotename)%00%(upstream:remoteref) refs/heads/master refs/remotes/master [86ms]
2023-10-25 12:05:14.200 [info] > git rev-parse --show-toplevel [112ms]
2023-10-25 12:05:14.243 [info] > git status -z -uall [44ms]
2023-10-25 12:05:14.252 [info] > git config --get commit.template [30ms]
2023-10-25 12:05:14.272 [info] No remotes found in the git config file.
2023-10-25 12:05:14.278 [info] > git for-each-ref --format=%(refname)%00%(upstream:short)%00%(objectname)%00%(upstream:track)%00%(upstream:remotename)%00%(upstream:remoteref) refs/heads/master refs/remotes/master [7ms]
2023-10-25 12:05:14.321 [info] > git status -z -uall [34ms]
2023-10-25 12:05:15.508 [info] > git check-ignore -v -z --stdin [103ms]
2023-10-25 12:05:15.509 [info] > git check-ignore -v -z --stdin [95ms]
2023-10-25 12:05:15.563 [info] > git show --textconv :Telusko _Python_course/#70_Bubble_sort.py [13ms]
2023-10-25 12:05:15.564 [info] > git ls-files --stage -- /home/shri123/learning/quant_apt/Telusko _Python_course/#70_Bubble_sort.py [5ms]
2023-10-25 12:20:25.958 [info] > git config --get commit.template [32ms]
2023-10-25 12:20:25.968 [info] > git for-each-ref --format=%(refname)%00%(upstream:short)%00%(objectname)%00%(upstream:track)%00%(upstream:remotename)%00%(upstream:remoteref) refs/heads/master refs/remotes/master [16ms]
2023-10-25 12:20:25.993 [info] > git status -z -uall [10ms]
2023-10-25 12:20:26.046 [info] > git ls-files --stage -- /home/shri123/learning/quant_apt/Telusko _Python_course/#70_Bubble_sort.py [4ms]
2023-10-25 12:20:26.078 [info] > git show --textconv :Telusko _Python_course/#70_Bubble_sort.py [3ms]
2023-10-25 12:20:26.370 [info] > git check-ignore -v -z --stdin [3ms]
2023-10-25 12:20:28.426 [info] > git show --textconv :Github_password.txt [20ms]
2023-10-25 12:20:28.428 [info] > git ls-files --stage -- /home/shri123/learning/Github_password.txt [4ms]
2023-10-25 12:20:28.439 [info] > git cat-file -s 5f0b743a7883cce78302b343ef07ae6289815a71 [2ms]
2023-10-25 12:20:31.018 [info] > git config --get commit.template [1ms]
2023-10-25 12:20:31.024 [info] > git for-each-ref --format=%(refname)%00%(upstream:short)%00%(objectname)%00%(upstream:track)%00%(upstream:remotename)%00%(upstream:remoteref) refs/heads/master refs/remotes/master [1ms]
2023-10-25 12:20:31.032 [info] > git status -z -uall [1ms]
2023-10-25 12:20:32.817 [info] > git show --textconv :Github_password.txt.pub [7ms]
2023-10-25 12:20:32.820 [info] > git ls-files --stage -- /home/shri123/learning/Github_password.txt.pub [2ms]
2023-10-25 12:20:32.832 [info] > git cat-file -s b79f10c952da3c38da0c611881e75e3ec628b39a [2ms]
2023-10-25 12:33:18.802 [info] > git for-each-ref --format=%(refname)%00%(upstream:short)%00%(objectname)%00%(upstream:track)%00%(upstream:remotename)%00%(upstream:remoteref) refs/heads/master refs/remotes/master [28ms]
2023-10-25 12:33:18.805 [info] > git config --get commit.template [62ms]
2023-10-25 12:33:18.820 [info] > git ls-files --stage -- /home/shri123/learning/Github_password.txt.pub [21ms]
2023-10-25 12:33:18.841 [info] > git cat-file -s b79f10c952da3c38da0c611881e75e3ec628b39a [2ms]
2023-10-25 12:33:18.871 [info] > git status -z -uall [53ms]
2023-10-25 12:33:18.901 [info] > git show --textconv :Github_password.txt.pub [3ms]
2023-10-25 12:33:21.938 [info] > git show --textconv :Telusko _Python_course/#70_Bubble_sort.py [38ms]
2023-10-25 12:33:21.943 [info] > git ls-files --stage -- /home/shri123/learning/quant_apt/Telusko _Python_course/#70_Bubble_sort.py [32ms]
2023-10-25 12:33:22.789 [info] > git show --textconv :Telusko _Python_course/#71_Selction_sort.py [17ms]
2023-10-25 12:33:22.791 [info] > git ls-files --stage -- /home/shri123/learning/quant_apt/Telusko _Python_course/#71_Selction_sort.py [6ms]
2023-10-25 12:33:23.324 [info] > git show --textconv :Telusko _Python_course/#70_Bubble_sort.py [7ms]
2023-10-25 12:33:23.326 [info] > git ls-files --stage -- /home/shri123/learning/quant_apt/Telusko _Python_course/#70_Bubble_sort.py [2ms]
2023-10-25 12:33:23.895 [info] > git config --get commit.template [1ms]
2023-10-25 12:33:23.905 [info] > git for-each-ref --format=%(refname)%00%(upstream:short)%00%(objectname)%00%(upstream:track)%00%(upstream:remotename)%00%(upstream:remoteref) refs/heads/master refs/remotes/master [1ms]
2023-10-25 12:33:23.920 [info] > git status -z -uall [3ms]
