2023-10-25 14:28:09.923 [info] Log level: Info
2023-10-25 14:28:09.924 [info] Validating found git in: "git"
2023-10-25 14:28:09.924 [info] Using git "2.25.1" from "git"
2023-10-25 14:28:09.924 [info] > git rev-parse --show-toplevel [131ms]
2023-10-25 14:28:09.925 [info] > git rev-parse --git-dir --git-common-dir [3ms]
2023-10-25 14:28:09.943 [info] Open repository: /home/shri123/learning/learning
2023-10-25 14:28:09.978 [info] > git rev-parse --show-toplevel [2ms]
2023-10-25 14:28:09.980 [info] > git config --get commit.template [23ms]
2023-10-25 14:28:10.138 [info] > git for-each-ref --format=%(refname)%00%(upstream:short)%00%(objectname)%00%(upstream:track)%00%(upstream:remotename)%00%(upstream:remoteref) refs/heads/master refs/remotes/master [56ms]
2023-10-25 14:28:10.155 [info] > git rev-parse --show-toplevel [93ms]
2023-10-25 14:28:10.277 [info] > git rev-parse --show-toplevel [1ms]
2023-10-25 14:28:10.293 [info] > git rev-parse --show-toplevel [2ms]
2023-10-25 14:28:10.323 [info] > git rev-parse --show-toplevel [2ms]
2023-10-25 14:28:10.353 [info] > git rev-parse --show-toplevel [3ms]
2023-10-25 14:28:10.364 [info] > git rev-parse --show-toplevel [1ms]
2023-10-25 14:28:10.373 [info] > git rev-parse --show-toplevel [1ms]
2023-10-25 14:28:10.388 [info] > git rev-parse --show-toplevel [1ms]
2023-10-25 14:28:10.407 [info] > git rev-parse --show-toplevel [2ms]
2023-10-25 14:28:10.426 [info] > git rev-parse --show-toplevel [10ms]
2023-10-25 14:28:10.640 [info] > git check-ignore -v -z --stdin [40ms]
2023-10-25 14:28:11.742 [info] > git status -z -uall [1587ms]
2023-10-25 14:28:11.768 [info] > git config --get commit.template [10ms]
2023-10-25 14:28:11.769 [info] > git for-each-ref --format=%(refname)%00%(upstream:short)%00%(objectname)%00%(upstream:track)%00%(upstream:remotename)%00%(upstream:remoteref) refs/heads/master refs/remotes/master [5ms]
2023-10-25 14:28:12.138 [info] > git status -z -uall [363ms]
2023-10-25 14:28:13.604 [info] > git check-ignore -v -z --stdin [6ms]
2023-10-25 14:28:15.069 [info] > git check-ignore -v -z --stdin [16ms]
2023-10-25 14:28:16.559 [info] > git check-ignore -v -z --stdin [9ms]
