2023-10-27 11:23:44.110 [info] Log level: Info
2023-10-27 11:23:44.110 [info] Validating found git in: "git"
2023-10-27 11:23:44.110 [info] Using git "2.25.1" from "git"
2023-10-27 11:23:44.132 [info] > git rev-parse --show-toplevel [26ms]
2023-10-27 11:23:44.150 [info] > git rev-parse --git-dir --git-common-dir [2ms]
2023-10-27 11:23:44.187 [info] Open repository: /home/shri123
2023-10-27 11:23:44.243 [info] > git rev-parse --show-toplevel [14ms]
2023-10-27 11:23:44.245 [info] > git config --get commit.template [32ms]
2023-10-27 11:23:44.276 [info] > git rev-parse --show-toplevel [20ms]
2023-10-27 11:23:44.293 [info] > git rev-parse --show-toplevel [9ms]
2023-10-27 11:23:44.304 [info] > git rev-parse --show-toplevel [2ms]
2023-10-27 11:23:44.324 [info] > git rev-parse --show-toplevel [5ms]
2023-10-27 11:23:44.325 [info] > git for-each-ref --format=%(refname)%00%(upstream:short)%00%(objectname)%00%(upstream:track)%00%(upstream:remotename)%00%(upstream:remoteref) refs/heads/master refs/remotes/master [55ms]
2023-10-27 11:23:44.351 [info] > git rev-parse --show-toplevel [6ms]
2023-10-27 11:23:44.360 [info] > git rev-parse --show-toplevel [2ms]
2023-10-27 11:23:44.417 [info] > git rev-parse --show-toplevel [30ms]
2023-10-27 11:23:44.438 [info] > git rev-parse --git-dir --git-common-dir [8ms]
2023-10-27 11:23:44.445 [info] Open repository: /home/shri123/learning
2023-10-27 11:23:44.493 [info] > git config --get commit.template [17ms]
2023-10-27 11:23:44.547 [info] > git for-each-ref --format=%(refname)%00%(upstream:short)%00%(objectname)%00%(upstream:track)%00%(upstream:remotename)%00%(upstream:remoteref) refs/heads/master refs/remotes/master [47ms]
2023-10-27 11:23:45.032 [info] > git check-ignore -v -z --stdin [3ms]
2023-10-27 11:23:45.067 [info] > git check-ignore -v -z --stdin [53ms]
2023-10-27 11:23:45.301 [info] > git status -z -uall [743ms]
2023-10-27 11:23:45.337 [info] > git config --get commit.template [7ms]
2023-10-27 11:23:45.345 [info] > git for-each-ref --format=%(refname)%00%(upstream:short)%00%(objectname)%00%(upstream:track)%00%(upstream:remotename)%00%(upstream:remoteref) refs/heads/master refs/remotes/master [1ms]
2023-10-27 11:23:45.466 [info] > git status -z -uall [115ms]
2023-10-27 11:23:47.358 [info] > git check-ignore -v -z --stdin [1ms]
2023-10-27 11:23:48.803 [info] > git status -z -uall [4468ms]
2023-10-27 11:23:48.838 [info] > git config --get commit.template [7ms]
2023-10-27 11:23:48.838 [info] > git for-each-ref --format=%(refname)%00%(upstream:short)%00%(objectname)%00%(upstream:track)%00%(upstream:remotename)%00%(upstream:remoteref) refs/heads/master refs/remotes/master [2ms]
2023-10-27 11:23:49.907 [info] > git status -z -uall [1063ms]
2023-10-27 11:23:51.293 [info] > git check-ignore -v -z --stdin [1ms]
2023-10-27 11:24:03.907 [info] > git check-ignore -v -z --stdin [1ms]
2023-10-27 11:24:05.286 [info] > git check-ignore -v -z --stdin [1ms]
2023-10-27 11:24:17.848 [info] > git for-each-ref --format=%(refname)%00%(upstream:short)%00%(objectname)%00%(upstream:track)%00%(upstream:remotename)%00%(upstream:remoteref) refs/heads/master refs/remotes/master [19ms]
2023-10-27 11:24:17.848 [info] > git config --get commit.template [32ms]
2023-10-27 11:24:17.859 [info] > git config --get commit.template [13ms]
2023-10-27 11:24:17.894 [info] > git for-each-ref --format=%(refname)%00%(upstream:short)%00%(objectname)%00%(upstream:track)%00%(upstream:remotename)%00%(upstream:remoteref) refs/heads/master refs/remotes/master [2ms]
2023-10-27 11:24:17.946 [info] > git status -z -uall [41ms]
2023-10-27 11:24:20.004 [info] > git status -z -uall [2147ms]
2023-10-27 11:24:24.081 [info] > git config --get commit.template [1ms]
2023-10-27 11:24:24.091 [info] > git for-each-ref --format=%(refname)%00%(upstream:short)%00%(objectname)%00%(upstream:track)%00%(upstream:remotename)%00%(upstream:remoteref) refs/heads/master refs/remotes/master [2ms]
2023-10-27 11:24:24.113 [info] > git status -z -uall [11ms]
2023-10-27 11:24:26.657 [info] > git config --get commit.template [1ms]
2023-10-27 11:24:26.666 [info] > git for-each-ref --format=%(refname)%00%(upstream:short)%00%(objectname)%00%(upstream:track)%00%(upstream:remotename)%00%(upstream:remoteref) refs/heads/master refs/remotes/master [2ms]
2023-10-27 11:24:27.480 [info] > git status -z -uall [809ms]
2023-10-27 11:24:29.150 [info] > git show --textconv :.wget-hsts [40ms]
2023-10-27 11:24:29.170 [info] > git ls-files --stage -- /home/shri123/.wget-hsts [53ms]
2023-10-27 11:24:29.178 [info] > git cat-file -s b1f64c73a87f89f33b852df183874c4a1954c6e6 [2ms]
2023-10-27 11:24:29.835 [info] > git show --textconv :.sudo_as_admin_successful [12ms]
2023-10-27 11:24:29.841 [info] > git ls-files --stage -- /home/shri123/.sudo_as_admin_successful [8ms]
2023-10-27 11:24:29.848 [info] > git cat-file -s e69de29bb2d1d6434b8b29ae775ad8c2e48c5391 [1ms]
2023-10-27 11:24:30.806 [info] > git show --textconv :.profile [13ms]
2023-10-27 11:24:30.819 [info] > git ls-files --stage -- /home/shri123/.profile [14ms]
2023-10-27 11:24:30.827 [info] > git cat-file -s d89ea5a6e83a2956d7461b547fa0d7d68103b9c9 [1ms]
2023-10-27 11:24:31.754 [info] > git show --textconv :.motd_shown [6ms]
2023-10-27 11:24:31.757 [info] > git ls-files --stage -- /home/shri123/.motd_shown [4ms]
2023-10-27 11:24:31.763 [info] > git cat-file -s e69de29bb2d1d6434b8b29ae775ad8c2e48c5391 [1ms]
2023-10-27 11:24:32.580 [info] > git show --textconv :.gitconfig [9ms]
2023-10-27 11:24:32.582 [info] > git ls-files --stage -- /home/shri123/.gitconfig [4ms]
2023-10-27 11:24:32.588 [info] > git cat-file -s eb0876b1e35d0525f17d1b41d0982d032162a9b3 [1ms]
2023-10-27 11:24:32.658 [info] > git config --get commit.template [1ms]
2023-10-27 11:24:32.665 [info] > git for-each-ref --format=%(refname)%00%(upstream:short)%00%(objectname)%00%(upstream:track)%00%(upstream:remotename)%00%(upstream:remoteref) refs/heads/master refs/remotes/master [2ms]
2023-10-27 11:24:33.312 [info] > git show --textconv :.git-credentials [8ms]
2023-10-27 11:24:33.316 [info] > git ls-files --stage -- /home/shri123/.git-credentials [5ms]
2023-10-27 11:24:33.324 [info] > git cat-file -s 37dc4fdaecdc5eeefbb17a3c7f9f7d07d6aa9b06 [1ms]
2023-10-27 11:24:33.505 [info] > git status -z -uall [835ms]
2023-10-27 11:24:38.453 [info] > git check-ignore -v -z --stdin [1ms]
2023-10-27 11:24:38.628 [info] > git config --get commit.template [1ms]
2023-10-27 11:24:38.638 [info] > git for-each-ref --format=%(refname)%00%(upstream:short)%00%(objectname)%00%(upstream:track)%00%(upstream:remotename)%00%(upstream:remoteref) refs/heads/master refs/remotes/master [1ms]
2023-10-27 11:24:39.310 [info] > git status -z -uall [665ms]
2023-10-27 11:24:40.964 [info] > git check-ignore -v -z --stdin [5ms]
2023-10-27 11:24:44.381 [info] > git config --get commit.template [0ms]
2023-10-27 11:24:44.388 [info] > git for-each-ref --format=%(refname)%00%(upstream:short)%00%(objectname)%00%(upstream:track)%00%(upstream:remotename)%00%(upstream:remoteref) refs/heads/master refs/remotes/master [1ms]
2023-10-27 11:24:45.074 [info] > git status -z -uall [681ms]
2023-10-27 11:24:50.144 [info] > git config --get commit.template [1ms]
2023-10-27 11:24:50.153 [info] > git for-each-ref --format=%(refname)%00%(upstream:short)%00%(objectname)%00%(upstream:track)%00%(upstream:remotename)%00%(upstream:remoteref) refs/heads/master refs/remotes/master [0ms]
2023-10-27 11:24:50.800 [info] > git status -z -uall [642ms]
2023-10-27 11:24:52.106 [info] > git check-ignore -v -z --stdin [1ms]
2023-10-27 11:24:55.869 [info] > git config --get commit.template [1ms]
2023-10-27 11:24:55.875 [info] > git for-each-ref --format=%(refname)%00%(upstream:short)%00%(objectname)%00%(upstream:track)%00%(upstream:remotename)%00%(upstream:remoteref) refs/heads/master refs/remotes/master [0ms]
2023-10-27 11:24:56.471 [info] > git status -z -uall [591ms]
2023-10-27 11:25:01.164 [info] > git config --get commit.template [1ms]
2023-10-27 11:25:01.173 [info] > git for-each-ref --format=%(refname)%00%(upstream:short)%00%(objectname)%00%(upstream:track)%00%(upstream:remotename)%00%(upstream:remoteref) refs/heads/master refs/remotes/master [1ms]
2023-10-27 11:25:01.183 [info] > git status -z -uall [2ms]
2023-10-27 11:25:01.541 [info] > git config --get commit.template [8ms]
2023-10-27 11:25:01.542 [info] > git for-each-ref --format=%(refname)%00%(upstream:short)%00%(objectname)%00%(upstream:track)%00%(upstream:remotename)%00%(upstream:remoteref) refs/heads/master refs/remotes/master [2ms]
2023-10-27 11:25:02.361 [info] > git status -z -uall [812ms]
2023-10-27 11:27:17.573 [info] > git config --get commit.template [21ms]
2023-10-27 11:27:17.575 [info] > git for-each-ref --format=%(refname)%00%(upstream:short)%00%(objectname)%00%(upstream:track)%00%(upstream:remotename)%00%(upstream:remoteref) refs/heads/master refs/remotes/master [4ms]
2023-10-27 11:27:18.108 [info] > git check-ignore -v -z --stdin [2ms]
2023-10-27 11:27:19.008 [info] > git status -z -uall [1408ms]
2023-10-27 11:27:20.800 [info] > git check-ignore -v -z --stdin [0ms]
2023-10-27 11:27:24.121 [info] > git config --get commit.template [1ms]
2023-10-27 11:27:24.128 [info] > git for-each-ref --format=%(refname)%00%(upstream:short)%00%(objectname)%00%(upstream:track)%00%(upstream:remotename)%00%(upstream:remoteref) refs/heads/master refs/remotes/master [1ms]
2023-10-27 11:27:24.800 [info] > git status -z -uall [660ms]
2023-10-27 11:27:29.864 [info] > git config --get commit.template [1ms]
2023-10-27 11:27:29.870 [info] > git for-each-ref --format=%(refname)%00%(upstream:short)%00%(objectname)%00%(upstream:track)%00%(upstream:remotename)%00%(upstream:remoteref) refs/heads/master refs/remotes/master [1ms]
2023-10-27 11:27:30.506 [info] > git status -z -uall [629ms]
2023-10-27 11:27:31.472 [info] > git show --textconv :.motd_shown [9ms]
2023-10-27 11:27:31.475 [info] > git ls-files --stage -- /home/shri123/.motd_shown [4ms]
2023-10-27 11:27:31.484 [info] > git cat-file -s e69de29bb2d1d6434b8b29ae775ad8c2e48c5391 [1ms]
2023-10-27 11:27:33.395 [info] > git show --textconv :.profile [6ms]
2023-10-27 11:27:33.398 [info] > git ls-files --stage -- /home/shri123/.profile [3ms]
2023-10-27 11:27:33.405 [info] > git cat-file -s d89ea5a6e83a2956d7461b547fa0d7d68103b9c9 [1ms]
2023-10-27 11:27:35.575 [info] > git config --get commit.template [1ms]
2023-10-27 11:27:35.582 [info] > git for-each-ref --format=%(refname)%00%(upstream:short)%00%(objectname)%00%(upstream:track)%00%(upstream:remotename)%00%(upstream:remoteref) refs/heads/master refs/remotes/master [1ms]
2023-10-27 11:27:36.284 [info] > git status -z -uall [697ms]
2023-10-27 11:27:36.369 [info] > git show --textconv :.profile [8ms]
2023-10-27 11:27:36.372 [info] > git ls-files --stage -- /home/shri123/.profile [4ms]
2023-10-27 11:27:36.384 [info] > git cat-file -s d89ea5a6e83a2956d7461b547fa0d7d68103b9c9 [7ms]
2023-10-27 11:27:41.350 [info] > git config --get commit.template [1ms]
2023-10-27 11:27:41.357 [info] > git for-each-ref --format=%(refname)%00%(upstream:short)%00%(objectname)%00%(upstream:track)%00%(upstream:remotename)%00%(upstream:remoteref) refs/heads/master refs/remotes/master [1ms]
2023-10-27 11:27:41.952 [info] > git status -z -uall [590ms]
2023-10-27 11:27:47.014 [info] > git config --get commit.template [1ms]
2023-10-27 11:27:47.020 [info] > git for-each-ref --format=%(refname)%00%(upstream:short)%00%(objectname)%00%(upstream:track)%00%(upstream:remotename)%00%(upstream:remoteref) refs/heads/master refs/remotes/master [0ms]
2023-10-27 11:27:47.609 [info] > git status -z -uall [584ms]
2023-10-27 11:27:52.675 [info] > git config --get commit.template [0ms]
2023-10-27 11:27:52.681 [info] > git for-each-ref --format=%(refname)%00%(upstream:short)%00%(objectname)%00%(upstream:track)%00%(upstream:remotename)%00%(upstream:remoteref) refs/heads/master refs/remotes/master [1ms]
2023-10-27 11:27:53.437 [info] > git status -z -uall [751ms]
2023-10-27 11:28:09.991 [info] > git config --get commit.template [3ms]
2023-10-27 11:28:10.002 [info] > git for-each-ref --format=%(refname)%00%(upstream:short)%00%(objectname)%00%(upstream:track)%00%(upstream:remotename)%00%(upstream:remoteref) refs/heads/master refs/remotes/master [2ms]
2023-10-27 11:28:10.778 [info] > git status -z -uall [769ms]
2023-10-27 11:34:43.461 [info] > git config --get commit.template [25ms]
2023-10-27 11:34:43.465 [info] > git for-each-ref --format=%(refname)%00%(upstream:short)%00%(objectname)%00%(upstream:track)%00%(upstream:remotename)%00%(upstream:remoteref) refs/heads/master refs/remotes/master [6ms]
2023-10-27 11:34:43.885 [info] > git status -z -uall [385ms]
2023-10-27 11:34:48.991 [info] > git config --get commit.template [1ms]
2023-10-27 11:34:48.998 [info] > git for-each-ref --format=%(refname)%00%(upstream:short)%00%(objectname)%00%(upstream:track)%00%(upstream:remotename)%00%(upstream:remoteref) refs/heads/master refs/remotes/master [1ms]
2023-10-27 11:34:49.098 [info] > git status -z -uall [88ms]
2023-10-27 11:35:01.088 [info] > git config --get commit.template [14ms]
2023-10-27 11:35:01.088 [info] > git for-each-ref --format=%(refname)%00%(upstream:short)%00%(objectname)%00%(upstream:track)%00%(upstream:remotename)%00%(upstream:remoteref) refs/heads/master refs/remotes/master [1ms]
2023-10-27 11:35:01.206 [info] > git status -z -uall [107ms]
2023-10-27 11:35:06.306 [info] > git config --get commit.template [9ms]
2023-10-27 11:35:06.307 [info] > git for-each-ref --format=%(refname)%00%(upstream:short)%00%(objectname)%00%(upstream:track)%00%(upstream:remotename)%00%(upstream:remoteref) refs/heads/master refs/remotes/master [1ms]
2023-10-27 11:35:06.392 [info] > git status -z -uall [78ms]
2023-10-27 11:35:11.462 [info] > git config --get commit.template [1ms]
2023-10-27 11:35:11.473 [info] > git for-each-ref --format=%(refname)%00%(upstream:short)%00%(objectname)%00%(upstream:track)%00%(upstream:remotename)%00%(upstream:remoteref) refs/heads/master refs/remotes/master [2ms]
2023-10-27 11:35:11.580 [info] > git status -z -uall [99ms]
2023-10-27 11:35:16.666 [info] > git config --get commit.template [1ms]
2023-10-27 11:35:16.674 [info] > git for-each-ref --format=%(refname)%00%(upstream:short)%00%(objectname)%00%(upstream:track)%00%(upstream:remotename)%00%(upstream:remoteref) refs/heads/master refs/remotes/master [1ms]
2023-10-27 11:35:16.772 [info] > git status -z -uall [91ms]
2023-10-27 11:35:21.854 [info] > git config --get commit.template [1ms]
2023-10-27 11:35:21.861 [info] > git for-each-ref --format=%(refname)%00%(upstream:short)%00%(objectname)%00%(upstream:track)%00%(upstream:remotename)%00%(upstream:remoteref) refs/heads/master refs/remotes/master [1ms]
2023-10-27 11:35:21.935 [info] > git status -z -uall [68ms]
2023-10-27 11:35:27.002 [info] > git config --get commit.template [1ms]
2023-10-27 11:35:27.013 [info] > git for-each-ref --format=%(refname)%00%(upstream:short)%00%(objectname)%00%(upstream:track)%00%(upstream:remotename)%00%(upstream:remoteref) refs/heads/master refs/remotes/master [1ms]
2023-10-27 11:35:27.105 [info] > git status -z -uall [84ms]
