2023-10-23 10:31:15.698 [info] Experiment 'pythonaacf' is active
2023-10-23 10:31:15.698 [info] Experiment 'pythonPromptNewFormatterExt' is active
2023-10-23 10:31:15.698 [info] Experiment 'pythonPromptNewToolsExt' is active
2023-10-23 10:31:15.698 [info] Experiment 'pythonTestAdapter' is active
2023-10-23 10:31:15.698 [info] Test server listening.
2023-10-23 10:31:15.907 [info] > conda info --json
2023-10-23 10:31:15.924 [info] > /bin/python3 -I ~/.vscode-server/extensions/ms-python.python-2023.18.0/pythonFiles/get_output_via_markers.py ~/.vscode-server/extensions/ms-python.python-2023.18.0/pythonFiles/interpreterInfo.py
2023-10-23 10:31:16.038 [info] Python interpreter path: /bin/python3
2023-10-23 10:31:17.640 [info] Starting Pylance language server.
2023-10-23 10:41:16.442 [info] Discover tests for workspace name: learning - uri: /home/shri123/learning/quant_apt/Telusko _Python_course/#67_Liner_search.py
2023-10-23 10:41:20.349 [info] Send text to terminal: /bin/python3 "/home/shri123/learning/quant_apt/Telusko _Python_course/#67_Liner_search.py"
2023-10-23 10:41:44.104 [info] Discover tests for workspace name: learning - uri: /home/shri123/learning/quant_apt/Telusko _Python_course/#67_Liner_search.py
2023-10-23 10:41:45.699 [info] Send text to terminal: /bin/python3 "/home/shri123/learning/quant_apt/Telusko _Python_course/#67_Liner_search.py"
2023-10-23 10:42:02.393 [info] Discover tests for workspace name: learning - uri: /home/shri123/learning/quant_apt/Telusko _Python_course/#67_Liner_search.py
2023-10-23 10:42:04.054 [info] Send text to terminal: /bin/python3 "/home/shri123/learning/quant_apt/Telusko _Python_course/#67_Liner_search.py"
2023-10-23 10:42:45.668 [info] Send text to terminal: /bin/python3 "/home/shri123/learning/quant_apt/Telusko _Python_course/#67_Liner_search.py"
2023-10-23 10:45:08.925 [info] Discover tests for workspace name: learning - uri: /home/shri123/learning/quant_apt/Telusko _Python_course/#67_Liner_search.py
2023-10-23 10:45:12.870 [info] Send text to terminal: /bin/python3 "/home/shri123/learning/quant_apt/Telusko _Python_course/#67_Liner_search.py"
2023-10-23 10:45:13.793 [info] Send text to terminal: /bin/python3 "/home/shri123/learning/quant_apt/Telusko _Python_course/#67_Liner_search.py"
2023-10-23 10:45:30.941 [info] Send text to terminal: /bin/python3 "/home/shri123/learning/quant_apt/Telusko _Python_course/#67_Liner_search.py"
