2023-10-14 09:59:38.127 [info] Experiment 'pythonaacf' is active
2023-10-14 09:59:38.127 [info] Experiment 'pythonPromptNewFormatterExt' is active
2023-10-14 09:59:38.127 [info] Experiment 'pythonPromptNewToolsExt' is active
2023-10-14 09:59:38.127 [info] Experiment 'pythonTestAdapter' is active
2023-10-14 09:59:38.127 [info] Test server listening.
2023-10-14 09:59:38.127 [info] > conda info --json
2023-10-14 09:59:38.224 [info] Found: /bin/python --> /bin/python2.7
2023-10-14 09:59:38.344 [info] Found: /bin/python2 --> /bin/python2.7
2023-10-14 09:59:38.375 [info] Found: /bin/python2.7 --> /bin/python2.7
2023-10-14 09:59:38.526 [info] Found: /bin/python3 --> /bin/python3.8
2023-10-14 09:59:38.540 [info] Found: /bin/python3.8 --> /bin/python3.8
2023-10-14 09:59:38.936 [info] > /bin/python3 -I ~/.vscode-server/extensions/ms-python.python-2023.18.0/pythonFiles/get_output_via_markers.py ~/.vscode-server/extensions/ms-python.python-2023.18.0/pythonFiles/interpreterInfo.py
2023-10-14 09:59:38.956 [info] Found: /usr/bin/python --> /usr/bin/python2.7
2023-10-14 09:59:38.959 [info] Found: /usr/bin/python2 --> /usr/bin/python2.7
2023-10-14 09:59:38.961 [info] Found: /usr/bin/python2.7 --> /usr/bin/python2.7
2023-10-14 09:59:38.964 [info] Found: /usr/bin/python3 --> /usr/bin/python3.8
2023-10-14 09:59:38.964 [info] Found: /usr/bin/python3.8 --> /usr/bin/python3.8
2023-10-14 09:59:39.164 [info] Python interpreter path: /bin/python3
2023-10-14 09:59:40.344 [info] > /bin/python -I ~/.vscode-server/extensions/ms-python.python-2023.18.0/pythonFiles/get_output_via_markers.py ~/.vscode-server/extensions/ms-python.python-2023.18.0/pythonFiles/interpreterInfo.py
2023-10-14 09:59:40.376 [warning] [Error: Command failed: /bin/python -I /home/shri123/.vscode-server/extensions/ms-python.python-2023.18.0/pythonFiles/get_output_via_markers.py /home/shri123/.vscode-server/extensions/ms-python.python-2023.18.0/pythonFiles/interpreterInfo.py
Unknown option: -I
usage: /bin/python [option] ... [-c cmd | -m mod | file | -] [arg] ...
Try `python -h' for more information.

	at ChildProcess.exithandler (node:child_process:420:12)
	at ChildProcess.emit (node:events:513:28)
	at maybeClose (node:internal/child_process:1091:16)
	at Socket.<anonymous> (node:internal/child_process:449:11)
	at Socket.emit (node:events:513:28)
	at Pipe.<anonymous> (node:net:322:12)] {
  code: 2,
  killed: false,
  signal: null,
  cmd: '/bin/python -I /home/shri123/.vscode-server/extensions/ms-python.python-2023.18.0/pythonFiles/get_output_via_markers.py /home/shri123/.vscode-server/extensions/ms-python.python-2023.18.0/pythonFiles/interpreterInfo.py'
}
2023-10-14 09:59:40.376 [error] Support for Python 2.7 has been dropped by the Python extension so certain features may not work, upgrade to using Python 3.
2023-10-14 09:59:40.389 [info] > /bin/python ~/.vscode-server/extensions/ms-python.python-2023.18.0/pythonFiles/get_output_via_markers.py ~/.vscode-server/extensions/ms-python.python-2023.18.0/pythonFiles/interpreterInfo.py
2023-10-14 09:59:40.566 [info] > /usr/bin/python -I ~/.vscode-server/extensions/ms-python.python-2023.18.0/pythonFiles/get_output_via_markers.py ~/.vscode-server/extensions/ms-python.python-2023.18.0/pythonFiles/interpreterInfo.py
2023-10-14 09:59:40.601 [warning] [Error: Command failed: /usr/bin/python -I /home/shri123/.vscode-server/extensions/ms-python.python-2023.18.0/pythonFiles/get_output_via_markers.py /home/shri123/.vscode-server/extensions/ms-python.python-2023.18.0/pythonFiles/interpreterInfo.py
Unknown option: -I
usage: /usr/bin/python [option] ... [-c cmd | -m mod | file | -] [arg] ...
Try `python -h' for more information.

	at ChildProcess.exithandler (node:child_process:420:12)
	at ChildProcess.emit (node:events:513:28)
	at maybeClose (node:internal/child_process:1091:16)
	at Socket.<anonymous> (node:internal/child_process:449:11)
	at Socket.emit (node:events:513:28)
	at Pipe.<anonymous> (node:net:322:12)] {
  code: 2,
  killed: false,
  signal: null,
  cmd: '/usr/bin/python -I /home/shri123/.vscode-server/extensions/ms-python.python-2023.18.0/pythonFiles/get_output_via_markers.py /home/shri123/.vscode-server/extensions/ms-python.python-2023.18.0/pythonFiles/interpreterInfo.py'
}
2023-10-14 09:59:40.601 [error] Support for Python 2.7 has been dropped by the Python extension so certain features may not work, upgrade to using Python 3.
2023-10-14 09:59:40.610 [info] > /usr/bin/python ~/.vscode-server/extensions/ms-python.python-2023.18.0/pythonFiles/get_output_via_markers.py ~/.vscode-server/extensions/ms-python.python-2023.18.0/pythonFiles/interpreterInfo.py
2023-10-14 09:59:40.701 [info] > /usr/bin/python3 -I ~/.vscode-server/extensions/ms-python.python-2023.18.0/pythonFiles/get_output_via_markers.py ~/.vscode-server/extensions/ms-python.python-2023.18.0/pythonFiles/interpreterInfo.py
2023-10-14 09:59:43.120 [info] Starting Pylance language server.
2023-10-14 10:46:49.221 [info] Discover tests for workspace name: quant_apt - uri: /home/shri123/learning/quant_apt/Telusko _Python_course/#55_Inheritance.py
2023-10-14 10:46:49.846 [info] Discover tests for workspace name: quant_apt - uri: /home/shri123/learning/quant_apt/Telusko _Python_course/#55_Inheritance.py
2023-10-14 10:47:27.429 [info] Discover tests for workspace name: quant_apt - uri: /home/shri123/learning/quant_apt/Telusko _Python_course/#55_Inheritance.py
2023-10-14 10:47:27.932 [info] Discover tests for workspace name: quant_apt - uri: /home/shri123/learning/quant_apt/Telusko _Python_course/#55_Inheritance.py
2023-10-14 10:50:28.609 [info] Discover tests for workspace name: quant_apt - uri: /home/shri123/learning/quant_apt/Telusko _Python_course/#55_Inheritance.py
2023-10-14 10:53:29.137 [info] Discover tests for workspace name: quant_apt - uri: /home/shri123/learning/quant_apt/Telusko _Python_course/#56_Constructors_in_Inheritance.py
2023-10-14 10:53:30.818 [info] Send text to terminal: /bin/python3 "/home/shri123/learning/quant_apt/Telusko _Python_course/#56_Constructors_in_Inheritance.py"
2023-10-14 10:55:08.810 [info] Discover tests for workspace name: quant_apt - uri: /home/shri123/learning/quant_apt/Telusko _Python_course/#56_Constructors_in_Inheritance.py
2023-10-14 10:56:40.712 [info] Discover tests for workspace name: quant_apt - uri: /home/shri123/learning/quant_apt/Telusko _Python_course/#56_Constructors_in_Inheritance.py
2023-10-14 10:58:31.299 [info] Discover tests for workspace name: quant_apt - uri: /home/shri123/learning/quant_apt/Telusko _Python_course/#56_Constructors_in_Inheritance.py
2023-10-14 10:58:32.335 [info] Discover tests for workspace name: quant_apt - uri: /home/shri123/learning/quant_apt/Telusko _Python_course/#56_Constructors_in_Inheritance.py
2023-10-14 10:58:33.219 [info] Discover tests for workspace name: quant_apt - uri: /home/shri123/learning/quant_apt/Telusko _Python_course/#56_Constructors_in_Inheritance.py
2023-10-14 10:58:33.580 [info] Discover tests for workspace name: quant_apt - uri: /home/shri123/learning/quant_apt/Telusko _Python_course/#56_Constructors_in_Inheritance.py
2023-10-14 10:58:33.853 [info] Discover tests for workspace name: quant_apt - uri: /home/shri123/learning/quant_apt/Telusko _Python_course/#56_Constructors_in_Inheritance.py
2023-10-14 10:58:34.722 [info] Discover tests for workspace name: quant_apt - uri: /home/shri123/learning/quant_apt/Telusko _Python_course/#56_Constructors_in_Inheritance.py
2023-10-14 11:00:07.678 [info] Discover tests for workspace name: quant_apt - uri: /home/shri123/learning/quant_apt/Telusko _Python_course/#56_Constructors_in_Inheritance.py
2023-10-14 11:00:18.099 [info] Discover tests for workspace name: quant_apt - uri: /home/shri123/learning/quant_apt/Telusko _Python_course/#56_Constructors_in_Inheritance.py
2023-10-14 11:00:18.371 [info] Discover tests for workspace name: quant_apt - uri: /home/shri123/learning/quant_apt/Telusko _Python_course/#56_Constructors_in_Inheritance.py
2023-10-14 11:00:57.661 [info] Discover tests for workspace name: quant_apt - uri: /home/shri123/learning/quant_apt/Telusko _Python_course/#56_Constructors_in_Inheritance.py
2023-10-14 11:02:58.419 [info] Discover tests for workspace name: quant_apt - uri: /home/shri123/learning/quant_apt/Telusko _Python_course/#56_Constructors_in_Inheritance.py
2023-10-14 11:03:22.565 [info] Discover tests for workspace name: quant_apt - uri: /home/shri123/learning/quant_apt/Telusko _Python_course/#56_Constructors_in_Inheritance.py
2023-10-14 11:03:51.478 [info] Discover tests for workspace name: quant_apt - uri: /home/shri123/learning/quant_apt/Telusko _Python_course/#56_Constructors_in_Inheritance.py
2023-10-14 11:25:17.809 [info] Discover tests for workspace name: quant_apt - uri: /home/shri123/learning/quant_apt/Quant_APT/Chapter_1_numbers/Divisible_by_2.py
2023-10-14 11:29:10.220 [info] Discover tests for workspace name: quant_apt - uri: /home/shri123/learning/quant_apt/Quant_APT/Chapter_1_numbers/Divisible_by_2.py
2023-10-14 11:34:04.377 [info] Discover tests for workspace name: quant_apt - uri: /home/shri123/learning/quant_apt/Quant_APT/Chapter_1_numbers/Divisible_by_2.py
2023-10-14 11:40:11.120 [info] Discover tests for workspace name: quant_apt - uri: /home/shri123/learning/quant_apt/Quant_APT/Chapter_1_numbers/Divisible_by_2.py
2023-10-14 11:40:11.385 [info] Discover tests for workspace name: quant_apt - uri: /home/shri123/learning/quant_apt/Quant_APT/Chapter_1_numbers/Divisible_by_2.py
2023-10-14 11:41:38.884 [info] Discover tests for workspace name: quant_apt - uri: /home/shri123/learning/quant_apt/Quant_APT/Chapter_1_numbers/Divisible_by_2.py
2023-10-14 11:41:40.551 [info] Send text to terminal: /bin/python3 /home/shri123/learning/quant_apt/Quant_APT/Chapter_1_numbers/Divisible_by_2.py
2023-10-14 11:42:46.108 [info] Discover tests for workspace name: quant_apt - uri: /home/shri123/learning/quant_apt/Quant_APT/Chapter_1_numbers/Divisible_by_2.py
2023-10-14 11:43:10.177 [info] Discover tests for workspace name: quant_apt - uri: /home/shri123/learning/quant_apt/Quant_APT/Chapter_1_numbers/Divisible_by_2.py
2023-10-14 11:44:05.976 [info] Discover tests for workspace name: quant_apt - uri: /home/shri123/learning/quant_apt/Quant_APT/Chapter_1_numbers/Divisible_by_2.py
2023-10-14 11:44:07.298 [info] Discover tests for workspace name: quant_apt - uri: /home/shri123/learning/quant_apt/Quant_APT/Chapter_1_numbers/Divisible_by_2.py
2023-10-14 11:44:07.552 [info] Discover tests for workspace name: quant_apt - uri: /home/shri123/learning/quant_apt/Quant_APT/Chapter_1_numbers/Divisible_by_2.py
2023-10-14 11:46:09.466 [info] Discover tests for workspace name: quant_apt - uri: /home/shri123/learning/quant_apt/Quant_APT/Chapter_1_numbers/Divisible_by_2.py
2023-10-14 11:47:12.307 [info] Discover tests for workspace name: quant_apt - uri: /home/shri123/learning/quant_apt/Quant_APT/Chapter_1_numbers/Divisible_by_2.py
2023-10-14 11:47:26.417 [info] Discover tests for workspace name: quant_apt - uri: /home/shri123/learning/quant_apt/Quant_APT/Chapter_1_numbers/Divisible_by_2.py
2023-10-14 11:48:36.096 [info] Discover tests for workspace name: quant_apt - uri: /home/shri123/learning/quant_apt/Quant_APT/Chapter_1_numbers/Divisible_by_2.py
2023-10-14 11:51:11.722 [info] Discover tests for workspace name: quant_apt - uri: /home/shri123/learning/quant_apt/Quant_APT/Chapter_1_numbers/Divisible_by_2.py
2023-10-14 12:12:35.129 [info] Discover tests for workspace name: quant_apt - uri: /home/shri123/learning/quant_apt/Quant_APT/Chapter_1_numbers/Divisible_by_2.py
2023-10-14 12:12:35.412 [info] Discover tests for workspace name: quant_apt - uri: /home/shri123/learning/quant_apt/Quant_APT/Chapter_1_numbers/Divisible_by_2.py
2023-10-14 13:28:15.540 [info] Discover tests for workspace name: quant_apt - uri: /home/shri123/learning/quant_apt/Quant_APT/Chapter_1_numbers/Divisible_by_2.py
2023-10-14 13:28:15.826 [info] Discover tests for workspace name: quant_apt - uri: /home/shri123/learning/quant_apt/Quant_APT/Chapter_1_numbers/Divisible_by_2.py
2023-10-14 13:32:06.262 [info] Discover tests for workspace name: quant_apt - uri: /home/shri123/learning/quant_apt/Quant_APT/Chapter_1_numbers/Divisible_by_2.py
2023-10-14 13:32:06.645 [info] Discover tests for workspace name: quant_apt - uri: /home/shri123/learning/quant_apt/Quant_APT/Chapter_1_numbers/Divisible_by_2.py
2023-10-14 13:35:28.843 [info] Discover tests for workspace name: quant_apt - uri: /home/shri123/learning/quant_apt/Quant_APT/Chapter_1_numbers/Divisible_by_2.py
2023-10-14 13:35:29.111 [info] Discover tests for workspace name: quant_apt - uri: /home/shri123/learning/quant_apt/Quant_APT/Chapter_1_numbers/Divisible_by_2.py
2023-10-14 13:37:39.064 [info] Discover tests for workspace name: quant_apt - uri: /home/shri123/learning/quant_apt/Quant_APT/Chapter_1_numbers/Divisible_by_2.py
2023-10-14 13:38:07.243 [info] Discover tests for workspace name: quant_apt - uri: /home/shri123/learning/quant_apt/Quant_APT/Chapter_1_numbers/Divisible_by_2.py
2023-10-14 13:46:42.017 [info] Discover tests for workspace name: quant_apt - uri: /home/shri123/learning/quant_apt/Quant_APT/Chapter_1_numbers/Divisible_by_2.py
2023-10-14 13:47:51.535 [info] Discover tests for workspace name: quant_apt - uri: /home/shri123/learning/quant_apt/Quant_APT/Chapter_1_numbers/Divisible_by_2.py
2023-10-14 13:49:28.492 [info] Discover tests for workspace name: quant_apt - uri: /home/shri123/learning/quant_apt/Quant_APT/Chapter_1_numbers/Divisible_by_2.py
2023-10-14 13:51:01.649 [info] Discover tests for workspace name: quant_apt - uri: /home/shri123/learning/quant_apt/Quant_APT/Chapter_1_numbers/Divisible_by_2.py
2023-10-14 13:51:55.239 [info] Discover tests for workspace name: quant_apt - uri: /home/shri123/learning/quant_apt/Quant_APT/Chapter_1_numbers/Divisible_by_2.py
2023-10-14 13:53:02.204 [info] Discover tests for workspace name: quant_apt - uri: /home/shri123/learning/quant_apt/Quant_APT/Chapter_1_numbers/Divisible_by_2.py
2023-10-14 13:53:08.755 [info] Discover tests for workspace name: quant_apt - uri: /home/shri123/learning/quant_apt/Quant_APT/Chapter_1_numbers/Divisible_by_2.py
2023-10-14 13:54:15.160 [info] Discover tests for workspace name: quant_apt - uri: /home/shri123/learning/quant_apt/Quant_APT/Chapter_1_numbers/Divisible_by_2.py
2023-10-14 13:54:15.800 [info] Discover tests for workspace name: quant_apt - uri: /home/shri123/learning/quant_apt/Quant_APT/Chapter_1_numbers/Divisible_by_2.py
2023-10-14 13:55:22.981 [info] Discover tests for workspace name: quant_apt - uri: /home/shri123/learning/quant_apt/Quant_APT/Chapter_1_numbers/Divisible_by_2.py
2023-10-14 13:55:23.794 [info] Discover tests for workspace name: quant_apt - uri: /home/shri123/learning/quant_apt/Quant_APT/Chapter_1_numbers/Divisible_by_2.py
