2023-10-18 10:23:18.413 [info] Log level: Info
2023-10-18 10:23:18.413 [info] Validating found git in: "git"
2023-10-18 10:23:18.413 [info] Using git "2.25.1" from "git"
2023-10-18 10:23:18.437 [info] > git rev-parse --show-toplevel [29ms]
2023-10-18 10:23:18.466 [info] > git rev-parse --git-dir --git-common-dir [5ms]
2023-10-18 10:23:18.515 [info] Open repository: /home/shri123/learning
2023-10-18 10:23:18.567 [info] > git rev-parse --show-toplevel [7ms]
2023-10-18 10:23:18.569 [info] > git config --get commit.template [32ms]
2023-10-18 10:23:18.637 [info] > git rev-parse --show-toplevel [58ms]
2023-10-18 10:23:18.650 [info] > git for-each-ref --format=%(refname)%00%(upstream:short)%00%(objectname)%00%(upstream:track)%00%(upstream:remotename)%00%(upstream:remoteref) refs/heads/master refs/remotes/master [38ms]
2023-10-18 10:23:18.670 [info] > git rev-parse --show-toplevel [24ms]
2023-10-18 10:23:18.684 [info] > git rev-parse --show-toplevel [3ms]
2023-10-18 10:23:18.694 [info] > git status -z -uall [30ms]
2023-10-18 10:23:19.563 [info] > git check-ignore -v -z --stdin [27ms]
2023-10-18 10:23:19.569 [info] > git config --get commit.template [802ms]
2023-10-18 10:23:19.609 [info] > git for-each-ref --format=%(refname)%00%(upstream:short)%00%(objectname)%00%(upstream:track)%00%(upstream:remotename)%00%(upstream:remoteref) refs/heads/master refs/remotes/master [3ms]
2023-10-18 10:23:19.638 [info] > git status -z -uall [10ms]
2023-10-18 10:23:20.372 [info] > git check-ignore -v -z --stdin [209ms]
2023-10-18 10:23:21.317 [info] > git check-ignore -v -z --stdin [2ms]
2023-10-18 10:23:28.093 [info] > git check-ignore -v -z --stdin [1ms]
2023-10-18 10:23:50.895 [info] > git check-ignore -v -z --stdin [1ms]
2023-10-18 10:24:14.482 [info] > git check-ignore -v -z --stdin [893ms]
2023-10-18 10:24:14.484 [info] > git check-ignore -v -z --stdin [14ms]
2023-10-18 10:24:14.489 [info] > git config --get commit.template [52ms]
2023-10-18 10:24:14.580 [info] > git show --textconv :quant_apt/Telusko _Python_course/#60_Method_Overloading.py [63ms]
2023-10-18 10:24:14.580 [info] > git ls-files --stage -- /home/shri123/learning/quant_apt/Telusko _Python_course/#60_Method_Overloading.py [45ms]
2023-10-18 10:24:15.261 [info] > git for-each-ref --format=%(refname)%00%(upstream:short)%00%(objectname)%00%(upstream:track)%00%(upstream:remotename)%00%(upstream:remoteref) refs/heads/master refs/remotes/master [702ms]
2023-10-18 10:24:15.342 [info] > git status -z -uall [64ms]
2023-10-18 10:31:36.790 [info] > git config --get commit.template [13ms]
2023-10-18 10:31:36.791 [info] > git for-each-ref --format=%(refname)%00%(upstream:short)%00%(objectname)%00%(upstream:track)%00%(upstream:remotename)%00%(upstream:remoteref) refs/heads/master refs/remotes/master [3ms]
2023-10-18 10:31:36.814 [info] > git status -z -uall [5ms]
2023-10-18 10:31:41.841 [info] > git config --get commit.template [7ms]
2023-10-18 10:31:41.842 [info] > git for-each-ref --format=%(refname)%00%(upstream:short)%00%(objectname)%00%(upstream:track)%00%(upstream:remotename)%00%(upstream:remoteref) refs/heads/master refs/remotes/master [2ms]
2023-10-18 10:31:41.854 [info] > git status -z -uall [5ms]
2023-10-18 10:31:58.386 [info] > git config --get commit.template [1ms]
2023-10-18 10:31:58.394 [info] > git for-each-ref --format=%(refname)%00%(upstream:short)%00%(objectname)%00%(upstream:track)%00%(upstream:remotename)%00%(upstream:remoteref) refs/heads/master refs/remotes/master [1ms]
2023-10-18 10:31:58.402 [info] > git status -z -uall [1ms]
2023-10-18 10:32:03.418 [info] > git config --get commit.template [1ms]
2023-10-18 10:32:03.426 [info] > git for-each-ref --format=%(refname)%00%(upstream:short)%00%(objectname)%00%(upstream:track)%00%(upstream:remotename)%00%(upstream:remoteref) refs/heads/master refs/remotes/master [1ms]
2023-10-18 10:32:03.434 [info] > git status -z -uall [1ms]
2023-10-18 10:32:46.441 [info] > git config --get commit.template [9ms]
2023-10-18 10:32:46.442 [info] > git for-each-ref --format=%(refname)%00%(upstream:short)%00%(objectname)%00%(upstream:track)%00%(upstream:remotename)%00%(upstream:remoteref) refs/heads/master refs/remotes/master [2ms]
2023-10-18 10:32:46.452 [info] > git status -z -uall [2ms]
2023-10-18 10:33:04.287 [info] > git config --get commit.template [1ms]
2023-10-18 10:33:04.295 [info] > git for-each-ref --format=%(refname)%00%(upstream:short)%00%(objectname)%00%(upstream:track)%00%(upstream:remotename)%00%(upstream:remoteref) refs/heads/master refs/remotes/master [2ms]
2023-10-18 10:33:04.304 [info] > git status -z -uall [2ms]
2023-10-18 10:34:15.307 [info] > git config --get commit.template [2ms]
2023-10-18 10:34:15.318 [info] > git for-each-ref --format=%(refname)%00%(upstream:short)%00%(objectname)%00%(upstream:track)%00%(upstream:remotename)%00%(upstream:remoteref) refs/heads/master refs/remotes/master [2ms]
2023-10-18 10:34:15.330 [info] > git status -z -uall [4ms]
2023-10-18 10:36:20.057 [info] > git config --get commit.template [1ms]
2023-10-18 10:36:20.064 [info] > git for-each-ref --format=%(refname)%00%(upstream:short)%00%(objectname)%00%(upstream:track)%00%(upstream:remotename)%00%(upstream:remoteref) refs/heads/master refs/remotes/master [1ms]
2023-10-18 10:36:20.074 [info] > git status -z -uall [1ms]
2023-10-18 10:36:35.585 [info] > git config --get commit.template [4ms]
2023-10-18 10:36:35.595 [info] > git for-each-ref --format=%(refname)%00%(upstream:short)%00%(objectname)%00%(upstream:track)%00%(upstream:remotename)%00%(upstream:remoteref) refs/heads/master refs/remotes/master [1ms]
2023-10-18 10:36:35.609 [info] > git status -z -uall [2ms]
2023-10-18 10:46:11.151 [info] > git show --textconv :quant_apt/Telusko _Python_course/#60_Method_overriding.py [16ms]
2023-10-18 10:46:11.153 [info] > git ls-files --stage -- /home/shri123/learning/quant_apt/Telusko _Python_course/#60_Method_overriding.py [3ms]
2023-10-18 10:46:11.311 [info] > git check-ignore -v -z --stdin [14ms]
2023-10-18 10:46:11.801 [info] > git config --get commit.template [3ms]
2023-10-18 10:46:11.815 [info] > git for-each-ref --format=%(refname)%00%(upstream:short)%00%(objectname)%00%(upstream:track)%00%(upstream:remotename)%00%(upstream:remoteref) refs/heads/master refs/remotes/master [3ms]
2023-10-18 10:46:11.830 [info] > git status -z -uall [4ms]
2023-10-18 10:47:15.850 [info] > git config --get commit.template [1ms]
2023-10-18 10:47:15.857 [info] > git for-each-ref --format=%(refname)%00%(upstream:short)%00%(objectname)%00%(upstream:track)%00%(upstream:remotename)%00%(upstream:remoteref) refs/heads/master refs/remotes/master [1ms]
2023-10-18 10:47:15.866 [info] > git status -z -uall [2ms]
2023-10-18 10:47:20.883 [info] > git config --get commit.template [1ms]
2023-10-18 10:47:20.892 [info] > git for-each-ref --format=%(refname)%00%(upstream:short)%00%(objectname)%00%(upstream:track)%00%(upstream:remotename)%00%(upstream:remoteref) refs/heads/master refs/remotes/master [1ms]
2023-10-18 10:47:20.901 [info] > git status -z -uall [1ms]
2023-10-18 10:47:30.764 [info] > git config --get commit.template [11ms]
2023-10-18 10:47:30.766 [info] > git for-each-ref --format=%(refname)%00%(upstream:short)%00%(objectname)%00%(upstream:track)%00%(upstream:remotename)%00%(upstream:remoteref) refs/heads/master refs/remotes/master [2ms]
2023-10-18 10:47:30.775 [info] > git status -z -uall [2ms]
2023-10-18 10:47:41.491 [info] > git config --get commit.template [1ms]
2023-10-18 10:47:41.502 [info] > git for-each-ref --format=%(refname)%00%(upstream:short)%00%(objectname)%00%(upstream:track)%00%(upstream:remotename)%00%(upstream:remoteref) refs/heads/master refs/remotes/master [1ms]
2023-10-18 10:47:41.514 [info] > git status -z -uall [3ms]
2023-10-18 10:48:14.315 [info] > git config --get commit.template [2ms]
2023-10-18 10:48:14.325 [info] > git for-each-ref --format=%(refname)%00%(upstream:short)%00%(objectname)%00%(upstream:track)%00%(upstream:remotename)%00%(upstream:remoteref) refs/heads/master refs/remotes/master [2ms]
2023-10-18 10:48:14.335 [info] > git status -z -uall [4ms]
2023-10-18 10:48:25.271 [info] > git config --get commit.template [11ms]
2023-10-18 10:48:25.272 [info] > git for-each-ref --format=%(refname)%00%(upstream:short)%00%(objectname)%00%(upstream:track)%00%(upstream:remotename)%00%(upstream:remoteref) refs/heads/master refs/remotes/master [2ms]
2023-10-18 10:48:25.281 [info] > git status -z -uall [3ms]
2023-10-18 10:48:31.745 [info] > git config --get commit.template [9ms]
2023-10-18 10:48:31.747 [info] > git for-each-ref --format=%(refname)%00%(upstream:short)%00%(objectname)%00%(upstream:track)%00%(upstream:remotename)%00%(upstream:remoteref) refs/heads/master refs/remotes/master [3ms]
2023-10-18 10:48:31.757 [info] > git status -z -uall [3ms]
2023-10-18 10:48:37.088 [info] > git config --get commit.template [1ms]
2023-10-18 10:48:37.096 [info] > git for-each-ref --format=%(refname)%00%(upstream:short)%00%(objectname)%00%(upstream:track)%00%(upstream:remotename)%00%(upstream:remoteref) refs/heads/master refs/remotes/master [1ms]
2023-10-18 10:48:37.108 [info] > git status -z -uall [2ms]
2023-10-18 10:49:30.904 [info] > git config --get commit.template [2ms]
2023-10-18 10:49:30.917 [info] > git for-each-ref --format=%(refname)%00%(upstream:short)%00%(objectname)%00%(upstream:track)%00%(upstream:remotename)%00%(upstream:remoteref) refs/heads/master refs/remotes/master [1ms]
2023-10-18 10:49:30.932 [info] > git status -z -uall [2ms]
2023-10-18 10:49:31.839 [info] > git show --textconv :quant_apt/Telusko _Python_course/#60_Method_Overloading.py [8ms]
2023-10-18 10:49:31.841 [info] > git ls-files --stage -- /home/shri123/learning/quant_apt/Telusko _Python_course/#60_Method_Overloading.py [3ms]
2023-10-18 11:32:40.362 [info] > git show --textconv :quant_apt/Telusko _Python_course/#61_Iterators.py [110ms]
2023-10-18 11:32:40.365 [info] > git check-ignore -v -z --stdin [32ms]
2023-10-18 11:32:40.378 [info] > git ls-files --stage -- /home/shri123/learning/quant_apt/Telusko _Python_course/#61_Iterators.py [85ms]
2023-10-18 11:32:40.834 [info] > git config --get commit.template [22ms]
2023-10-18 11:32:40.889 [info] > git for-each-ref --format=%(refname)%00%(upstream:short)%00%(objectname)%00%(upstream:track)%00%(upstream:remotename)%00%(upstream:remoteref) refs/heads/master refs/remotes/master [54ms]
2023-10-18 11:32:40.920 [info] > git status -z -uall [10ms]
2023-10-18 11:40:21.443 [info] > git config --get commit.template [19ms]
2023-10-18 11:40:21.447 [info] > git for-each-ref --format=%(refname)%00%(upstream:short)%00%(objectname)%00%(upstream:track)%00%(upstream:remotename)%00%(upstream:remoteref) refs/heads/master refs/remotes/master [7ms]
2023-10-18 11:40:21.487 [info] > git status -z -uall [10ms]
2023-10-18 11:40:44.602 [info] > git config --get commit.template [1ms]
2023-10-18 11:40:44.611 [info] > git for-each-ref --format=%(refname)%00%(upstream:short)%00%(objectname)%00%(upstream:track)%00%(upstream:remotename)%00%(upstream:remoteref) refs/heads/master refs/remotes/master [2ms]
2023-10-18 11:40:44.627 [info] > git status -z -uall [2ms]
2023-10-18 11:40:58.295 [info] > git config --get commit.template [11ms]
2023-10-18 11:40:58.295 [info] > git for-each-ref --format=%(refname)%00%(upstream:short)%00%(objectname)%00%(upstream:track)%00%(upstream:remotename)%00%(upstream:remoteref) refs/heads/master refs/remotes/master [1ms]
2023-10-18 11:40:58.308 [info] > git status -z -uall [4ms]
2023-10-18 11:41:30.143 [info] > git config --get commit.template [12ms]
2023-10-18 11:41:30.144 [info] > git for-each-ref --format=%(refname)%00%(upstream:short)%00%(objectname)%00%(upstream:track)%00%(upstream:remotename)%00%(upstream:remoteref) refs/heads/master refs/remotes/master [3ms]
2023-10-18 11:41:30.157 [info] > git status -z -uall [2ms]
2023-10-18 11:41:35.189 [info] > git config --get commit.template [12ms]
2023-10-18 11:41:35.189 [info] > git for-each-ref --format=%(refname)%00%(upstream:short)%00%(objectname)%00%(upstream:track)%00%(upstream:remotename)%00%(upstream:remoteref) refs/heads/master refs/remotes/master [1ms]
2023-10-18 11:41:35.202 [info] > git status -z -uall [3ms]
2023-10-18 11:41:58.368 [info] > git config --get commit.template [9ms]
2023-10-18 11:41:58.369 [info] > git for-each-ref --format=%(refname)%00%(upstream:short)%00%(objectname)%00%(upstream:track)%00%(upstream:remotename)%00%(upstream:remoteref) refs/heads/master refs/remotes/master [2ms]
2023-10-18 11:41:58.377 [info] > git status -z -uall [2ms]
2023-10-18 11:42:39.584 [info] > git config --get commit.template [2ms]
2023-10-18 11:42:39.593 [info] > git for-each-ref --format=%(refname)%00%(upstream:short)%00%(objectname)%00%(upstream:track)%00%(upstream:remotename)%00%(upstream:remoteref) refs/heads/master refs/remotes/master [2ms]
2023-10-18 11:42:39.602 [info] > git status -z -uall [2ms]
2023-10-18 11:42:53.970 [info] > git config --get commit.template [10ms]
2023-10-18 11:42:53.971 [info] > git for-each-ref --format=%(refname)%00%(upstream:short)%00%(objectname)%00%(upstream:track)%00%(upstream:remotename)%00%(upstream:remoteref) refs/heads/master refs/remotes/master [2ms]
2023-10-18 11:42:53.982 [info] > git status -z -uall [3ms]
2023-10-18 11:43:33.141 [info] > git config --get commit.template [0ms]
2023-10-18 11:43:33.149 [info] > git for-each-ref --format=%(refname)%00%(upstream:short)%00%(objectname)%00%(upstream:track)%00%(upstream:remotename)%00%(upstream:remoteref) refs/heads/master refs/remotes/master [1ms]
2023-10-18 11:43:33.158 [info] > git status -z -uall [2ms]
2023-10-18 11:43:51.802 [info] > git config --get commit.template [11ms]
2023-10-18 11:43:51.804 [info] > git for-each-ref --format=%(refname)%00%(upstream:short)%00%(objectname)%00%(upstream:track)%00%(upstream:remotename)%00%(upstream:remoteref) refs/heads/master refs/remotes/master [2ms]
2023-10-18 11:43:51.816 [info] > git status -z -uall [3ms]
2023-10-18 11:43:59.300 [info] > git config --get commit.template [8ms]
2023-10-18 11:43:59.301 [info] > git for-each-ref --format=%(refname)%00%(upstream:short)%00%(objectname)%00%(upstream:track)%00%(upstream:remotename)%00%(upstream:remoteref) refs/heads/master refs/remotes/master [2ms]
2023-10-18 11:43:59.313 [info] > git status -z -uall [2ms]
2023-10-18 11:44:04.335 [info] > git config --get commit.template [1ms]
2023-10-18 11:44:04.346 [info] > git for-each-ref --format=%(refname)%00%(upstream:short)%00%(objectname)%00%(upstream:track)%00%(upstream:remotename)%00%(upstream:remoteref) refs/heads/master refs/remotes/master [3ms]
2023-10-18 11:44:04.356 [info] > git status -z -uall [2ms]
2023-10-18 11:44:42.507 [info] > git show --textconv :quant_apt/Quant_APT/Chapter_1_numbers/Divisibility_by_3.py [8ms]
2023-10-18 11:44:42.509 [info] > git ls-files --stage -- /home/shri123/learning/quant_apt/Quant_APT/Chapter_1_numbers/Divisibility_by_3.py [2ms]
2023-10-18 11:44:43.672 [info] > git show --textconv :quant_apt/Quant_APT/Chapter_1_numbers/Divisibility_by_8.py [10ms]
2023-10-18 11:44:43.673 [info] > git ls-files --stage -- /home/shri123/learning/quant_apt/Quant_APT/Chapter_1_numbers/Divisibility_by_8.py [2ms]
2023-10-18 11:44:44.711 [info] > git show --textconv :quant_apt/Quant_APT/Chapter_1_numbers/Divisibility_by_9.py [8ms]
2023-10-18 11:44:44.712 [info] > git ls-files --stage -- /home/shri123/learning/quant_apt/Quant_APT/Chapter_1_numbers/Divisibility_by_9.py [2ms]
2023-10-18 11:44:45.422 [info] > git show --textconv :quant_apt/Quant_APT/Chapter_1_numbers/Divisible_by_2.py [11ms]
2023-10-18 11:44:45.423 [info] > git ls-files --stage -- /home/shri123/learning/quant_apt/Quant_APT/Chapter_1_numbers/Divisible_by_2.py [2ms]
2023-10-18 11:44:45.907 [info] > git show --textconv :quant_apt/Quant_APT/Chapter_1_numbers/Divisible_by_4.py [7ms]
2023-10-18 11:44:45.908 [info] > git ls-files --stage -- /home/shri123/learning/quant_apt/Quant_APT/Chapter_1_numbers/Divisible_by_4.py [2ms]
2023-10-18 11:45:01.514 [info] > git show --textconv :quant_apt/Quant_APT/Chapter_1_numbers/Divisible_by_2.py [8ms]
2023-10-18 11:45:01.516 [info] > git ls-files --stage -- /home/shri123/learning/quant_apt/Quant_APT/Chapter_1_numbers/Divisible_by_2.py [1ms]
2023-10-18 11:45:02.277 [info] > git show --textconv :quant_apt/Quant_APT/Chapter_1_numbers/Divisibility_by_9.py [10ms]
2023-10-18 11:45:02.277 [info] > git ls-files --stage -- /home/shri123/learning/quant_apt/Quant_APT/Chapter_1_numbers/Divisibility_by_9.py [1ms]
2023-10-18 11:45:02.927 [info] > git show --textconv :quant_apt/Quant_APT/Chapter_1_numbers/Divisibility_by_8.py [7ms]
2023-10-18 11:45:02.929 [info] > git ls-files --stage -- /home/shri123/learning/quant_apt/Quant_APT/Chapter_1_numbers/Divisibility_by_8.py [4ms]
2023-10-18 11:45:03.452 [info] > git show --textconv :quant_apt/Quant_APT/Chapter_1_numbers/Divisibility_by_3.py [7ms]
2023-10-18 11:45:03.453 [info] > git ls-files --stage -- /home/shri123/learning/quant_apt/Quant_APT/Chapter_1_numbers/Divisibility_by_3.py [2ms]
2023-10-18 11:45:05.788 [info] > git show --textconv :quant_apt/Quant_APT/Chapter_1_numbers/Even_OR_Odd.py [8ms]
2023-10-18 11:45:05.789 [info] > git ls-files --stage -- /home/shri123/learning/quant_apt/Quant_APT/Chapter_1_numbers/Even_OR_Odd.py [2ms]
2023-10-18 11:45:07.434 [info] > git show --textconv :quant_apt/Quant_APT/Chapter_1_numbers/Find_place_of_a_number.py [8ms]
2023-10-18 11:45:07.434 [info] > git ls-files --stage -- /home/shri123/learning/quant_apt/Quant_APT/Chapter_1_numbers/Find_place_of_a_number.py [1ms]
2023-10-18 11:45:09.235 [info] > git show --textconv :quant_apt/Quant_APT/Chapter_1_numbers/Numbers2words.py [7ms]
2023-10-18 11:45:09.236 [info] > git ls-files --stage -- /home/shri123/learning/quant_apt/Quant_APT/Chapter_1_numbers/Numbers2words.py [1ms]
2023-10-18 11:45:12.241 [info] > git show --textconv :quant_apt/Quant_APT/Chapter_1_numbers/Prime_number.py [10ms]
2023-10-18 11:45:12.242 [info] > git ls-files --stage -- /home/shri123/learning/quant_apt/Quant_APT/Chapter_1_numbers/Prime_number.py [2ms]
2023-10-18 11:45:14.552 [info] > git show --textconv :quant_apt/Quant_APT/Chapter_1_numbers/Numbers2words.py [8ms]
2023-10-18 11:45:14.553 [info] > git ls-files --stage -- /home/shri123/learning/quant_apt/Quant_APT/Chapter_1_numbers/Numbers2words.py [2ms]
2023-10-18 11:45:22.563 [info] > git show --textconv :quant_apt/Quant_APT/Chapter_1_numbers/Prime_number.py [7ms]
2023-10-18 11:45:22.564 [info] > git ls-files --stage -- /home/shri123/learning/quant_apt/Quant_APT/Chapter_1_numbers/Prime_number.py [1ms]
2023-10-18 11:45:25.824 [info] > git show --textconv :quant_apt/Quant_APT/Chapter_1_numbers/Types_of_numbers.py [10ms]
2023-10-18 11:45:25.825 [info] > git ls-files --stage -- /home/shri123/learning/quant_apt/Quant_APT/Chapter_1_numbers/Types_of_numbers.py [1ms]
2023-10-18 11:45:31.397 [info] > git show --textconv :quant_apt/Quant_APT/Chapter_1_numbers/Prime_number.py [7ms]
2023-10-18 11:45:31.398 [info] > git ls-files --stage -- /home/shri123/learning/quant_apt/Quant_APT/Chapter_1_numbers/Prime_number.py [2ms]
2023-10-18 11:45:33.856 [info] > git show --textconv :quant_apt/Quant_APT/Chapter_1_numbers/Numbers2words.py [7ms]
2023-10-18 11:45:33.857 [info] > git ls-files --stage -- /home/shri123/learning/quant_apt/Quant_APT/Chapter_1_numbers/Numbers2words.py [2ms]
2023-10-18 11:46:34.580 [info] > git show --textconv :quant_apt/Quant_APT/Chapter_1_numbers/Divisibility_by_8.py [8ms]
2023-10-18 11:46:34.581 [info] > git ls-files --stage -- /home/shri123/learning/quant_apt/Quant_APT/Chapter_1_numbers/Divisibility_by_8.py [1ms]
2023-10-18 11:46:47.442 [info] > git show --textconv :quant_apt/Quant_APT/Chapter_1_numbers/Divisibility_by_3.py [10ms]
2023-10-18 11:46:47.442 [info] > git ls-files --stage -- /home/shri123/learning/quant_apt/Quant_APT/Chapter_1_numbers/Divisibility_by_3.py [1ms]
2023-10-18 11:47:10.822 [info] > git show --textconv :quant_apt/Quant_APT/Chapter_1_numbers/divisibility_by_10.py [7ms]
2023-10-18 11:47:10.823 [info] > git ls-files --stage -- /home/shri123/learning/quant_apt/Quant_APT/Chapter_1_numbers/divisibility_by_10.py [2ms]
2023-10-18 11:47:11.072 [info] > git check-ignore -v -z --stdin [3ms]
2023-10-18 11:47:11.656 [info] > git config --get commit.template [3ms]
2023-10-18 11:47:11.664 [info] > git for-each-ref --format=%(refname)%00%(upstream:short)%00%(objectname)%00%(upstream:track)%00%(upstream:remotename)%00%(upstream:remoteref) refs/heads/master refs/remotes/master [1ms]
2023-10-18 11:47:11.675 [info] > git status -z -uall [2ms]
2023-10-18 11:47:40.666 [info] > git config --get commit.template [3ms]
2023-10-18 11:47:40.681 [info] > git for-each-ref --format=%(refname)%00%(upstream:short)%00%(objectname)%00%(upstream:track)%00%(upstream:remotename)%00%(upstream:remoteref) refs/heads/master refs/remotes/master [3ms]
2023-10-18 11:47:40.701 [info] > git status -z -uall [3ms]
2023-10-18 11:47:45.719 [info] > git config --get commit.template [1ms]
2023-10-18 11:47:45.730 [info] > git for-each-ref --format=%(refname)%00%(upstream:short)%00%(objectname)%00%(upstream:track)%00%(upstream:remotename)%00%(upstream:remoteref) refs/heads/master refs/remotes/master [1ms]
2023-10-18 11:47:45.739 [info] > git status -z -uall [2ms]
2023-10-18 11:48:28.183 [info] > git config --get commit.template [7ms]
2023-10-18 11:48:28.184 [info] > git for-each-ref --format=%(refname)%00%(upstream:short)%00%(objectname)%00%(upstream:track)%00%(upstream:remotename)%00%(upstream:remoteref) refs/heads/master refs/remotes/master [2ms]
2023-10-18 11:48:28.194 [info] > git status -z -uall [4ms]
2023-10-18 11:49:08.148 [info] > git config --get commit.template [10ms]
2023-10-18 11:49:08.149 [info] > git for-each-ref --format=%(refname)%00%(upstream:short)%00%(objectname)%00%(upstream:track)%00%(upstream:remotename)%00%(upstream:remoteref) refs/heads/master refs/remotes/master [2ms]
2023-10-18 11:49:08.159 [info] > git status -z -uall [2ms]
2023-10-18 11:49:25.888 [info] > git config --get commit.template [7ms]
2023-10-18 11:49:25.889 [info] > git for-each-ref --format=%(refname)%00%(upstream:short)%00%(objectname)%00%(upstream:track)%00%(upstream:remotename)%00%(upstream:remoteref) refs/heads/master refs/remotes/master [1ms]
2023-10-18 11:49:25.896 [info] > git status -z -uall [2ms]
2023-10-18 11:55:43.169 [info] > git show --textconv :quant_apt/Quant_APT/Chapter_1_numbers/Divisibility_of_5.py [16ms]
2023-10-18 11:55:43.172 [info] > git ls-files --stage -- /home/shri123/learning/quant_apt/Quant_APT/Chapter_1_numbers/Divisibility_of_5.py [5ms]
2023-10-18 11:55:43.415 [info] > git check-ignore -v -z --stdin [2ms]
2023-10-18 11:55:44.046 [info] > git config --get commit.template [1ms]
2023-10-18 11:55:44.058 [info] > git for-each-ref --format=%(refname)%00%(upstream:short)%00%(objectname)%00%(upstream:track)%00%(upstream:remotename)%00%(upstream:remoteref) refs/heads/master refs/remotes/master [4ms]
2023-10-18 11:55:44.079 [info] > git status -z -uall [3ms]
2023-10-18 11:56:03.529 [info] > git config --get commit.template [1ms]
2023-10-18 11:56:03.535 [info] > git for-each-ref --format=%(refname)%00%(upstream:short)%00%(objectname)%00%(upstream:track)%00%(upstream:remotename)%00%(upstream:remoteref) refs/heads/master refs/remotes/master [1ms]
2023-10-18 11:56:03.543 [info] > git status -z -uall [1ms]
2023-10-18 11:56:10.598 [info] > git config --get commit.template [0ms]
2023-10-18 11:56:10.606 [info] > git for-each-ref --format=%(refname)%00%(upstream:short)%00%(objectname)%00%(upstream:track)%00%(upstream:remotename)%00%(upstream:remoteref) refs/heads/master refs/remotes/master [1ms]
2023-10-18 11:56:10.613 [info] > git status -z -uall [1ms]
2023-10-18 11:56:56.148 [info] > git config --get commit.template [10ms]
2023-10-18 11:56:56.148 [info] > git for-each-ref --format=%(refname)%00%(upstream:short)%00%(objectname)%00%(upstream:track)%00%(upstream:remotename)%00%(upstream:remoteref) refs/heads/master refs/remotes/master [1ms]
2023-10-18 11:56:56.158 [info] > git status -z -uall [2ms]
2023-10-18 11:57:53.623 [info] > git config --get commit.template [8ms]
2023-10-18 11:57:53.624 [info] > git for-each-ref --format=%(refname)%00%(upstream:short)%00%(objectname)%00%(upstream:track)%00%(upstream:remotename)%00%(upstream:remoteref) refs/heads/master refs/remotes/master [2ms]
2023-10-18 11:57:53.630 [info] > git status -z -uall [1ms]
2023-10-18 11:57:58.645 [info] > git config --get commit.template [1ms]
2023-10-18 11:57:58.652 [info] > git for-each-ref --format=%(refname)%00%(upstream:short)%00%(objectname)%00%(upstream:track)%00%(upstream:remotename)%00%(upstream:remoteref) refs/heads/master refs/remotes/master [0ms]
2023-10-18 11:57:58.659 [info] > git status -z -uall [1ms]
2023-10-18 11:58:03.679 [info] > git config --get commit.template [8ms]
2023-10-18 11:58:03.680 [info] > git for-each-ref --format=%(refname)%00%(upstream:short)%00%(objectname)%00%(upstream:track)%00%(upstream:remotename)%00%(upstream:remoteref) refs/heads/master refs/remotes/master [3ms]
2023-10-18 11:58:03.688 [info] > git status -z -uall [2ms]
2023-10-18 11:59:10.649 [info] > git check-ignore -v -z --stdin [1ms]
2023-10-18 11:59:12.255 [info] > git check-ignore -v -z --stdin [0ms]
2023-10-18 12:02:03.383 [info] > git show --textconv :quant_apt/Quant_APT/Chapter_1_numbers/Divisibility_of_11.py [11ms]
2023-10-18 12:02:03.386 [info] > git ls-files --stage -- /home/shri123/learning/quant_apt/Quant_APT/Chapter_1_numbers/Divisibility_of_11.py [5ms]
2023-10-18 12:02:03.622 [info] > git check-ignore -v -z --stdin [2ms]
2023-10-18 12:02:04.238 [info] > git config --get commit.template [2ms]
2023-10-18 12:02:04.250 [info] > git for-each-ref --format=%(refname)%00%(upstream:short)%00%(objectname)%00%(upstream:track)%00%(upstream:remotename)%00%(upstream:remoteref) refs/heads/master refs/remotes/master [3ms]
2023-10-18 12:02:04.277 [info] > git status -z -uall [4ms]
2023-10-18 12:02:14.909 [info] > git config --get commit.template [2ms]
2023-10-18 12:02:14.919 [info] > git for-each-ref --format=%(refname)%00%(upstream:short)%00%(objectname)%00%(upstream:track)%00%(upstream:remotename)%00%(upstream:remoteref) refs/heads/master refs/remotes/master [1ms]
2023-10-18 12:02:14.946 [info] > git status -z -uall [2ms]
2023-10-18 12:06:47.936 [info] > git config --get commit.template [7ms]
2023-10-18 12:06:47.937 [info] > git for-each-ref --format=%(refname)%00%(upstream:short)%00%(objectname)%00%(upstream:track)%00%(upstream:remotename)%00%(upstream:remoteref) refs/heads/master refs/remotes/master [1ms]
2023-10-18 12:06:47.945 [info] > git status -z -uall [2ms]
2023-10-18 12:06:52.958 [info] > git config --get commit.template [1ms]
2023-10-18 12:06:52.965 [info] > git for-each-ref --format=%(refname)%00%(upstream:short)%00%(objectname)%00%(upstream:track)%00%(upstream:remotename)%00%(upstream:remoteref) refs/heads/master refs/remotes/master [1ms]
2023-10-18 12:06:52.973 [info] > git status -z -uall [1ms]
2023-10-18 12:07:23.657 [info] > git config --get commit.template [7ms]
2023-10-18 12:07:23.658 [info] > git for-each-ref --format=%(refname)%00%(upstream:short)%00%(objectname)%00%(upstream:track)%00%(upstream:remotename)%00%(upstream:remoteref) refs/heads/master refs/remotes/master [1ms]
2023-10-18 12:07:23.667 [info] > git status -z -uall [3ms]
2023-10-18 12:07:31.103 [info] > git config --get commit.template [7ms]
2023-10-18 12:07:31.104 [info] > git for-each-ref --format=%(refname)%00%(upstream:short)%00%(objectname)%00%(upstream:track)%00%(upstream:remotename)%00%(upstream:remoteref) refs/heads/master refs/remotes/master [0ms]
2023-10-18 12:07:31.112 [info] > git status -z -uall [2ms]
2023-10-18 12:07:57.411 [info] > git show --textconv :quant_apt/Quant_APT/Chapter_1_numbers/Divisibility_Test.py [9ms]
2023-10-18 12:07:57.412 [info] > git ls-files --stage -- /home/shri123/learning/quant_apt/Quant_APT/Chapter_1_numbers/Divisibility_Test.py [2ms]
2023-10-18 12:07:57.670 [info] > git check-ignore -v -z --stdin [2ms]
2023-10-18 12:07:58.258 [info] > git config --get commit.template [1ms]
2023-10-18 12:07:58.267 [info] > git for-each-ref --format=%(refname)%00%(upstream:short)%00%(objectname)%00%(upstream:track)%00%(upstream:remotename)%00%(upstream:remoteref) refs/heads/master refs/remotes/master [2ms]
2023-10-18 12:07:58.277 [info] > git status -z -uall [2ms]
2023-10-18 12:08:29.125 [info] > git show --textconv :quant_apt/Quant_APT/Chapter_1_numbers/Test_Of_Divisibility.py [8ms]
2023-10-18 12:08:29.126 [info] > git ls-files --stage -- /home/shri123/learning/quant_apt/Quant_APT/Chapter_1_numbers/Test_Of_Divisibility.py [2ms]
2023-10-18 12:08:29.388 [info] > git check-ignore -v -z --stdin [1ms]
2023-10-18 12:08:29.950 [info] > git show --textconv :quant_apt/Quant_APT/Chapter_1_numbers/Divisibility_of_11.py [9ms]
2023-10-18 12:08:29.951 [info] > git ls-files --stage -- /home/shri123/learning/quant_apt/Quant_APT/Chapter_1_numbers/Divisibility_of_11.py [2ms]
2023-10-18 12:08:29.999 [info] > git config --get commit.template [1ms]
2023-10-18 12:08:30.013 [info] > git for-each-ref --format=%(refname)%00%(upstream:short)%00%(objectname)%00%(upstream:track)%00%(upstream:remotename)%00%(upstream:remoteref) refs/heads/master refs/remotes/master [2ms]
2023-10-18 12:08:30.027 [info] > git status -z -uall [2ms]
2023-10-18 12:08:31.333 [info] > git show --textconv :quant_apt/Quant_APT/Chapter_1_numbers/Test_Of_Divisibility.py [9ms]
2023-10-18 12:08:31.333 [info] > git ls-files --stage -- /home/shri123/learning/quant_apt/Quant_APT/Chapter_1_numbers/Test_Of_Divisibility.py [3ms]
2023-10-18 12:12:01.201 [info] > git config --get commit.template [8ms]
2023-10-18 12:12:01.201 [info] > git for-each-ref --format=%(refname)%00%(upstream:short)%00%(objectname)%00%(upstream:track)%00%(upstream:remotename)%00%(upstream:remoteref) refs/heads/master refs/remotes/master [1ms]
2023-10-18 12:12:01.208 [info] > git status -z -uall [1ms]
2023-10-18 12:12:20.478 [info] > git config --get commit.template [1ms]
2023-10-18 12:12:20.486 [info] > git for-each-ref --format=%(refname)%00%(upstream:short)%00%(objectname)%00%(upstream:track)%00%(upstream:remotename)%00%(upstream:remoteref) refs/heads/master refs/remotes/master [1ms]
2023-10-18 12:12:20.494 [info] > git status -z -uall [2ms]
2023-10-18 12:12:45.928 [info] > git config --get commit.template [0ms]
2023-10-18 12:12:45.935 [info] > git for-each-ref --format=%(refname)%00%(upstream:short)%00%(objectname)%00%(upstream:track)%00%(upstream:remotename)%00%(upstream:remoteref) refs/heads/master refs/remotes/master [1ms]
2023-10-18 12:12:45.943 [info] > git status -z -uall [1ms]
2023-10-18 12:18:08.162 [info] > git config --get commit.template [11ms]
2023-10-18 12:18:08.162 [info] > git for-each-ref --format=%(refname)%00%(upstream:short)%00%(objectname)%00%(upstream:track)%00%(upstream:remotename)%00%(upstream:remoteref) refs/heads/master refs/remotes/master [2ms]
2023-10-18 12:18:08.173 [info] > git status -z -uall [2ms]
2023-10-18 12:18:44.172 [info] > git config --get commit.template [1ms]
2023-10-18 12:18:44.186 [info] > git for-each-ref --format=%(refname)%00%(upstream:short)%00%(objectname)%00%(upstream:track)%00%(upstream:remotename)%00%(upstream:remoteref) refs/heads/master refs/remotes/master [2ms]
2023-10-18 12:18:44.200 [info] > git status -z -uall [3ms]
2023-10-18 12:19:07.337 [info] > git config --get commit.template [1ms]
2023-10-18 12:19:07.348 [info] > git for-each-ref --format=%(refname)%00%(upstream:short)%00%(objectname)%00%(upstream:track)%00%(upstream:remotename)%00%(upstream:remoteref) refs/heads/master refs/remotes/master [2ms]
2023-10-18 12:19:07.362 [info] > git status -z -uall [3ms]
2023-10-18 12:21:50.669 [info] > git config --get commit.template [10ms]
2023-10-18 12:21:50.670 [info] > git for-each-ref --format=%(refname)%00%(upstream:short)%00%(objectname)%00%(upstream:track)%00%(upstream:remotename)%00%(upstream:remoteref) refs/heads/master refs/remotes/master [1ms]
2023-10-18 12:21:50.678 [info] > git status -z -uall [2ms]
2023-10-18 12:22:19.933 [info] > git config --get commit.template [1ms]
2023-10-18 12:22:19.946 [info] > git for-each-ref --format=%(refname)%00%(upstream:short)%00%(objectname)%00%(upstream:track)%00%(upstream:remotename)%00%(upstream:remoteref) refs/heads/master refs/remotes/master [2ms]
2023-10-18 12:22:19.956 [info] > git status -z -uall [1ms]
2023-10-18 12:23:02.002 [info] > git config --get commit.template [12ms]
2023-10-18 12:23:02.003 [info] > git for-each-ref --format=%(refname)%00%(upstream:short)%00%(objectname)%00%(upstream:track)%00%(upstream:remotename)%00%(upstream:remoteref) refs/heads/master refs/remotes/master [1ms]
2023-10-18 12:23:02.017 [info] > git status -z -uall [2ms]
2023-10-18 12:23:15.530 [info] > git config --get commit.template [2ms]
2023-10-18 12:23:15.539 [info] > git for-each-ref --format=%(refname)%00%(upstream:short)%00%(objectname)%00%(upstream:track)%00%(upstream:remotename)%00%(upstream:remoteref) refs/heads/master refs/remotes/master [1ms]
2023-10-18 12:23:15.550 [info] > git status -z -uall [2ms]
2023-10-18 12:23:25.070 [info] > git config --get commit.template [1ms]
2023-10-18 12:23:25.078 [info] > git for-each-ref --format=%(refname)%00%(upstream:short)%00%(objectname)%00%(upstream:track)%00%(upstream:remotename)%00%(upstream:remoteref) refs/heads/master refs/remotes/master [1ms]
2023-10-18 12:23:25.087 [info] > git status -z -uall [2ms]
2023-10-18 12:24:45.981 [info] > git config --get commit.template [9ms]
2023-10-18 12:24:45.981 [info] > git for-each-ref --format=%(refname)%00%(upstream:short)%00%(objectname)%00%(upstream:track)%00%(upstream:remotename)%00%(upstream:remoteref) refs/heads/master refs/remotes/master [1ms]
2023-10-18 12:24:45.992 [info] > git status -z -uall [2ms]
2023-10-18 12:26:08.710 [info] > git config --get commit.template [1ms]
2023-10-18 12:26:08.720 [info] > git for-each-ref --format=%(refname)%00%(upstream:short)%00%(objectname)%00%(upstream:track)%00%(upstream:remotename)%00%(upstream:remoteref) refs/heads/master refs/remotes/master [1ms]
2023-10-18 12:26:08.728 [info] > git status -z -uall [2ms]
2023-10-18 12:26:27.434 [info] > git config --get commit.template [1ms]
2023-10-18 12:26:27.445 [info] > git for-each-ref --format=%(refname)%00%(upstream:short)%00%(objectname)%00%(upstream:track)%00%(upstream:remotename)%00%(upstream:remoteref) refs/heads/master refs/remotes/master [1ms]
2023-10-18 12:26:27.454 [info] > git status -z -uall [2ms]
2023-10-18 12:27:03.611 [info] > git show --textconv :quant_apt/Quant_APT/Chapter_1_numbers/Divisible_by_2.py [10ms]
2023-10-18 12:27:03.612 [info] > git ls-files --stage -- /home/shri123/learning/quant_apt/Quant_APT/Chapter_1_numbers/Divisible_by_2.py [2ms]
2023-10-18 12:27:16.039 [info] > git show --textconv :quant_apt/Quant_APT/Chapter_1_numbers/Test_Of_Divisibility.py [11ms]
2023-10-18 12:27:16.041 [info] > git ls-files --stage -- /home/shri123/learning/quant_apt/Quant_APT/Chapter_1_numbers/Test_Of_Divisibility.py [3ms]
2023-10-18 12:27:36.317 [info] > git config --get commit.template [2ms]
2023-10-18 12:27:36.327 [info] > git for-each-ref --format=%(refname)%00%(upstream:short)%00%(objectname)%00%(upstream:track)%00%(upstream:remotename)%00%(upstream:remoteref) refs/heads/master refs/remotes/master [1ms]
2023-10-18 12:27:36.336 [info] > git status -z -uall [2ms]
2023-10-18 12:27:58.924 [info] > git config --get commit.template [1ms]
2023-10-18 12:27:58.934 [info] > git for-each-ref --format=%(refname)%00%(upstream:short)%00%(objectname)%00%(upstream:track)%00%(upstream:remotename)%00%(upstream:remoteref) refs/heads/master refs/remotes/master [1ms]
2023-10-18 12:27:58.943 [info] > git status -z -uall [2ms]
2023-10-18 12:28:25.493 [info] > git show --textconv :quant_apt/Quant_APT/Chapter_1_numbers/Divisibility_by_3.py [10ms]
2023-10-18 12:28:25.494 [info] > git ls-files --stage -- /home/shri123/learning/quant_apt/Quant_APT/Chapter_1_numbers/Divisibility_by_3.py [2ms]
2023-10-18 12:28:34.192 [info] > git show --textconv :quant_apt/Quant_APT/Chapter_1_numbers/Test_Of_Divisibility.py [9ms]
2023-10-18 12:28:34.193 [info] > git ls-files --stage -- /home/shri123/learning/quant_apt/Quant_APT/Chapter_1_numbers/Test_Of_Divisibility.py [2ms]
2023-10-18 12:30:37.203 [info] > git show --textconv :quant_apt/Quant_APT/Chapter_1_numbers/Divisible_by_4.py [11ms]
2023-10-18 12:30:37.206 [info] > git ls-files --stage -- /home/shri123/learning/quant_apt/Quant_APT/Chapter_1_numbers/Divisible_by_4.py [4ms]
2023-10-18 12:30:41.083 [info] > git show --textconv :quant_apt/Quant_APT/Chapter_1_numbers/Test_Of_Divisibility.py [10ms]
2023-10-18 12:30:41.084 [info] > git ls-files --stage -- /home/shri123/learning/quant_apt/Quant_APT/Chapter_1_numbers/Test_Of_Divisibility.py [2ms]
2023-10-18 12:31:00.890 [info] > git config --get commit.template [8ms]
2023-10-18 12:31:00.890 [info] > git for-each-ref --format=%(refname)%00%(upstream:short)%00%(objectname)%00%(upstream:track)%00%(upstream:remotename)%00%(upstream:remoteref) refs/heads/master refs/remotes/master [1ms]
2023-10-18 12:31:00.899 [info] > git status -z -uall [2ms]
2023-10-18 12:32:27.918 [info] > git show --textconv :quant_apt/Quant_APT/Chapter_1_numbers/Divisibility_of_5.py [10ms]
2023-10-18 12:32:27.919 [info] > git ls-files --stage -- /home/shri123/learning/quant_apt/Quant_APT/Chapter_1_numbers/Divisibility_of_5.py [2ms]
2023-10-18 12:32:31.448 [info] > git show --textconv :quant_apt/Quant_APT/Chapter_1_numbers/Test_Of_Divisibility.py [10ms]
2023-10-18 12:32:31.449 [info] > git ls-files --stage -- /home/shri123/learning/quant_apt/Quant_APT/Chapter_1_numbers/Test_Of_Divisibility.py [2ms]
2023-10-18 12:32:51.572 [info] > git config --get commit.template [10ms]
2023-10-18 12:32:51.573 [info] > git for-each-ref --format=%(refname)%00%(upstream:short)%00%(objectname)%00%(upstream:track)%00%(upstream:remotename)%00%(upstream:remoteref) refs/heads/master refs/remotes/master [2ms]
2023-10-18 12:32:51.583 [info] > git status -z -uall [2ms]
2023-10-18 12:33:03.029 [info] > git show --textconv :quant_apt/Quant_APT/Chapter_1_numbers/Divisibility_by_8.py [10ms]
2023-10-18 12:33:03.030 [info] > git ls-files --stage -- /home/shri123/learning/quant_apt/Quant_APT/Chapter_1_numbers/Divisibility_by_8.py [2ms]
2023-10-18 12:33:06.906 [info] > git show --textconv :quant_apt/Quant_APT/Chapter_1_numbers/Test_Of_Divisibility.py [11ms]
2023-10-18 12:33:06.908 [info] > git ls-files --stage -- /home/shri123/learning/quant_apt/Quant_APT/Chapter_1_numbers/Test_Of_Divisibility.py [4ms]
2023-10-18 12:33:22.129 [info] > git config --get commit.template [9ms]
2023-10-18 12:33:22.129 [info] > git for-each-ref --format=%(refname)%00%(upstream:short)%00%(objectname)%00%(upstream:track)%00%(upstream:remotename)%00%(upstream:remoteref) refs/heads/master refs/remotes/master [2ms]
2023-10-18 12:33:22.139 [info] > git status -z -uall [2ms]
2023-10-18 12:33:27.672 [info] > git show --textconv :quant_apt/Quant_APT/Chapter_1_numbers/Divisibility_by_9.py [7ms]
2023-10-18 12:33:27.673 [info] > git ls-files --stage -- /home/shri123/learning/quant_apt/Quant_APT/Chapter_1_numbers/Divisibility_by_9.py [2ms]
2023-10-18 12:33:31.465 [info] > git show --textconv :quant_apt/Quant_APT/Chapter_1_numbers/Test_Of_Divisibility.py [11ms]
2023-10-18 12:33:31.467 [info] > git ls-files --stage -- /home/shri123/learning/quant_apt/Quant_APT/Chapter_1_numbers/Test_Of_Divisibility.py [5ms]
2023-10-18 12:33:42.734 [info] > git config --get commit.template [1ms]
2023-10-18 12:33:42.741 [info] > git for-each-ref --format=%(refname)%00%(upstream:short)%00%(objectname)%00%(upstream:track)%00%(upstream:remotename)%00%(upstream:remoteref) refs/heads/master refs/remotes/master [1ms]
2023-10-18 12:33:42.751 [info] > git status -z -uall [2ms]
2023-10-18 12:33:50.014 [info] > git show --textconv :quant_apt/Quant_APT/Chapter_1_numbers/divisibility_by_10.py [8ms]
2023-10-18 12:33:50.015 [info] > git ls-files --stage -- /home/shri123/learning/quant_apt/Quant_APT/Chapter_1_numbers/divisibility_by_10.py [2ms]
2023-10-18 12:33:53.121 [info] > git show --textconv :quant_apt/Quant_APT/Chapter_1_numbers/Test_Of_Divisibility.py [9ms]
2023-10-18 12:33:53.122 [info] > git ls-files --stage -- /home/shri123/learning/quant_apt/Quant_APT/Chapter_1_numbers/Test_Of_Divisibility.py [2ms]
2023-10-18 12:33:59.774 [info] > git config --get commit.template [8ms]
2023-10-18 12:33:59.774 [info] > git for-each-ref --format=%(refname)%00%(upstream:short)%00%(objectname)%00%(upstream:track)%00%(upstream:remotename)%00%(upstream:remoteref) refs/heads/master refs/remotes/master [1ms]
2023-10-18 12:33:59.782 [info] > git status -z -uall [2ms]
2023-10-18 12:34:06.848 [info] > git show --textconv :quant_apt/Quant_APT/Chapter_1_numbers/Divisibility_of_5.py [9ms]
2023-10-18 12:34:06.849 [info] > git ls-files --stage -- /home/shri123/learning/quant_apt/Quant_APT/Chapter_1_numbers/Divisibility_of_5.py [1ms]
2023-10-18 12:34:07.432 [info] > git show --textconv :quant_apt/Quant_APT/Chapter_1_numbers/Divisibility_of_11.py [8ms]
2023-10-18 12:34:07.433 [info] > git ls-files --stage -- /home/shri123/learning/quant_apt/Quant_APT/Chapter_1_numbers/Divisibility_of_11.py [2ms]
2023-10-18 12:34:10.977 [info] > git show --textconv :quant_apt/Quant_APT/Chapter_1_numbers/Test_Of_Divisibility.py [9ms]
2023-10-18 12:34:10.978 [info] > git ls-files --stage -- /home/shri123/learning/quant_apt/Quant_APT/Chapter_1_numbers/Test_Of_Divisibility.py [2ms]
2023-10-18 12:34:20.951 [info] > git show --textconv :quant_apt/Quant_APT/Chapter_1_numbers/Divisibility_of_11.py [8ms]
2023-10-18 12:34:20.952 [info] > git ls-files --stage -- /home/shri123/learning/quant_apt/Quant_APT/Chapter_1_numbers/Divisibility_of_11.py [1ms]
2023-10-18 12:34:30.057 [info] > git show --textconv :quant_apt/Quant_APT/Chapter_1_numbers/Test_Of_Divisibility.py [27ms]
2023-10-18 12:34:30.059 [info] > git ls-files --stage -- /home/shri123/learning/quant_apt/Quant_APT/Chapter_1_numbers/Test_Of_Divisibility.py [4ms]
2023-10-18 12:34:49.228 [info] > git config --get commit.template [1ms]
2023-10-18 12:34:49.235 [info] > git for-each-ref --format=%(refname)%00%(upstream:short)%00%(objectname)%00%(upstream:track)%00%(upstream:remotename)%00%(upstream:remoteref) refs/heads/master refs/remotes/master [1ms]
2023-10-18 12:34:49.244 [info] > git status -z -uall [2ms]
2023-10-18 12:35:22.259 [info] > git config --get commit.template [1ms]
2023-10-18 12:35:22.266 [info] > git for-each-ref --format=%(refname)%00%(upstream:short)%00%(objectname)%00%(upstream:track)%00%(upstream:remotename)%00%(upstream:remoteref) refs/heads/master refs/remotes/master [1ms]
2023-10-18 12:35:22.274 [info] > git status -z -uall [2ms]
2023-10-18 12:35:27.289 [info] > git config --get commit.template [2ms]
2023-10-18 12:35:27.296 [info] > git for-each-ref --format=%(refname)%00%(upstream:short)%00%(objectname)%00%(upstream:track)%00%(upstream:remotename)%00%(upstream:remoteref) refs/heads/master refs/remotes/master [1ms]
2023-10-18 12:35:27.305 [info] > git status -z -uall [2ms]
2023-10-18 12:37:15.389 [info] > git config --get commit.template [1ms]
2023-10-18 12:37:15.396 [info] > git for-each-ref --format=%(refname)%00%(upstream:short)%00%(objectname)%00%(upstream:track)%00%(upstream:remotename)%00%(upstream:remoteref) refs/heads/master refs/remotes/master [1ms]
2023-10-18 12:37:15.403 [info] > git status -z -uall [1ms]
2023-10-18 12:37:24.385 [info] > git show --textconv :quant_apt/Quant_APT/Chapter_1_numbers/Divisibility_of_11.py [10ms]
2023-10-18 12:37:24.386 [info] > git ls-files --stage -- /home/shri123/learning/quant_apt/Quant_APT/Chapter_1_numbers/Divisibility_of_11.py [2ms]
2023-10-18 12:37:28.467 [info] > git config --get commit.template [1ms]
2023-10-18 12:37:28.477 [info] > git for-each-ref --format=%(refname)%00%(upstream:short)%00%(objectname)%00%(upstream:track)%00%(upstream:remotename)%00%(upstream:remoteref) refs/heads/master refs/remotes/master [1ms]
2023-10-18 12:37:28.488 [info] > git status -z -uall [2ms]
2023-10-18 12:37:29.148 [info] > git show --textconv :quant_apt/Quant_APT/Chapter_1_numbers/Test_Of_Divisibility.py [8ms]
2023-10-18 12:37:29.150 [info] > git ls-files --stage -- /home/shri123/learning/quant_apt/Quant_APT/Chapter_1_numbers/Test_Of_Divisibility.py [3ms]
2023-10-18 12:39:56.758 [info] > git check-ignore -v -z --stdin [3ms]
2023-10-18 13:24:31.226 [info] > git config --get commit.template [17ms]
2023-10-18 13:24:31.233 [info] > git for-each-ref --format=%(refname)%00%(upstream:short)%00%(objectname)%00%(upstream:track)%00%(upstream:remotename)%00%(upstream:remoteref) refs/heads/master refs/remotes/master [9ms]
2023-10-18 13:24:31.264 [info] > git status -z -uall [12ms]
2023-10-18 13:25:03.173 [info] > git config --get commit.template [5ms]
2023-10-18 13:25:03.187 [info] > git for-each-ref --format=%(refname)%00%(upstream:short)%00%(objectname)%00%(upstream:track)%00%(upstream:remotename)%00%(upstream:remoteref) refs/heads/master refs/remotes/master [1ms]
2023-10-18 13:25:03.205 [info] > git status -z -uall [3ms]
2023-10-18 13:26:05.517 [info] > git config --get commit.template [3ms]
2023-10-18 13:26:05.528 [info] > git for-each-ref --format=%(refname)%00%(upstream:short)%00%(objectname)%00%(upstream:track)%00%(upstream:remotename)%00%(upstream:remoteref) refs/heads/master refs/remotes/master [1ms]
2023-10-18 13:26:05.546 [info] > git status -z -uall [2ms]
2023-10-18 13:26:48.668 [info] > git config --get commit.template [3ms]
2023-10-18 13:26:48.685 [info] > git for-each-ref --format=%(refname)%00%(upstream:short)%00%(objectname)%00%(upstream:track)%00%(upstream:remotename)%00%(upstream:remoteref) refs/heads/master refs/remotes/master [1ms]
2023-10-18 13:26:48.709 [info] > git status -z -uall [3ms]
2023-10-18 13:29:31.035 [info] > git config --get commit.template [19ms]
2023-10-18 13:29:31.040 [info] > git for-each-ref --format=%(refname)%00%(upstream:short)%00%(objectname)%00%(upstream:track)%00%(upstream:remotename)%00%(upstream:remoteref) refs/heads/master refs/remotes/master [6ms]
2023-10-18 13:29:31.072 [info] > git status -z -uall [8ms]
2023-10-18 13:29:43.538 [info] > git config --get commit.template [1ms]
2023-10-18 13:29:43.551 [info] > git for-each-ref --format=%(refname)%00%(upstream:short)%00%(objectname)%00%(upstream:track)%00%(upstream:remotename)%00%(upstream:remoteref) refs/heads/master refs/remotes/master [1ms]
2023-10-18 13:29:43.563 [info] > git status -z -uall [2ms]
2023-10-18 13:30:59.555 [info] > git config --get commit.template [3ms]
2023-10-18 13:30:59.565 [info] > git for-each-ref --format=%(refname)%00%(upstream:short)%00%(objectname)%00%(upstream:track)%00%(upstream:remotename)%00%(upstream:remoteref) refs/heads/master refs/remotes/master [3ms]
2023-10-18 13:30:59.575 [info] > git status -z -uall [2ms]
2023-10-18 13:33:09.954 [info] > git config --get commit.template [11ms]
2023-10-18 13:33:09.957 [info] > git for-each-ref --format=%(refname)%00%(upstream:short)%00%(objectname)%00%(upstream:track)%00%(upstream:remotename)%00%(upstream:remoteref) refs/heads/master refs/remotes/master [4ms]
2023-10-18 13:33:09.969 [info] > git status -z -uall [3ms]
2023-10-18 13:38:20.985 [info] > git config --get commit.template [26ms]
2023-10-18 13:38:20.986 [info] > git for-each-ref --format=%(refname)%00%(upstream:short)%00%(objectname)%00%(upstream:track)%00%(upstream:remotename)%00%(upstream:remoteref) refs/heads/master refs/remotes/master [8ms]
2023-10-18 13:38:21.024 [info] > git status -z -uall [10ms]
2023-10-18 13:39:24.241 [info] > git config --get commit.template [7ms]
2023-10-18 13:39:24.241 [info] > git for-each-ref --format=%(refname)%00%(upstream:short)%00%(objectname)%00%(upstream:track)%00%(upstream:remotename)%00%(upstream:remoteref) refs/heads/master refs/remotes/master [1ms]
2023-10-18 13:39:24.251 [info] > git status -z -uall [2ms]
2023-10-18 13:40:34.555 [info] > git config --get commit.template [1ms]
2023-10-18 13:40:34.564 [info] > git for-each-ref --format=%(refname)%00%(upstream:short)%00%(objectname)%00%(upstream:track)%00%(upstream:remotename)%00%(upstream:remoteref) refs/heads/master refs/remotes/master [1ms]
2023-10-18 13:40:34.573 [info] > git status -z -uall [3ms]
2023-10-18 13:41:03.017 [info] > git config --get commit.template [2ms]
2023-10-18 13:41:03.024 [info] > git for-each-ref --format=%(refname)%00%(upstream:short)%00%(objectname)%00%(upstream:track)%00%(upstream:remotename)%00%(upstream:remoteref) refs/heads/master refs/remotes/master [1ms]
2023-10-18 13:41:03.034 [info] > git status -z -uall [1ms]
2023-10-18 13:41:46.047 [info] > git config --get commit.template [3ms]
2023-10-18 13:41:46.056 [info] > git for-each-ref --format=%(refname)%00%(upstream:short)%00%(objectname)%00%(upstream:track)%00%(upstream:remotename)%00%(upstream:remoteref) refs/heads/master refs/remotes/master [2ms]
2023-10-18 13:41:46.068 [info] > git status -z -uall [2ms]
2023-10-18 13:41:51.086 [info] > git config --get commit.template [1ms]
2023-10-18 13:41:51.098 [info] > git for-each-ref --format=%(refname)%00%(upstream:short)%00%(objectname)%00%(upstream:track)%00%(upstream:remotename)%00%(upstream:remoteref) refs/heads/master refs/remotes/master [3ms]
2023-10-18 13:41:51.114 [info] > git status -z -uall [4ms]
2023-10-18 13:43:48.769 [info] > git config --get commit.template [0ms]
2023-10-18 13:43:48.778 [info] > git for-each-ref --format=%(refname)%00%(upstream:short)%00%(objectname)%00%(upstream:track)%00%(upstream:remotename)%00%(upstream:remoteref) refs/heads/master refs/remotes/master [3ms]
2023-10-18 13:43:48.790 [info] > git status -z -uall [2ms]
2023-10-18 13:44:09.662 [info] > git config --get commit.template [1ms]
2023-10-18 13:44:09.675 [info] > git for-each-ref --format=%(refname)%00%(upstream:short)%00%(objectname)%00%(upstream:track)%00%(upstream:remotename)%00%(upstream:remoteref) refs/heads/master refs/remotes/master [1ms]
2023-10-18 13:44:09.688 [info] > git status -z -uall [3ms]
2023-10-18 13:46:04.151 [info] > git config --get commit.template [0ms]
2023-10-18 13:46:04.159 [info] > git for-each-ref --format=%(refname)%00%(upstream:short)%00%(objectname)%00%(upstream:track)%00%(upstream:remotename)%00%(upstream:remoteref) refs/heads/master refs/remotes/master [1ms]
2023-10-18 13:46:04.169 [info] > git status -z -uall [1ms]
2023-10-18 13:47:03.095 [info] > git config --get commit.template [1ms]
2023-10-18 13:47:03.103 [info] > git for-each-ref --format=%(refname)%00%(upstream:short)%00%(objectname)%00%(upstream:track)%00%(upstream:remotename)%00%(upstream:remoteref) refs/heads/master refs/remotes/master [1ms]
2023-10-18 13:47:03.113 [info] > git status -z -uall [2ms]
2023-10-18 13:47:57.511 [info] > git config --get commit.template [1ms]
2023-10-18 13:47:57.519 [info] > git for-each-ref --format=%(refname)%00%(upstream:short)%00%(objectname)%00%(upstream:track)%00%(upstream:remotename)%00%(upstream:remoteref) refs/heads/master refs/remotes/master [1ms]
2023-10-18 13:47:57.529 [info] > git status -z -uall [2ms]
2023-10-18 13:48:15.494 [info] > git config --get commit.template [7ms]
2023-10-18 13:48:15.494 [info] > git for-each-ref --format=%(refname)%00%(upstream:short)%00%(objectname)%00%(upstream:track)%00%(upstream:remotename)%00%(upstream:remoteref) refs/heads/master refs/remotes/master [1ms]
2023-10-18 13:48:15.502 [info] > git status -z -uall [2ms]
