2023-10-23 10:30:49.348 [info] Log level: Info
2023-10-23 10:30:49.348 [info] Validating found git in: "git"
2023-10-23 10:30:49.348 [info] Using git "2.25.1" from "git"
2023-10-23 10:30:49.348 [info] > git rev-parse --show-toplevel [9ms]
2023-10-23 10:30:49.358 [info] > git rev-parse --git-dir --git-common-dir [2ms]
2023-10-23 10:30:49.376 [info] Open repository: /home/shri123/learning
2023-10-23 10:30:49.452 [info] > git config --get commit.template [13ms]
2023-10-23 10:30:49.454 [info] > git rev-parse --show-toplevel [6ms]
2023-10-23 10:30:49.475 [info] > git rev-parse --show-toplevel [2ms]
2023-10-23 10:30:49.477 [info] > git for-each-ref --format=%(refname)%00%(upstream:short)%00%(objectname)%00%(upstream:track)%00%(upstream:remotename)%00%(upstream:remoteref) refs/heads/master refs/remotes/master [13ms]
2023-10-23 10:30:49.500 [info] > git status -z -uall [12ms]
2023-10-23 10:30:49.522 [info] > git rev-parse --show-toplevel [24ms]
2023-10-23 10:30:49.525 [info] > git config --get commit.template [3ms]
2023-10-23 10:30:49.541 [info] > git rev-parse --show-toplevel [10ms]
2023-10-23 10:30:49.896 [info] > git for-each-ref --format=%(refname)%00%(upstream:short)%00%(objectname)%00%(upstream:track)%00%(upstream:remotename)%00%(upstream:remoteref) refs/heads/master refs/remotes/master [357ms]
2023-10-23 10:30:49.962 [info] > git status -z -uall [61ms]
2023-10-23 10:30:50.073 [info] > git check-ignore -v -z --stdin [3ms]
2023-10-23 10:30:51.558 [info] > git check-ignore -v -z --stdin [6ms]
2023-10-23 10:30:52.603 [info] > git check-ignore -v -z --stdin [1ms]
2023-10-23 10:30:55.403 [info] > git check-ignore -v -z --stdin [8ms]
2023-10-23 10:30:57.010 [info] > git check-ignore -v -z --stdin [1ms]
2023-10-23 10:31:06.786 [info] > git check-ignore -v -z --stdin [2ms]
2023-10-23 10:31:12.255 [info] > git check-ignore -v -z --stdin [1ms]
2023-10-23 10:31:15.299 [info] > git show --textconv :quant_apt/Telusko _Python_course/#64_MuliThreading.py [22ms]
2023-10-23 10:31:15.300 [info] > git ls-files --stage -- /home/shri123/learning/quant_apt/Telusko _Python_course/#64_MuliThreading.py [13ms]
2023-10-23 10:31:15.680 [info] > git cat-file -s b119c342aaafdb554df3c8b49aebb644ec2b059c [371ms]
2023-10-23 10:31:59.660 [info] > git show --textconv :quant_apt/Telusko _Python_course/#67_Liner_search.py [6ms]
2023-10-23 10:31:59.660 [info] > git ls-files --stage -- /home/shri123/learning/quant_apt/Telusko _Python_course/#67_Liner_search.py [1ms]
2023-10-23 10:31:59.921 [info] > git check-ignore -v -z --stdin [1ms]
2023-10-23 10:32:00.513 [info] > git config --get commit.template [1ms]
2023-10-23 10:32:00.523 [info] > git for-each-ref --format=%(refname)%00%(upstream:short)%00%(objectname)%00%(upstream:track)%00%(upstream:remotename)%00%(upstream:remoteref) refs/heads/master refs/remotes/master [2ms]
2023-10-23 10:32:00.533 [info] > git status -z -uall [2ms]
2023-10-23 10:32:01.267 [info] > git show --textconv :quant_apt/Telusko _Python_course/#64_MuliThreading.py [8ms]
2023-10-23 10:32:01.268 [info] > git ls-files --stage -- /home/shri123/learning/quant_apt/Telusko _Python_course/#64_MuliThreading.py [2ms]
2023-10-23 10:32:01.274 [info] > git cat-file -s b119c342aaafdb554df3c8b49aebb644ec2b059c [1ms]
2023-10-23 10:32:02.094 [info] > git show --textconv :quant_apt/Telusko _Python_course/#67_Liner_search.py [8ms]
2023-10-23 10:32:02.094 [info] > git ls-files --stage -- /home/shri123/learning/quant_apt/Telusko _Python_course/#67_Liner_search.py [1ms]
2023-10-23 10:41:17.264 [info] > git config --get commit.template [8ms]
2023-10-23 10:41:17.265 [info] > git for-each-ref --format=%(refname)%00%(upstream:short)%00%(objectname)%00%(upstream:track)%00%(upstream:remotename)%00%(upstream:remoteref) refs/heads/master refs/remotes/master [4ms]
2023-10-23 10:41:17.286 [info] > git status -z -uall [5ms]
2023-10-23 10:41:44.967 [info] > git config --get commit.template [1ms]
2023-10-23 10:41:44.973 [info] > git for-each-ref --format=%(refname)%00%(upstream:short)%00%(objectname)%00%(upstream:track)%00%(upstream:remotename)%00%(upstream:remoteref) refs/heads/master refs/remotes/master [1ms]
2023-10-23 10:41:44.982 [info] > git status -z -uall [2ms]
2023-10-23 10:42:03.247 [info] > git config --get commit.template [2ms]
2023-10-23 10:42:03.253 [info] > git for-each-ref --format=%(refname)%00%(upstream:short)%00%(objectname)%00%(upstream:track)%00%(upstream:remotename)%00%(upstream:remoteref) refs/heads/master refs/remotes/master [1ms]
2023-10-23 10:42:03.260 [info] > git status -z -uall [1ms]
2023-10-23 10:43:00.945 [info] > git check-ignore -v -z --stdin [1ms]
2023-10-23 10:45:09.801 [info] > git config --get commit.template [1ms]
2023-10-23 10:45:09.808 [info] > git for-each-ref --format=%(refname)%00%(upstream:short)%00%(objectname)%00%(upstream:track)%00%(upstream:remotename)%00%(upstream:remoteref) refs/heads/master refs/remotes/master [1ms]
2023-10-23 10:45:09.817 [info] > git status -z -uall [1ms]
