2023-10-16 14:22:13.530 [info] Log level: Info
2023-10-16 14:22:13.530 [info] Validating found git in: "git"
2023-10-16 14:22:13.530 [info] Using git "2.25.1" from "git"
2023-10-16 14:22:13.530 [info] > git rev-parse --show-toplevel [39ms]
2023-10-16 14:22:13.537 [info] > git rev-parse --git-dir --git-common-dir [11ms]
2023-10-16 14:22:13.544 [info] Open repository: /home/shri123/learning
2023-10-16 14:22:14.035 [info] > git rev-parse --show-toplevel [469ms]
2023-10-16 14:22:14.036 [info] > git config --get commit.template [477ms]
2023-10-16 14:22:14.112 [info] > git rev-parse --show-toplevel [19ms]
2023-10-16 14:22:14.128 [info] > git for-each-ref --format=%(refname)%00%(upstream:short)%00%(objectname)%00%(upstream:track)%00%(upstream:remotename)%00%(upstream:remoteref) refs/heads/master refs/remotes/master [20ms]
2023-10-16 14:22:14.158 [info] > git rev-parse --show-toplevel [32ms]
2023-10-16 14:22:14.199 [info] > git rev-parse --show-toplevel [22ms]
2023-10-16 14:22:14.239 [info] > git status -z -uall [84ms]
2023-10-16 14:22:14.239 [info] > git show --textconv :quant_apt/Telusko _Python_course/#58_Duck_Typing.py [23ms]
2023-10-16 14:22:14.240 [info] > git ls-files --stage -- /home/shri123/learning/quant_apt/Telusko _Python_course/#58_Duck_Typing.py [13ms]
2023-10-16 14:22:14.307 [info] > git config --get commit.template [19ms]
2023-10-16 14:22:14.343 [info] > git for-each-ref --format=%(refname)%00%(upstream:short)%00%(objectname)%00%(upstream:track)%00%(upstream:remotename)%00%(upstream:remoteref) refs/heads/master refs/remotes/master [6ms]
2023-10-16 14:22:14.437 [info] > git status -z -uall [81ms]
2023-10-16 14:22:14.553 [info] > git check-ignore -v -z --stdin [5ms]
2023-10-16 14:22:36.762 [info] > git config --get commit.template [14ms]
2023-10-16 14:22:36.763 [info] > git for-each-ref --format=%(refname)%00%(upstream:short)%00%(objectname)%00%(upstream:track)%00%(upstream:remotename)%00%(upstream:remoteref) refs/heads/master refs/remotes/master [2ms]
2023-10-16 14:22:36.784 [info] > git status -z -uall [3ms]
2023-10-16 14:25:24.485 [info] > git config --get commit.template [7ms]
2023-10-16 14:25:24.486 [info] > git for-each-ref --format=%(refname)%00%(upstream:short)%00%(objectname)%00%(upstream:track)%00%(upstream:remotename)%00%(upstream:remoteref) refs/heads/master refs/remotes/master [3ms]
2023-10-16 14:25:24.495 [info] > git status -z -uall [1ms]
2023-10-16 14:25:47.447 [info] > git config --get commit.template [2ms]
2023-10-16 14:25:47.453 [info] > git for-each-ref --format=%(refname)%00%(upstream:short)%00%(objectname)%00%(upstream:track)%00%(upstream:remotename)%00%(upstream:remoteref) refs/heads/master refs/remotes/master [1ms]
2023-10-16 14:25:47.463 [info] > git status -z -uall [1ms]
2023-10-16 14:26:12.661 [info] > git config --get commit.template [0ms]
2023-10-16 14:26:12.667 [info] > git for-each-ref --format=%(refname)%00%(upstream:short)%00%(objectname)%00%(upstream:track)%00%(upstream:remotename)%00%(upstream:remoteref) refs/heads/master refs/remotes/master [1ms]
2023-10-16 14:26:12.676 [info] > git status -z -uall [1ms]
2023-10-16 14:27:26.065 [info] > git config --get commit.template [1ms]
2023-10-16 14:27:26.069 [info] > git for-each-ref --format=%(refname)%00%(upstream:short)%00%(objectname)%00%(upstream:track)%00%(upstream:remotename)%00%(upstream:remoteref) refs/heads/master refs/remotes/master [0ms]
2023-10-16 14:27:26.075 [info] > git status -z -uall [1ms]
2023-10-16 14:27:41.299 [info] > git config --get commit.template [1ms]
2023-10-16 14:27:41.305 [info] > git for-each-ref --format=%(refname)%00%(upstream:short)%00%(objectname)%00%(upstream:track)%00%(upstream:remotename)%00%(upstream:remoteref) refs/heads/master refs/remotes/master [1ms]
2023-10-16 14:27:41.311 [info] > git status -z -uall [1ms]
2023-10-16 14:27:48.885 [info] > git config --get commit.template [1ms]
2023-10-16 14:27:48.890 [info] > git for-each-ref --format=%(refname)%00%(upstream:short)%00%(objectname)%00%(upstream:track)%00%(upstream:remotename)%00%(upstream:remoteref) refs/heads/master refs/remotes/master [1ms]
2023-10-16 14:27:48.895 [info] > git status -z -uall [1ms]
2023-10-16 14:34:45.900 [info] > git check-ignore -v -z --stdin [20ms]
2023-10-16 14:34:49.087 [info] > git check-ignore -v -z --stdin [1ms]
2023-10-16 14:34:51.684 [info] > git show --textconv :quant_apt/Quant_APT/Chapter_1_numbers/Divisible_by_2.py [12ms]
2023-10-16 14:34:51.686 [info] > git ls-files --stage -- /home/shri123/learning/quant_apt/Quant_APT/Chapter_1_numbers/Divisible_by_2.py [3ms]
2023-10-16 14:49:48.656 [info] > git show --textconv :quant_apt/Quant_APT/Chapter_1_numbers/Divisibility_by_9.py [21ms]
2023-10-16 14:49:48.661 [info] > git ls-files --stage -- /home/shri123/learning/quant_apt/Quant_APT/Chapter_1_numbers/Divisibility_by_9.py [6ms]
2023-10-16 14:49:48.908 [info] > git check-ignore -v -z --stdin [3ms]
2023-10-16 14:49:49.525 [info] > git config --get commit.template [14ms]
2023-10-16 14:49:49.536 [info] > git for-each-ref --format=%(refname)%00%(upstream:short)%00%(objectname)%00%(upstream:track)%00%(upstream:remotename)%00%(upstream:remoteref) refs/heads/master refs/remotes/master [13ms]
2023-10-16 14:49:49.560 [info] > git status -z -uall [8ms]
2023-10-16 17:33:30.895 [info] > git config --get commit.template [17ms]
2023-10-16 17:33:30.900 [info] > git for-each-ref --format=%(refname)%00%(upstream:short)%00%(objectname)%00%(upstream:track)%00%(upstream:remotename)%00%(upstream:remoteref) refs/heads/master refs/remotes/master [16ms]
2023-10-16 17:33:30.919 [info] > git status -z -uall [10ms]
