2023-10-23 18:58:59.541 [info] Log level: Info
2023-10-23 18:58:59.541 [info] Validating found git in: "git"
2023-10-23 18:58:59.541 [info] Using git "2.25.1" from "git"
2023-10-23 18:58:59.541 [info] > git rev-parse --show-toplevel [106ms]
2023-10-23 18:58:59.546 [info] > git rev-parse --git-dir --git-common-dir [17ms]
2023-10-23 18:58:59.555 [info] Open repository: /home/shri123/learning
2023-10-23 18:58:59.607 [info] > git rev-parse --show-toplevel [31ms]
2023-10-23 18:58:59.608 [info] > git config --get commit.template [42ms]
2023-10-23 18:58:59.756 [info] > git rev-parse --git-dir --git-common-dir [11ms]
2023-10-23 18:58:59.759 [info] Open repository: /home/shri123/learning/quant_apt
2023-10-23 18:58:59.760 [info] > git for-each-ref --format=%(refname)%00%(upstream:short)%00%(objectname)%00%(upstream:track)%00%(upstream:remotename)%00%(upstream:remoteref) refs/heads/master refs/remotes/master [22ms]
2023-10-23 18:58:59.794 [info] > git status -z -uall [26ms]
2023-10-23 18:58:59.795 [info] > git rev-parse --show-toplevel [7ms]
2023-10-23 18:58:59.795 [info] > git config --get commit.template [16ms]
2023-10-23 18:58:59.832 [info] > git config --get commit.template [8ms]
2023-10-23 18:58:59.833 [info] > git rev-parse --show-toplevel [17ms]
2023-10-23 18:58:59.852 [info] No remotes found in the git config file.
2023-10-23 18:58:59.856 [info] > git for-each-ref --format=%(refname)%00%(upstream:short)%00%(objectname)%00%(upstream:track)%00%(upstream:remotename)%00%(upstream:remoteref) refs/heads/master refs/remotes/master [7ms]
2023-10-23 18:58:59.920 [info] > git status -z -uall [56ms]
2023-10-23 18:58:59.938 [info] > git rev-parse --show-toplevel [20ms]
2023-10-23 18:58:59.953 [info] > git config --get commit.template [17ms]
2023-10-23 18:58:59.955 [info] > git for-each-ref --format=%(refname)%00%(upstream:short)%00%(objectname)%00%(upstream:track)%00%(upstream:remotename)%00%(upstream:remoteref) refs/heads/master refs/remotes/master [7ms]
2023-10-23 18:58:59.971 [info] No remotes found in the git config file.
2023-10-23 18:58:59.986 [info] > git status -z -uall [24ms]
2023-10-23 18:58:59.986 [info] > git for-each-ref --format=%(refname)%00%(upstream:short)%00%(objectname)%00%(upstream:track)%00%(upstream:remotename)%00%(upstream:remoteref) refs/heads/master refs/remotes/master [16ms]
2023-10-23 18:58:59.998 [info] > git status -z -uall [7ms]
2023-10-23 18:59:00.799 [info] > git check-ignore -v -z --stdin [130ms]
2023-10-23 18:59:00.800 [info] > git check-ignore -v -z --stdin [127ms]
2023-10-23 18:59:00.801 [info] > git ls-files --stage -- /home/shri123/learning/quant_apt/Telusko _Python_course/#69_binary_search.py [58ms]
2023-10-23 18:59:00.880 [info] > git cat-file -s d1e56379c994bd82be6d22f5a60e650dd52729a2 [74ms]
2023-10-23 18:59:01.103 [info] > git show --textconv :Telusko _Python_course/#69_binary_search.py [396ms]
2023-10-23 18:59:01.703 [info] > git check-ignore -v -z --stdin [7ms]
2023-10-23 18:59:01.704 [info] > git check-ignore -v -z --stdin [2ms]
2023-10-23 18:59:12.049 [info] > git check-ignore -v -z --stdin [4ms]
