2023-10-25 13:24:18.714 [info] Log level: Info
2023-10-25 13:24:18.714 [info] Validating found git in: "git"
2023-10-25 13:24:18.714 [info] Using git "2.25.1" from "git"
2023-10-25 13:24:18.714 [info] > git rev-parse --show-toplevel [216ms]
2023-10-25 13:24:18.714 [info] > git rev-parse --git-dir --git-common-dir [55ms]
2023-10-25 13:24:18.714 [info] Open repository: /home/shri123/learning
2023-10-25 13:24:18.720 [info] > git rev-parse --show-toplevel [28ms]
2023-10-25 13:24:18.723 [info] > git config --get commit.template [104ms]
2023-10-25 13:24:18.888 [info] > git rev-parse --show-toplevel [70ms]
2023-10-25 13:24:18.937 [info] > git for-each-ref --format=%(refname)%00%(upstream:short)%00%(objectname)%00%(upstream:track)%00%(upstream:remotename)%00%(upstream:remoteref) refs/heads/master refs/remotes/master [93ms]
2023-10-25 13:24:19.103 [info] > git rev-parse --show-toplevel [175ms]
2023-10-25 13:24:19.129 [info] > git status -z -uall [176ms]
2023-10-25 13:24:19.157 [info] > git rev-parse --show-toplevel [37ms]
2023-10-25 13:24:19.166 [info] > git config --get commit.template [10ms]
2023-10-25 13:24:19.275 [info] > git check-ignore -v -z --stdin [56ms]
2023-10-25 13:24:19.279 [info] > git for-each-ref --format=%(refname)%00%(upstream:short)%00%(objectname)%00%(upstream:track)%00%(upstream:remotename)%00%(upstream:remoteref) refs/heads/master refs/remotes/master [78ms]
2023-10-25 13:24:19.293 [info] > git rev-parse --git-dir --git-common-dir [107ms]
2023-10-25 13:24:19.300 [info] Open repository: /home/shri123/learning/quant_apt
2023-10-25 13:24:19.330 [info] > git status -z -uall [37ms]
2023-10-25 13:24:19.349 [info] > git config --get commit.template [21ms]
2023-10-25 13:24:19.366 [info] No remotes found in the git config file.
2023-10-25 13:24:19.369 [info] > git for-each-ref --format=%(refname)%00%(upstream:short)%00%(objectname)%00%(upstream:track)%00%(upstream:remotename)%00%(upstream:remoteref) refs/heads/master refs/remotes/master [2ms]
2023-10-25 13:24:19.416 [info] > git status -z -uall [35ms]
2023-10-25 13:24:19.533 [info] > git config --get commit.template [48ms]
2023-10-25 13:24:19.557 [info] No remotes found in the git config file.
2023-10-25 13:24:19.565 [info] > git for-each-ref --format=%(refname)%00%(upstream:short)%00%(objectname)%00%(upstream:track)%00%(upstream:remotename)%00%(upstream:remoteref) refs/heads/master refs/remotes/master [8ms]
2023-10-25 13:24:20.191 [info] > git status -z -uall [616ms]
2023-10-25 13:24:20.269 [info] > git check-ignore -v -z --stdin [64ms]
2023-10-25 13:24:20.270 [info] > git check-ignore -v -z --stdin [56ms]
