2023-10-27 11:23:39.917 [info] Extension host with pid 338 started
2023-10-27 11:23:40.040 [info] ExtensionService#_doActivateExtension vscode.git-base, startup: true, activationEvent: '*'
2023-10-27 11:23:40.136 [info] Lock '/home/shri123/.vscode-server/data/User/workspaceStorage/d59c36504c06426ae58ceffe543960b6/vscode.lock': Lock acquired.
2023-10-27 11:23:40.156 [info] ExtensionService#_doActivateExtension vscode.github, startup: true, activationEvent: '*'
2023-10-27 11:23:40.617 [info] Eager extensions activated
2023-10-27 11:23:40.618 [info] ExtensionService#_doActivateExtension vscode.debug-auto-launch, startup: false, activationEvent: 'onStartupFinished'
2023-10-27 11:23:40.619 [info] ExtensionService#_doActivateExtension vscode.merge-conflict, startup: false, activationEvent: 'onStartupFinished'
2023-10-27 11:23:41.198 [info] ExtensionService#_doActivateExtension vscode.json-language-features, startup: false, activationEvent: 'onLanguage:jsonc'
2023-10-27 11:23:41.199 [info] ExtensionService#_doActivateExtension vscode.typescript-language-features, startup: false, activationEvent: 'onLanguage:jsonc'
2023-10-27 11:23:41.199 [info] ExtensionService#_doActivateExtension vscode.emmet, startup: false, activationEvent: 'onLanguage'
2023-10-27 11:23:43.755 [info] ExtensionService#_doActivateExtension vscode.git, startup: false, activationEvent: 'api', root cause: vscode.github
2023-10-27 11:23:51.294 [error] {"message":"Git error","stdout":"","stderr":"fatal: Pathspec '/home/shri123/learning/learning/.cache' is in submodule 'learning'\n","exitCode":128,"gitErrorCode":"IsInSubmodule"}
2023-10-27 11:23:51.294 [error] {"message":"Git error","stdout":"","stderr":"fatal: Pathspec '/home/shri123/learning/learning/.cache' is in submodule 'learning'\n","exitCode":128,"gitErrorCode":"IsInSubmodule"}
2023-10-27 11:23:51.294 [error] {"message":"Git error","stdout":"","stderr":"fatal: Pathspec '/home/shri123/learning/learning/.cache' is in submodule 'learning'\n","exitCode":128,"gitErrorCode":"IsInSubmodule"}
2023-10-27 11:23:51.294 [error] {"message":"Git error","stdout":"","stderr":"fatal: Pathspec '/home/shri123/learning/learning/.cache' is in submodule 'learning'\n","exitCode":128,"gitErrorCode":"IsInSubmodule"}
2023-10-27 11:23:51.294 [error] {"message":"Git error","stdout":"","stderr":"fatal: Pathspec '/home/shri123/learning/learning/.cache' is in submodule 'learning'\n","exitCode":128,"gitErrorCode":"IsInSubmodule"}
2023-10-27 11:23:51.294 [error] {"message":"Git error","stdout":"","stderr":"fatal: Pathspec '/home/shri123/learning/learning/.cache' is in submodule 'learning'\n","exitCode":128,"gitErrorCode":"IsInSubmodule"}
2023-10-27 11:23:51.294 [error] {"message":"Git error","stdout":"","stderr":"fatal: Pathspec '/home/shri123/learning/learning/.cache' is in submodule 'learning'\n","exitCode":128,"gitErrorCode":"IsInSubmodule"}
2023-10-27 11:23:51.294 [error] {"message":"Git error","stdout":"","stderr":"fatal: Pathspec '/home/shri123/learning/learning/.cache' is in submodule 'learning'\n","exitCode":128,"gitErrorCode":"IsInSubmodule"}
2023-10-27 11:23:51.294 [error] {"message":"Git error","stdout":"","stderr":"fatal: Pathspec '/home/shri123/learning/learning/.cache' is in submodule 'learning'\n","exitCode":128,"gitErrorCode":"IsInSubmodule"}
2023-10-27 11:23:51.294 [error] {"message":"Git error","stdout":"","stderr":"fatal: Pathspec '/home/shri123/learning/learning/.cache' is in submodule 'learning'\n","exitCode":128,"gitErrorCode":"IsInSubmodule"}
2023-10-27 11:23:51.294 [error] {"message":"Git error","stdout":"","stderr":"fatal: Pathspec '/home/shri123/learning/learning/.cache' is in submodule 'learning'\n","exitCode":128,"gitErrorCode":"IsInSubmodule"}
2023-10-27 11:23:51.294 [error] {"message":"Git error","stdout":"","stderr":"fatal: Pathspec '/home/shri123/learning/learning/.cache' is in submodule 'learning'\n","exitCode":128,"gitErrorCode":"IsInSubmodule"}
2023-10-27 11:23:51.294 [error] {"message":"Git error","stdout":"","stderr":"fatal: Pathspec '/home/shri123/learning/learning/.cache' is in submodule 'learning'\n","exitCode":128,"gitErrorCode":"IsInSubmodule"}
2023-10-27 11:23:51.294 [error] {"message":"Git error","stdout":"","stderr":"fatal: Pathspec '/home/shri123/learning/learning/.cache' is in submodule 'learning'\n","exitCode":128,"gitErrorCode":"IsInSubmodule"}
2023-10-27 11:23:51.294 [error] {"message":"Git error","stdout":"","stderr":"fatal: Pathspec '/home/shri123/learning/learning/.cache' is in submodule 'learning'\n","exitCode":128,"gitErrorCode":"IsInSubmodule"}
2023-10-27 11:23:51.294 [error] {"message":"Git error","stdout":"","stderr":"fatal: Pathspec '/home/shri123/learning/learning/.cache' is in submodule 'learning'\n","exitCode":128,"gitErrorCode":"IsInSubmodule"}
2023-10-27 11:23:51.294 [error] {"message":"Git error","stdout":"","stderr":"fatal: Pathspec '/home/shri123/learning/learning/.cache' is in submodule 'learning'\n","exitCode":128,"gitErrorCode":"IsInSubmodule"}
2023-10-27 11:23:51.294 [error] {"message":"Git error","stdout":"","stderr":"fatal: Pathspec '/home/shri123/learning/learning/.cache' is in submodule 'learning'\n","exitCode":128,"gitErrorCode":"IsInSubmodule"}
2023-10-27 11:23:51.294 [error] {"message":"Git error","stdout":"","stderr":"fatal: Pathspec '/home/shri123/learning/learning/.cache' is in submodule 'learning'\n","exitCode":128,"gitErrorCode":"IsInSubmodule"}
2023-10-27 11:23:51.294 [error] {"message":"Git error","stdout":"","stderr":"fatal: Pathspec '/home/shri123/learning/learning/.cache' is in submodule 'learning'\n","exitCode":128,"gitErrorCode":"IsInSubmodule"}
2023-10-27 11:23:52.296 [error] {"message":"Git error","stdout":"","stderr":"fatal: Pathspec '/home/shri123/learning/learning/.cache' is in submodule 'learning'\n","exitCode":128,"gitErrorCode":"IsInSubmodule"}
2023-10-27 11:23:52.297 [error] {"message":"Git error","stdout":"","stderr":"fatal: Pathspec '/home/shri123/learning/learning/.cache' is in submodule 'learning'\n","exitCode":128,"gitErrorCode":"IsInSubmodule"}
2023-10-27 11:23:52.297 [error] {"message":"Git error","stdout":"","stderr":"fatal: Pathspec '/home/shri123/learning/learning/.cache' is in submodule 'learning'\n","exitCode":128,"gitErrorCode":"IsInSubmodule"}
2023-10-27 11:23:52.297 [error] {"message":"Git error","stdout":"","stderr":"fatal: Pathspec '/home/shri123/learning/learning/.cache' is in submodule 'learning'\n","exitCode":128,"gitErrorCode":"IsInSubmodule"}
2023-10-27 11:23:52.297 [error] {"message":"Git error","stdout":"","stderr":"fatal: Pathspec '/home/shri123/learning/learning/.cache' is in submodule 'learning'\n","exitCode":128,"gitErrorCode":"IsInSubmodule"}
2023-10-27 11:23:52.297 [error] {"message":"Git error","stdout":"","stderr":"fatal: Pathspec '/home/shri123/learning/learning/.cache' is in submodule 'learning'\n","exitCode":128,"gitErrorCode":"IsInSubmodule"}
2023-10-27 11:23:52.297 [error] {"message":"Git error","stdout":"","stderr":"fatal: Pathspec '/home/shri123/learning/learning/.cache' is in submodule 'learning'\n","exitCode":128,"gitErrorCode":"IsInSubmodule"}
2023-10-27 11:23:52.297 [error] {"message":"Git error","stdout":"","stderr":"fatal: Pathspec '/home/shri123/learning/learning/.cache' is in submodule 'learning'\n","exitCode":128,"gitErrorCode":"IsInSubmodule"}
2023-10-27 11:23:52.297 [error] {"message":"Git error","stdout":"","stderr":"fatal: Pathspec '/home/shri123/learning/learning/.cache' is in submodule 'learning'\n","exitCode":128,"gitErrorCode":"IsInSubmodule"}
2023-10-27 11:23:52.297 [error] {"message":"Git error","stdout":"","stderr":"fatal: Pathspec '/home/shri123/learning/learning/.cache' is in submodule 'learning'\n","exitCode":128,"gitErrorCode":"IsInSubmodule"}
2023-10-27 11:23:52.297 [error] {"message":"Git error","stdout":"","stderr":"fatal: Pathspec '/home/shri123/learning/learning/.cache' is in submodule 'learning'\n","exitCode":128,"gitErrorCode":"IsInSubmodule"}
2023-10-27 11:23:52.297 [error] {"message":"Git error","stdout":"","stderr":"fatal: Pathspec '/home/shri123/learning/learning/.cache' is in submodule 'learning'\n","exitCode":128,"gitErrorCode":"IsInSubmodule"}
2023-10-27 11:23:52.297 [error] {"message":"Git error","stdout":"","stderr":"fatal: Pathspec '/home/shri123/learning/learning/.cache' is in submodule 'learning'\n","exitCode":128,"gitErrorCode":"IsInSubmodule"}
2023-10-27 11:23:52.298 [error] {"message":"Git error","stdout":"","stderr":"fatal: Pathspec '/home/shri123/learning/learning/.cache' is in submodule 'learning'\n","exitCode":128,"gitErrorCode":"IsInSubmodule"}
2023-10-27 11:23:52.298 [error] {"message":"Git error","stdout":"","stderr":"fatal: Pathspec '/home/shri123/learning/learning/.cache' is in submodule 'learning'\n","exitCode":128,"gitErrorCode":"IsInSubmodule"}
2023-10-27 11:23:52.298 [error] {"message":"Git error","stdout":"","stderr":"fatal: Pathspec '/home/shri123/learning/learning/.cache' is in submodule 'learning'\n","exitCode":128,"gitErrorCode":"IsInSubmodule"}
2023-10-27 11:23:52.298 [error] {"message":"Git error","stdout":"","stderr":"fatal: Pathspec '/home/shri123/learning/learning/.cache' is in submodule 'learning'\n","exitCode":128,"gitErrorCode":"IsInSubmodule"}
2023-10-27 11:23:52.298 [error] {"message":"Git error","stdout":"","stderr":"fatal: Pathspec '/home/shri123/learning/learning/.cache' is in submodule 'learning'\n","exitCode":128,"gitErrorCode":"IsInSubmodule"}
2023-10-27 11:23:52.298 [error] {"message":"Git error","stdout":"","stderr":"fatal: Pathspec '/home/shri123/learning/learning/.cache' is in submodule 'learning'\n","exitCode":128,"gitErrorCode":"IsInSubmodule"}
2023-10-27 11:23:52.298 [error] {"message":"Git error","stdout":"","stderr":"fatal: Pathspec '/home/shri123/learning/learning/.cache' is in submodule 'learning'\n","exitCode":128,"gitErrorCode":"IsInSubmodule"}
2023-10-27 11:24:20.118 [warning] [Decorations] CAPPING events from decorations provider vscode.git 4203
2023-10-27 11:24:27.538 [warning] [Decorations] CAPPING events from decorations provider vscode.git 10428
2023-10-27 11:24:33.587 [warning] [Decorations] CAPPING events from decorations provider vscode.git 6455
2023-10-27 11:24:39.359 [warning] [Decorations] CAPPING events from decorations provider vscode.git 6455
2023-10-27 11:24:45.126 [warning] [Decorations] CAPPING events from decorations provider vscode.git 6455
2023-10-27 11:24:50.850 [warning] [Decorations] CAPPING events from decorations provider vscode.git 6455
2023-10-27 11:24:52.107 [error] {"message":"Git error","stdout":"","stderr":"fatal: Pathspec '/home/shri123/learning/Shrirealstar/demo.py' is in submodule 'Shrirealstar'\n","exitCode":128,"gitErrorCode":"IsInSubmodule"}
2023-10-27 11:24:53.108 [error] {"message":"Git error","stdout":"","stderr":"fatal: Pathspec '/home/shri123/learning/Shrirealstar/demo.py' is in submodule 'Shrirealstar'\n","exitCode":128,"gitErrorCode":"IsInSubmodule"}
2023-10-27 11:24:56.515 [warning] [Decorations] CAPPING events from decorations provider vscode.git 6455
2023-10-27 11:25:02.460 [warning] [Decorations] CAPPING events from decorations provider vscode.git 6455
2023-10-27 11:27:19.084 [warning] [Decorations] CAPPING events from decorations provider vscode.git 6455
2023-10-27 11:27:24.846 [warning] [Decorations] CAPPING events from decorations provider vscode.git 6455
2023-10-27 11:27:30.557 [warning] [Decorations] CAPPING events from decorations provider vscode.git 6455
2023-10-27 11:27:36.334 [warning] [Decorations] CAPPING events from decorations provider vscode.git 6455
2023-10-27 11:27:41.996 [warning] [Decorations] CAPPING events from decorations provider vscode.git 6455
2023-10-27 11:27:47.657 [warning] [Decorations] CAPPING events from decorations provider vscode.git 6455
2023-10-27 11:27:53.497 [warning] [Decorations] CAPPING events from decorations provider vscode.git 6455
2023-10-27 11:28:10.836 [warning] [Decorations] CAPPING events from decorations provider vscode.git 6455
2023-10-27 11:34:43.965 [warning] [Decorations] CAPPING events from decorations provider vscode.git 6455
2023-10-27 11:34:49.151 [warning] [Decorations] CAPPING events from decorations provider vscode.git 6263
2023-10-27 11:35:01.273 [warning] [Decorations] CAPPING events from decorations provider vscode.git 6263
2023-10-27 11:35:06.441 [warning] [Decorations] CAPPING events from decorations provider vscode.git 6263
2023-10-27 11:35:11.642 [warning] [Decorations] CAPPING events from decorations provider vscode.git 6264
2023-10-27 11:35:16.832 [warning] [Decorations] CAPPING events from decorations provider vscode.git 6264
2023-10-27 11:35:21.982 [warning] [Decorations] CAPPING events from decorations provider vscode.git 6264
2023-10-27 11:35:27.169 [warning] [Decorations] CAPPING events from decorations provider vscode.git 6264
