2023-10-17 10:43:11.216 [info] Log level: Info
2023-10-17 10:43:11.216 [info] Validating found git in: "git"
2023-10-17 10:43:11.216 [info] Using git "2.25.1" from "git"
2023-10-17 10:43:11.216 [info] > git rev-parse --show-toplevel [17ms]
2023-10-17 10:43:11.216 [info] > git rev-parse --git-dir --git-common-dir [3ms]
2023-10-17 10:43:11.216 [info] Open repository: /home/shri123/learning
2023-10-17 10:43:11.216 [info] > git rev-parse --show-toplevel [46ms]
2023-10-17 10:43:11.216 [info] > git config --get commit.template [59ms]
2023-10-17 10:43:11.235 [info] > git for-each-ref --format=%(refname)%00%(upstream:short)%00%(objectname)%00%(upstream:track)%00%(upstream:remotename)%00%(upstream:remoteref) refs/heads/master refs/remotes/master [5ms]
2023-10-17 10:43:11.244 [info] > git rev-parse --show-toplevel [21ms]
2023-10-17 10:43:11.250 [info] > git status -z -uall [7ms]
2023-10-17 10:43:11.307 [info] > git rev-parse --show-toplevel [57ms]
2023-10-17 10:43:11.315 [info] > git config --get commit.template [9ms]
2023-10-17 10:43:11.317 [info] > git rev-parse --show-toplevel [4ms]
2023-10-17 10:43:11.333 [info] > git for-each-ref --format=%(refname)%00%(upstream:short)%00%(objectname)%00%(upstream:track)%00%(upstream:remotename)%00%(upstream:remoteref) refs/heads/master refs/remotes/master [2ms]
2023-10-17 10:43:11.342 [info] > git status -z -uall [3ms]
2023-10-17 10:43:11.742 [info] > git check-ignore -v -z --stdin [1ms]
2023-10-17 10:44:32.820 [info] > git check-ignore -v -z --stdin [1ms]
2023-10-17 10:44:34.722 [info] > git check-ignore -v -z --stdin [1ms]
2023-10-17 10:44:42.460 [info] > git check-ignore -v -z --stdin [0ms]
2023-10-17 10:44:44.397 [info] > git check-ignore -v -z --stdin [1ms]
2023-10-17 10:44:48.982 [info] > git check-ignore -v -z --stdin [0ms]
2023-10-17 10:44:49.841 [info] > git check-ignore -v -z --stdin [1ms]
2023-10-17 10:44:51.472 [info] > git check-ignore -v -z --stdin [1ms]
2023-10-17 10:44:54.022 [info] > git show --textconv :quant_apt/Telusko _Python_course/#59_Operator_Overloading.py [21ms]
2023-10-17 10:44:54.023 [info] > git ls-files --stage -- /home/shri123/learning/quant_apt/Telusko _Python_course/#59_Operator_Overloading.py [11ms]
2023-10-17 10:45:42.350 [info] > git show --textconv :quant_apt/Telusko _Python_course/#59_Operator_Overloading.py [11ms]
2023-10-17 10:45:42.352 [info] > git ls-files --stage -- /home/shri123/learning/quant_apt/Telusko _Python_course/#59_Operator_Overloading.py [2ms]
2023-10-17 10:45:46.139 [info] > git config --get commit.template [2ms]
2023-10-17 10:45:46.149 [info] > git for-each-ref --format=%(refname)%00%(upstream:short)%00%(objectname)%00%(upstream:track)%00%(upstream:remotename)%00%(upstream:remoteref) refs/heads/master refs/remotes/master [1ms]
2023-10-17 10:45:46.160 [info] > git status -z -uall [2ms]
2023-10-17 10:48:12.868 [info] > git config --get commit.template [1ms]
2023-10-17 10:48:12.876 [info] > git for-each-ref --format=%(refname)%00%(upstream:short)%00%(objectname)%00%(upstream:track)%00%(upstream:remotename)%00%(upstream:remoteref) refs/heads/master refs/remotes/master [1ms]
2023-10-17 10:48:12.884 [info] > git status -z -uall [1ms]
2023-10-17 10:49:16.076 [info] > git config --get commit.template [1ms]
2023-10-17 10:49:16.082 [info] > git for-each-ref --format=%(refname)%00%(upstream:short)%00%(objectname)%00%(upstream:track)%00%(upstream:remotename)%00%(upstream:remoteref) refs/heads/master refs/remotes/master [1ms]
2023-10-17 10:49:16.088 [info] > git status -z -uall [1ms]
2023-10-17 10:50:43.605 [info] > git config --get commit.template [2ms]
2023-10-17 10:50:43.612 [info] > git for-each-ref --format=%(refname)%00%(upstream:short)%00%(objectname)%00%(upstream:track)%00%(upstream:remotename)%00%(upstream:remoteref) refs/heads/master refs/remotes/master [1ms]
2023-10-17 10:50:43.619 [info] > git status -z -uall [1ms]
2023-10-17 10:51:12.000 [info] > git config --get commit.template [8ms]
2023-10-17 10:51:12.000 [info] > git for-each-ref --format=%(refname)%00%(upstream:short)%00%(objectname)%00%(upstream:track)%00%(upstream:remotename)%00%(upstream:remoteref) refs/heads/master refs/remotes/master [1ms]
2023-10-17 10:51:12.008 [info] > git status -z -uall [2ms]
2023-10-17 10:51:36.841 [info] > git config --get commit.template [1ms]
2023-10-17 10:51:36.851 [info] > git for-each-ref --format=%(refname)%00%(upstream:short)%00%(objectname)%00%(upstream:track)%00%(upstream:remotename)%00%(upstream:remoteref) refs/heads/master refs/remotes/master [2ms]
2023-10-17 10:51:36.858 [info] > git status -z -uall [1ms]
2023-10-17 12:18:22.818 [info] > git config --get commit.template [18ms]
2023-10-17 12:18:22.822 [info] > git for-each-ref --format=%(refname)%00%(upstream:short)%00%(objectname)%00%(upstream:track)%00%(upstream:remotename)%00%(upstream:remoteref) refs/heads/master refs/remotes/master [9ms]
2023-10-17 12:18:22.850 [info] > git status -z -uall [12ms]
2023-10-17 12:18:40.376 [info] > git config --get commit.template [1ms]
2023-10-17 12:18:40.387 [info] > git for-each-ref --format=%(refname)%00%(upstream:short)%00%(objectname)%00%(upstream:track)%00%(upstream:remotename)%00%(upstream:remoteref) refs/heads/master refs/remotes/master [1ms]
2023-10-17 12:18:40.396 [info] > git status -z -uall [2ms]
2023-10-17 12:18:48.536 [info] > git config --get commit.template [1ms]
2023-10-17 12:18:48.545 [info] > git for-each-ref --format=%(refname)%00%(upstream:short)%00%(objectname)%00%(upstream:track)%00%(upstream:remotename)%00%(upstream:remoteref) refs/heads/master refs/remotes/master [2ms]
2023-10-17 12:18:48.552 [info] > git status -z -uall [1ms]
2023-10-17 12:18:53.567 [info] > git config --get commit.template [1ms]
2023-10-17 12:18:53.577 [info] > git for-each-ref --format=%(refname)%00%(upstream:short)%00%(objectname)%00%(upstream:track)%00%(upstream:remotename)%00%(upstream:remoteref) refs/heads/master refs/remotes/master [2ms]
2023-10-17 12:18:53.587 [info] > git status -z -uall [2ms]
2023-10-17 12:21:07.965 [info] > git config --get commit.template [18ms]
2023-10-17 12:21:07.966 [info] > git for-each-ref --format=%(refname)%00%(upstream:short)%00%(objectname)%00%(upstream:track)%00%(upstream:remotename)%00%(upstream:remoteref) refs/heads/master refs/remotes/master [7ms]
2023-10-17 12:21:07.996 [info] > git status -z -uall [9ms]
2023-10-17 12:22:24.399 [info] > git show --textconv :quant_apt/Quant_APT/Chapter_1_numbers/Divisibility_by_9.py [10ms]
2023-10-17 12:22:24.400 [info] > git ls-files --stage -- /home/shri123/learning/quant_apt/Quant_APT/Chapter_1_numbers/Divisibility_by_9.py [4ms]
2023-10-17 12:24:46.857 [info] > git config --get commit.template [1ms]
2023-10-17 12:24:46.863 [info] > git for-each-ref --format=%(refname)%00%(upstream:short)%00%(objectname)%00%(upstream:track)%00%(upstream:remotename)%00%(upstream:remoteref) refs/heads/master refs/remotes/master [0ms]
2023-10-17 12:24:46.875 [info] > git status -z -uall [1ms]
2023-10-17 12:25:16.854 [info] > git config --get commit.template [0ms]
2023-10-17 12:25:16.860 [info] > git for-each-ref --format=%(refname)%00%(upstream:short)%00%(objectname)%00%(upstream:track)%00%(upstream:remotename)%00%(upstream:remoteref) refs/heads/master refs/remotes/master [2ms]
2023-10-17 12:25:16.868 [info] > git status -z -uall [2ms]
2023-10-17 12:26:22.834 [info] > git config --get commit.template [1ms]
2023-10-17 12:26:22.840 [info] > git for-each-ref --format=%(refname)%00%(upstream:short)%00%(objectname)%00%(upstream:track)%00%(upstream:remotename)%00%(upstream:remoteref) refs/heads/master refs/remotes/master [1ms]
2023-10-17 12:26:22.848 [info] > git status -z -uall [2ms]
2023-10-17 12:26:55.988 [info] > git config --get commit.template [1ms]
2023-10-17 12:26:55.996 [info] > git for-each-ref --format=%(refname)%00%(upstream:short)%00%(objectname)%00%(upstream:track)%00%(upstream:remotename)%00%(upstream:remoteref) refs/heads/master refs/remotes/master [1ms]
2023-10-17 12:26:56.005 [info] > git status -z -uall [2ms]
2023-10-17 12:27:09.333 [info] > git show --textconv :quant_apt/Quant_APT/Chapter_1_numbers/Divisibility_by_3.py [6ms]
2023-10-17 12:27:09.335 [info] > git ls-files --stage -- /home/shri123/learning/quant_apt/Quant_APT/Chapter_1_numbers/Divisibility_by_3.py [3ms]
2023-10-17 12:27:09.586 [info] > git check-ignore -v -z --stdin [1ms]
2023-10-17 12:27:10.155 [info] > git config --get commit.template [1ms]
2023-10-17 12:27:10.165 [info] > git for-each-ref --format=%(refname)%00%(upstream:short)%00%(objectname)%00%(upstream:track)%00%(upstream:remotename)%00%(upstream:remoteref) refs/heads/master refs/remotes/master [1ms]
2023-10-17 12:27:10.175 [info] > git status -z -uall [2ms]
2023-10-17 12:27:27.978 [info] > git config --get commit.template [1ms]
2023-10-17 12:27:27.984 [info] > git for-each-ref --format=%(refname)%00%(upstream:short)%00%(objectname)%00%(upstream:track)%00%(upstream:remotename)%00%(upstream:remoteref) refs/heads/master refs/remotes/master [1ms]
2023-10-17 12:27:27.992 [info] > git status -z -uall [2ms]
2023-10-17 12:27:33.011 [info] > git config --get commit.template [6ms]
2023-10-17 12:27:33.012 [info] > git for-each-ref --format=%(refname)%00%(upstream:short)%00%(objectname)%00%(upstream:track)%00%(upstream:remotename)%00%(upstream:remoteref) refs/heads/master refs/remotes/master [0ms]
2023-10-17 12:27:33.019 [info] > git status -z -uall [1ms]
2023-10-17 12:28:52.845 [info] > git show --textconv :quant_apt/Quant_APT/Chapter_1_numbers/Divisible_by_4.py [9ms]
2023-10-17 12:28:52.845 [info] > git ls-files --stage -- /home/shri123/learning/quant_apt/Quant_APT/Chapter_1_numbers/Divisible_by_4.py [2ms]
2023-10-17 12:28:53.059 [info] > git check-ignore -v -z --stdin [1ms]
2023-10-17 12:28:53.608 [info] > git config --get commit.template [1ms]
2023-10-17 12:28:53.616 [info] > git for-each-ref --format=%(refname)%00%(upstream:short)%00%(objectname)%00%(upstream:track)%00%(upstream:remotename)%00%(upstream:remoteref) refs/heads/master refs/remotes/master [1ms]
2023-10-17 12:28:53.625 [info] > git status -z -uall [2ms]
2023-10-17 12:29:05.148 [info] > git show --textconv :quant_apt/Quant_APT/Chapter_1_numbers/Divisibility_by_9.py [6ms]
2023-10-17 12:29:05.149 [info] > git ls-files --stage -- /home/shri123/learning/quant_apt/Quant_APT/Chapter_1_numbers/Divisibility_by_9.py [2ms]
2023-10-17 12:29:05.662 [info] > git show --textconv :quant_apt/Quant_APT/Chapter_1_numbers/Divisibility_by_3.py [10ms]
2023-10-17 12:29:05.663 [info] > git ls-files --stage -- /home/shri123/learning/quant_apt/Quant_APT/Chapter_1_numbers/Divisibility_by_3.py [2ms]
2023-10-17 12:29:08.239 [info] > git show --textconv :quant_apt/Quant_APT/Chapter_1_numbers/Divisible_by_4.py [9ms]
2023-10-17 12:29:08.240 [info] > git ls-files --stage -- /home/shri123/learning/quant_apt/Quant_APT/Chapter_1_numbers/Divisible_by_4.py [2ms]
2023-10-17 12:29:10.879 [info] > git config --get commit.template [1ms]
2023-10-17 12:29:10.884 [info] > git for-each-ref --format=%(refname)%00%(upstream:short)%00%(objectname)%00%(upstream:track)%00%(upstream:remotename)%00%(upstream:remoteref) refs/heads/master refs/remotes/master [1ms]
2023-10-17 12:29:10.890 [info] > git status -z -uall [2ms]
2023-10-17 12:29:47.593 [info] > git config --get commit.template [6ms]
2023-10-17 12:29:47.593 [info] > git for-each-ref --format=%(refname)%00%(upstream:short)%00%(objectname)%00%(upstream:track)%00%(upstream:remotename)%00%(upstream:remoteref) refs/heads/master refs/remotes/master [1ms]
2023-10-17 12:29:47.601 [info] > git status -z -uall [2ms]
2023-10-17 12:30:01.237 [info] > git config --get commit.template [1ms]
2023-10-17 12:30:01.245 [info] > git for-each-ref --format=%(refname)%00%(upstream:short)%00%(objectname)%00%(upstream:track)%00%(upstream:remotename)%00%(upstream:remoteref) refs/heads/master refs/remotes/master [1ms]
2023-10-17 12:30:01.253 [info] > git status -z -uall [1ms]
2023-10-17 12:30:46.497 [info] > git check-ignore -v -z --stdin [1ms]
2023-10-17 12:30:49.710 [info] > git check-ignore -v -z --stdin [1ms]
2023-10-17 12:30:51.645 [info] > git show --textconv :quant_apt/Archive/chapter_1_numbers/quant_code_Divisible by 4.py [7ms]
2023-10-17 12:30:51.646 [info] > git ls-files --stage -- /home/shri123/learning/quant_apt/Archive/chapter_1_numbers/quant_code_Divisible by 4.py [3ms]
2023-10-17 12:31:00.154 [info] > git show --textconv :quant_apt/Archive/chapter_1_numbers/quant_code_Divisible by 2.py [6ms]
2023-10-17 12:31:00.154 [info] > git ls-files --stage -- /home/shri123/learning/quant_apt/Archive/chapter_1_numbers/quant_code_Divisible by 2.py [1ms]
2023-10-17 12:31:10.780 [info] > git show --textconv :quant_apt/Quant_APT/Chapter_1_numbers/Divisible_by_4.py [8ms]
2023-10-17 12:31:10.781 [info] > git ls-files --stage -- /home/shri123/learning/quant_apt/Quant_APT/Chapter_1_numbers/Divisible_by_4.py [0ms]
2023-10-17 12:32:05.605 [info] > git config --get commit.template [5ms]
2023-10-17 12:32:05.605 [info] > git for-each-ref --format=%(refname)%00%(upstream:short)%00%(objectname)%00%(upstream:track)%00%(upstream:remotename)%00%(upstream:remoteref) refs/heads/master refs/remotes/master [1ms]
2023-10-17 12:32:05.614 [info] > git status -z -uall [2ms]
2023-10-17 12:32:38.539 [info] > git config --get commit.template [0ms]
2023-10-17 12:32:38.547 [info] > git for-each-ref --format=%(refname)%00%(upstream:short)%00%(objectname)%00%(upstream:track)%00%(upstream:remotename)%00%(upstream:remoteref) refs/heads/master refs/remotes/master [2ms]
2023-10-17 12:32:38.556 [info] > git status -z -uall [2ms]
2023-10-17 12:43:20.020 [info] > git show --textconv :quant_apt/Quant_APT/Chapter_1_numbers/Find_place_of_a_number.py [28ms]
2023-10-17 12:43:20.022 [info] > git ls-files --stage -- /home/shri123/learning/quant_apt/Quant_APT/Chapter_1_numbers/Find_place_of_a_number.py [8ms]
2023-10-17 12:43:36.469 [info] > git show --textconv :quant_apt/Quant_APT/Chapter_1_numbers/Divisible_by_4.py [9ms]
2023-10-17 12:43:36.470 [info] > git ls-files --stage -- /home/shri123/learning/quant_apt/Quant_APT/Chapter_1_numbers/Divisible_by_4.py [2ms]
2023-10-17 12:43:41.129 [info] > git show --textconv :quant_apt/Quant_APT/Chapter_1_numbers/Divisibility_by_3.py [10ms]
2023-10-17 12:43:41.130 [info] > git ls-files --stage -- /home/shri123/learning/quant_apt/Quant_APT/Chapter_1_numbers/Divisibility_by_3.py [1ms]
2023-10-17 12:43:42.519 [info] > git show --textconv :quant_apt/Quant_APT/Chapter_1_numbers/Find_place_of_a_number.py [7ms]
2023-10-17 12:43:42.519 [info] > git ls-files --stage -- /home/shri123/learning/quant_apt/Quant_APT/Chapter_1_numbers/Find_place_of_a_number.py [1ms]
2023-10-17 12:43:46.473 [info] > git show --textconv :quant_apt/Quant_APT/Chapter_1_numbers/Divisibility_by_3.py [8ms]
2023-10-17 12:43:46.474 [info] > git ls-files --stage -- /home/shri123/learning/quant_apt/Quant_APT/Chapter_1_numbers/Divisibility_by_3.py [2ms]
2023-10-17 12:43:47.565 [info] > git show --textconv :quant_apt/Quant_APT/Chapter_1_numbers/Find_place_of_a_number.py [8ms]
2023-10-17 12:43:47.565 [info] > git ls-files --stage -- /home/shri123/learning/quant_apt/Quant_APT/Chapter_1_numbers/Find_place_of_a_number.py [1ms]
2023-10-17 12:43:49.953 [info] > git show --textconv :quant_apt/Quant_APT/Chapter_1_numbers/Divisibility_by_9.py [7ms]
2023-10-17 12:43:49.954 [info] > git ls-files --stage -- /home/shri123/learning/quant_apt/Quant_APT/Chapter_1_numbers/Divisibility_by_9.py [1ms]
2023-10-17 12:43:51.156 [info] > git show --textconv :quant_apt/Quant_APT/Chapter_1_numbers/Find_place_of_a_number.py [7ms]
2023-10-17 12:43:51.156 [info] > git ls-files --stage -- /home/shri123/learning/quant_apt/Quant_APT/Chapter_1_numbers/Find_place_of_a_number.py [1ms]
2023-10-17 12:43:54.710 [info] > git show --textconv :quant_apt/Quant_APT/Chapter_1_numbers/Find_place_of_a_number.py [7ms]
2023-10-17 12:43:54.711 [info] > git ls-files --stage -- /home/shri123/learning/quant_apt/Quant_APT/Chapter_1_numbers/Find_place_of_a_number.py [2ms]
2023-10-17 12:43:56.411 [info] > git show --textconv :quant_apt/Quant_APT/Chapter_1_numbers/Types_of_numbers.py [9ms]
2023-10-17 12:43:56.412 [info] > git ls-files --stage -- /home/shri123/learning/quant_apt/Quant_APT/Chapter_1_numbers/Types_of_numbers.py [2ms]
2023-10-17 12:43:57.320 [info] > git show --textconv :quant_apt/Quant_APT/Chapter_1_numbers/Prime_number.py [8ms]
2023-10-17 12:43:57.321 [info] > git ls-files --stage -- /home/shri123/learning/quant_apt/Quant_APT/Chapter_1_numbers/Prime_number.py [2ms]
2023-10-17 12:43:59.016 [info] > git show --textconv :quant_apt/Quant_APT/Chapter_1_numbers/Numbers2words.py [8ms]
2023-10-17 12:43:59.016 [info] > git ls-files --stage -- /home/shri123/learning/quant_apt/Quant_APT/Chapter_1_numbers/Numbers2words.py [1ms]
2023-10-17 12:44:01.588 [info] > git show --textconv :quant_apt/Quant_APT/Chapter_1_numbers/Find_place_of_a_number.py [7ms]
2023-10-17 12:44:01.588 [info] > git ls-files --stage -- /home/shri123/learning/quant_apt/Quant_APT/Chapter_1_numbers/Find_place_of_a_number.py [1ms]
2023-10-17 12:44:02.608 [info] > git show --textconv :quant_apt/Quant_APT/Chapter_1_numbers/Even_OR_Odd.py [9ms]
2023-10-17 12:44:02.609 [info] > git ls-files --stage -- /home/shri123/learning/quant_apt/Quant_APT/Chapter_1_numbers/Even_OR_Odd.py [3ms]
2023-10-17 12:44:03.834 [info] > git show --textconv :quant_apt/Quant_APT/Chapter_1_numbers/Divisible_by_4.py [8ms]
2023-10-17 12:44:03.835 [info] > git ls-files --stage -- /home/shri123/learning/quant_apt/Quant_APT/Chapter_1_numbers/Divisible_by_4.py [2ms]
2023-10-17 12:44:04.484 [info] > git show --textconv :quant_apt/Quant_APT/Chapter_1_numbers/Divisible_by_2.py [9ms]
2023-10-17 12:44:04.485 [info] > git ls-files --stage -- /home/shri123/learning/quant_apt/Quant_APT/Chapter_1_numbers/Divisible_by_2.py [1ms]
2023-10-17 12:44:05.221 [info] > git show --textconv :quant_apt/Quant_APT/Chapter_1_numbers/Divisible_by_4.py [9ms]
2023-10-17 12:44:05.221 [info] > git ls-files --stage -- /home/shri123/learning/quant_apt/Quant_APT/Chapter_1_numbers/Divisible_by_4.py [1ms]
2023-10-17 12:44:07.239 [info] > git show --textconv :quant_apt/Quant_APT/Chapter_1_numbers/Divisible_by_2.py [10ms]
2023-10-17 12:44:07.239 [info] > git ls-files --stage -- /home/shri123/learning/quant_apt/Quant_APT/Chapter_1_numbers/Divisible_by_2.py [1ms]
2023-10-17 12:44:07.958 [info] > git show --textconv :quant_apt/Quant_APT/Chapter_1_numbers/Divisibility_by_9.py [7ms]
2023-10-17 12:44:07.959 [info] > git ls-files --stage -- /home/shri123/learning/quant_apt/Quant_APT/Chapter_1_numbers/Divisibility_by_9.py [2ms]
2023-10-17 12:44:08.803 [info] > git show --textconv :quant_apt/Quant_APT/Chapter_1_numbers/Divisibility_by_3.py [9ms]
2023-10-17 12:44:08.804 [info] > git ls-files --stage -- /home/shri123/learning/quant_apt/Quant_APT/Chapter_1_numbers/Divisibility_by_3.py [2ms]
2023-10-17 12:44:38.168 [info] > git show --textconv :quant_apt/Archive/chapter_1_numbers/quant_code_to_find_place_value_of_a_Number.py [6ms]
2023-10-17 12:44:38.168 [info] > git ls-files --stage -- /home/shri123/learning/quant_apt/Archive/chapter_1_numbers/quant_code_to_find_place_value_of_a_Number.py [0ms]
2023-10-17 12:44:48.865 [info] > git show --textconv :quant_apt/Quant_APT/Chapter_1_numbers/Find_place_of_a_number.py [5ms]
2023-10-17 12:44:48.865 [info] > git ls-files --stage -- /home/shri123/learning/quant_apt/Quant_APT/Chapter_1_numbers/Find_place_of_a_number.py [1ms]
2023-10-17 12:44:57.617 [info] > git config --get commit.template [2ms]
2023-10-17 12:44:57.630 [info] > git for-each-ref --format=%(refname)%00%(upstream:short)%00%(objectname)%00%(upstream:track)%00%(upstream:remotename)%00%(upstream:remoteref) refs/heads/master refs/remotes/master [6ms]
2023-10-17 12:44:57.643 [info] > git status -z -uall [5ms]
2023-10-17 12:46:06.254 [info] > git show --textconv :quant_apt/Quant_APT/Chapter_1_numbers/Find_place_of_a_number.py [9ms]
2023-10-17 12:46:06.256 [info] > git ls-files --stage -- /home/shri123/learning/quant_apt/Quant_APT/Chapter_1_numbers/Find_place_of_a_number.py [2ms]
2023-10-17 12:46:15.070 [info] > git show --textconv :quant_apt/Quant_APT/Chapter_1_numbers/Divisible_by_4.py [7ms]
2023-10-17 12:46:15.072 [info] > git ls-files --stage -- /home/shri123/learning/quant_apt/Quant_APT/Chapter_1_numbers/Divisible_by_4.py [3ms]
2023-10-17 12:48:44.820 [info] > git config --get commit.template [9ms]
2023-10-17 12:48:44.820 [info] > git for-each-ref --format=%(refname)%00%(upstream:short)%00%(objectname)%00%(upstream:track)%00%(upstream:remotename)%00%(upstream:remoteref) refs/heads/master refs/remotes/master [2ms]
2023-10-17 12:48:44.834 [info] > git status -z -uall [3ms]
2023-10-17 12:50:32.245 [info] > git config --get commit.template [1ms]
2023-10-17 12:50:32.252 [info] > git for-each-ref --format=%(refname)%00%(upstream:short)%00%(objectname)%00%(upstream:track)%00%(upstream:remotename)%00%(upstream:remoteref) refs/heads/master refs/remotes/master [1ms]
2023-10-17 12:50:32.258 [info] > git status -z -uall [1ms]
2023-10-17 13:05:29.687 [info] > git config --get commit.template [11ms]
2023-10-17 13:05:29.692 [info] > git for-each-ref --format=%(refname)%00%(upstream:short)%00%(objectname)%00%(upstream:track)%00%(upstream:remotename)%00%(upstream:remoteref) refs/heads/master refs/remotes/master [6ms]
2023-10-17 13:05:29.717 [info] > git status -z -uall [7ms]
2023-10-17 13:09:41.494 [info] > git show --textconv :quant_apt/Quant_APT/Chapter_1_numbers/Divisibility_by_8.py [5ms]
2023-10-17 13:09:41.495 [info] > git ls-files --stage -- /home/shri123/learning/quant_apt/Quant_APT/Chapter_1_numbers/Divisibility_by_8.py [2ms]
2023-10-17 13:09:41.749 [info] > git check-ignore -v -z --stdin [1ms]
2023-10-17 13:09:42.321 [info] > git config --get commit.template [1ms]
2023-10-17 13:09:42.328 [info] > git for-each-ref --format=%(refname)%00%(upstream:short)%00%(objectname)%00%(upstream:track)%00%(upstream:remotename)%00%(upstream:remoteref) refs/heads/master refs/remotes/master [1ms]
2023-10-17 13:09:42.338 [info] > git status -z -uall [1ms]
2023-10-17 13:10:04.267 [info] > git config --get commit.template [0ms]
2023-10-17 13:10:04.273 [info] > git for-each-ref --format=%(refname)%00%(upstream:short)%00%(objectname)%00%(upstream:track)%00%(upstream:remotename)%00%(upstream:remoteref) refs/heads/master refs/remotes/master [1ms]
2023-10-17 13:10:04.289 [info] > git status -z -uall [9ms]
2023-10-17 13:10:15.051 [info] > git config --get commit.template [1ms]
2023-10-17 13:10:15.059 [info] > git for-each-ref --format=%(refname)%00%(upstream:short)%00%(objectname)%00%(upstream:track)%00%(upstream:remotename)%00%(upstream:remoteref) refs/heads/master refs/remotes/master [1ms]
2023-10-17 13:10:15.069 [info] > git status -z -uall [2ms]
2023-10-17 13:10:55.064 [info] > git config --get commit.template [1ms]
2023-10-17 13:10:55.073 [info] > git for-each-ref --format=%(refname)%00%(upstream:short)%00%(objectname)%00%(upstream:track)%00%(upstream:remotename)%00%(upstream:remoteref) refs/heads/master refs/remotes/master [1ms]
2023-10-17 13:10:55.081 [info] > git status -z -uall [1ms]
2023-10-17 13:11:12.725 [info] > git config --get commit.template [1ms]
2023-10-17 13:11:12.732 [info] > git for-each-ref --format=%(refname)%00%(upstream:short)%00%(objectname)%00%(upstream:track)%00%(upstream:remotename)%00%(upstream:remoteref) refs/heads/master refs/remotes/master [0ms]
2023-10-17 13:11:12.738 [info] > git status -z -uall [1ms]
2023-10-17 13:13:41.880 [info] > git config --get commit.template [7ms]
2023-10-17 13:13:41.881 [info] > git for-each-ref --format=%(refname)%00%(upstream:short)%00%(objectname)%00%(upstream:track)%00%(upstream:remotename)%00%(upstream:remoteref) refs/heads/master refs/remotes/master [1ms]
2023-10-17 13:13:41.892 [info] > git status -z -uall [2ms]
2023-10-17 13:14:13.855 [info] > git config --get commit.template [1ms]
2023-10-17 13:14:13.865 [info] > git for-each-ref --format=%(refname)%00%(upstream:short)%00%(objectname)%00%(upstream:track)%00%(upstream:remotename)%00%(upstream:remoteref) refs/heads/master refs/remotes/master [2ms]
2023-10-17 13:14:13.871 [info] > git status -z -uall [1ms]
2023-10-17 13:14:23.600 [info] > git config --get commit.template [0ms]
2023-10-17 13:14:23.607 [info] > git for-each-ref --format=%(refname)%00%(upstream:short)%00%(objectname)%00%(upstream:track)%00%(upstream:remotename)%00%(upstream:remoteref) refs/heads/master refs/remotes/master [1ms]
2023-10-17 13:14:23.613 [info] > git status -z -uall [1ms]
2023-10-17 13:26:55.027 [info] > git config --get commit.template [13ms]
2023-10-17 13:26:55.031 [info] > git for-each-ref --format=%(refname)%00%(upstream:short)%00%(objectname)%00%(upstream:track)%00%(upstream:remotename)%00%(upstream:remoteref) refs/heads/master refs/remotes/master [4ms]
2023-10-17 13:26:55.055 [info] > git status -z -uall [6ms]
2023-10-17 13:29:04.242 [info] > git config --get commit.template [2ms]
2023-10-17 13:29:04.249 [info] > git for-each-ref --format=%(refname)%00%(upstream:short)%00%(objectname)%00%(upstream:track)%00%(upstream:remotename)%00%(upstream:remoteref) refs/heads/master refs/remotes/master [1ms]
2023-10-17 13:29:04.255 [info] > git status -z -uall [1ms]
2023-10-17 13:29:58.907 [info] > git config --get commit.template [8ms]
2023-10-17 13:29:58.907 [info] > git for-each-ref --format=%(refname)%00%(upstream:short)%00%(objectname)%00%(upstream:track)%00%(upstream:remotename)%00%(upstream:remoteref) refs/heads/master refs/remotes/master [1ms]
2023-10-17 13:29:58.914 [info] > git status -z -uall [1ms]
2023-10-17 13:30:31.068 [info] > git config --get commit.template [1ms]
2023-10-17 13:30:31.077 [info] > git for-each-ref --format=%(refname)%00%(upstream:short)%00%(objectname)%00%(upstream:track)%00%(upstream:remotename)%00%(upstream:remoteref) refs/heads/master refs/remotes/master [1ms]
2023-10-17 13:30:31.087 [info] > git status -z -uall [3ms]
2023-10-17 13:34:45.468 [info] > git show --textconv :quant_apt/Quant_APT/Chapter_1_numbers/Divisibility_by_3.py [6ms]
2023-10-17 13:34:45.469 [info] > git ls-files --stage -- /home/shri123/learning/quant_apt/Quant_APT/Chapter_1_numbers/Divisibility_by_3.py [1ms]
2023-10-17 13:42:11.010 [info] > git config --get commit.template [11ms]
2023-10-17 13:42:11.012 [info] > git for-each-ref --format=%(refname)%00%(upstream:short)%00%(objectname)%00%(upstream:track)%00%(upstream:remotename)%00%(upstream:remoteref) refs/heads/master refs/remotes/master [3ms]
2023-10-17 13:42:11.034 [info] > git status -z -uall [5ms]
2023-10-17 13:42:12.955 [info] > git show --textconv :quant_apt/Quant_APT/Chapter_1_numbers/Divisibility_by_8.py [7ms]
2023-10-17 13:42:12.955 [info] > git ls-files --stage -- /home/shri123/learning/quant_apt/Quant_APT/Chapter_1_numbers/Divisibility_by_8.py [1ms]
2023-10-17 13:42:13.846 [info] > git show --textconv :quant_apt/Quant_APT/Chapter_1_numbers/Divisible_by_4.py [11ms]
2023-10-17 13:42:13.847 [info] > git ls-files --stage -- /home/shri123/learning/quant_apt/Quant_APT/Chapter_1_numbers/Divisible_by_4.py [4ms]
