2023-10-14 09:59:31.541 [info] Extension host with pid 164 started
2023-10-14 09:59:31.571 [info] Lock '/home/shri123/.vscode-server/data/User/workspaceStorage/510be1bb3f85e65fc11118b42fadaa43/vscode.lock': Lock acquired.
2023-10-14 09:59:31.612 [info] ExtensionService#_doActivateExtension vscode.emmet, startup: false, activationEvent: 'onLanguage'
2023-10-14 09:59:31.614 [info] ExtensionService#_doActivateExtension ms-python.python, startup: false, activationEvent: 'onLanguage:python'
2023-10-14 09:59:31.615 [info] ExtensionService#_doActivateExtension ms-toolsai.jupyter, startup: false, activationEvent: 'onLanguage:python'
2023-10-14 09:59:32.839 [info] ExtensionService#_doActivateExtension vscode.git-base, startup: true, activationEvent: '*', root cause: vscode.git
2023-10-14 09:59:35.622 [info] ExtensionService#_doActivateExtension ms-toolsai.jupyter-renderers, startup: false, activationEvent: 'api', root cause: ms-toolsai.jupyter
2023-10-14 09:59:35.697 [info] ExtensionService#_doActivateExtension vscode.git, startup: true, activationEvent: '*'
2023-10-14 09:59:35.698 [info] ExtensionService#_doActivateExtension vscode.github, startup: true, activationEvent: '*'
2023-10-14 09:59:36.226 [info] ExtensionService#_doActivateExtension ms-python.vscode-pylance, startup: false, activationEvent: 'onLanguage:python'
2023-10-14 09:59:37.803 [info] Eager extensions activated
2023-10-14 09:59:37.804 [info] ExtensionService#_doActivateExtension vscode.debug-auto-launch, startup: false, activationEvent: 'onStartupFinished'
2023-10-14 09:59:37.805 [info] ExtensionService#_doActivateExtension vscode.merge-conflict, startup: false, activationEvent: 'onStartupFinished'
2023-10-14 09:59:39.347 [info] ExtensionService#_doActivateExtension vscode.tunnel-forwarding, startup: false, activationEvent: 'onTunnel'
2023-10-14 10:46:43.954 [info] ExtensionService#_doActivateExtension vscode.npm, startup: false, activationEvent: 'onTerminalQuickFixRequest:ms-vscode.npm-command'
2023-10-14 11:29:00.617 [error] [ms-python.python] provider FAILED
2023-10-14 11:29:00.618 [error] TypeError: Cannot read properties of undefined (reading 'data')
	at /home/shri123/.vscode-server/extensions/ms-python.vscode-pylance-2023.10.20/dist/extension.bundle.js:1:131635
	at _0x298105 (/home/shri123/.vscode-server/extensions/ms-python.vscode-pylance-2023.10.20/dist/extension.bundle.js:1:143418)
	at async ge.provideCompletionItems (/home/shri123/.vscode-server/bin/f1b07bd25dfad64b0167beb15359ae573aecd2cc/out/vs/workbench/api/node/extensionHostProcess.js:128:50662)
2023-10-14 11:46:48.953 [error] [ms-python.python] provider FAILED
2023-10-14 11:46:48.953 [error] TypeError: Cannot read properties of undefined (reading 'data')
	at /home/shri123/.vscode-server/extensions/ms-python.vscode-pylance-2023.10.20/dist/extension.bundle.js:1:131635
	at _0x298105 (/home/shri123/.vscode-server/extensions/ms-python.vscode-pylance-2023.10.20/dist/extension.bundle.js:1:143418)
	at async ge.provideCompletionItems (/home/shri123/.vscode-server/bin/f1b07bd25dfad64b0167beb15359ae573aecd2cc/out/vs/workbench/api/node/extensionHostProcess.js:128:50662)
