2023-10-23 10:46:25.430 [info] Log level: Info
2023-10-23 10:46:25.430 [info] Validating found git in: "git"
2023-10-23 10:46:25.430 [info] Using git "2.25.1" from "git"
2023-10-23 10:46:25.430 [info] > git rev-parse --show-toplevel [76ms]
2023-10-23 10:46:25.430 [info] > git rev-parse --git-dir --git-common-dir [100ms]
2023-10-23 10:46:25.430 [info] Open repository: /home/shri123/learning
2023-10-23 10:46:25.515 [info] > git rev-parse --show-toplevel [49ms]
2023-10-23 10:46:25.518 [info] > git config --get commit.template [78ms]
2023-10-23 10:46:25.667 [info] > git rev-parse --show-toplevel [114ms]
2023-10-23 10:46:25.668 [info] > git for-each-ref --format=%(refname)%00%(upstream:short)%00%(objectname)%00%(upstream:track)%00%(upstream:remotename)%00%(upstream:remoteref) refs/heads/master refs/remotes/master [6ms]
2023-10-23 10:46:25.708 [info] > git status -z -uall [22ms]
2023-10-23 10:46:25.709 [info] > git rev-parse --show-toplevel [7ms]
2023-10-23 10:46:25.842 [info] > git config --get commit.template [71ms]
2023-10-23 10:46:25.843 [info] > git rev-parse --show-toplevel [90ms]
2023-10-23 10:46:25.911 [info] > git for-each-ref --format=%(refname)%00%(upstream:short)%00%(objectname)%00%(upstream:track)%00%(upstream:remotename)%00%(upstream:remoteref) refs/heads/master refs/remotes/master [13ms]
2023-10-23 10:46:25.922 [info] > git status -z -uall [4ms]
2023-10-23 10:46:28.203 [info] > git check-ignore -v -z --stdin [1ms]
2023-10-23 10:46:44.360 [info] > git check-ignore -v -z --stdin [1ms]
2023-10-23 10:46:48.903 [info] > git check-ignore -v -z --stdin [2ms]
2023-10-23 10:46:51.647 [info] > git show --textconv :quant_apt/Telusko _Python_course/#67_Liner_search.py [25ms]
2023-10-23 10:46:51.647 [info] > git ls-files --stage -- /home/shri123/learning/quant_apt/Telusko _Python_course/#67_Liner_search.py [14ms]
2023-10-23 10:47:17.536 [info] > git config --get commit.template [1ms]
2023-10-23 10:47:17.544 [info] > git for-each-ref --format=%(refname)%00%(upstream:short)%00%(objectname)%00%(upstream:track)%00%(upstream:remotename)%00%(upstream:remoteref) refs/heads/master refs/remotes/master [2ms]
2023-10-23 10:47:17.552 [info] > git status -z -uall [2ms]
2023-10-23 10:48:15.911 [info] > git config --get commit.template [3ms]
2023-10-23 10:48:15.922 [info] > git for-each-ref --format=%(refname)%00%(upstream:short)%00%(objectname)%00%(upstream:track)%00%(upstream:remotename)%00%(upstream:remoteref) refs/heads/master refs/remotes/master [2ms]
2023-10-23 10:48:15.938 [info] > git status -z -uall [2ms]
2023-10-23 10:48:29.178 [info] > git config --get commit.template [2ms]
2023-10-23 10:48:29.184 [info] > git for-each-ref --format=%(refname)%00%(upstream:short)%00%(objectname)%00%(upstream:track)%00%(upstream:remotename)%00%(upstream:remoteref) refs/heads/master refs/remotes/master [0ms]
2023-10-23 10:48:29.193 [info] > git status -z -uall [2ms]
2023-10-23 10:58:07.427 [info] > git show --textconv :quant_apt/Telusko _Python_course/#69_binary_search.py [8ms]
2023-10-23 10:58:07.427 [info] > git ls-files --stage -- /home/shri123/learning/quant_apt/Telusko _Python_course/#69_binary_search.py [2ms]
2023-10-23 10:58:07.671 [info] > git check-ignore -v -z --stdin [1ms]
2023-10-23 10:58:08.267 [info] > git config --get commit.template [2ms]
2023-10-23 10:58:08.274 [info] > git for-each-ref --format=%(refname)%00%(upstream:short)%00%(objectname)%00%(upstream:track)%00%(upstream:remotename)%00%(upstream:remoteref) refs/heads/master refs/remotes/master [1ms]
2023-10-23 10:58:08.283 [info] > git status -z -uall [1ms]
2023-10-23 11:17:37.351 [info] > git config --get commit.template [14ms]
2023-10-23 11:17:37.357 [info] > git for-each-ref --format=%(refname)%00%(upstream:short)%00%(objectname)%00%(upstream:track)%00%(upstream:remotename)%00%(upstream:remoteref) refs/heads/master refs/remotes/master [11ms]
2023-10-23 11:17:37.377 [info] > git status -z -uall [8ms]
2023-10-23 11:17:39.530 [info] > git show --textconv :quant_apt/Telusko _Python_course/#67_Liner_search.py [6ms]
2023-10-23 11:17:39.531 [info] > git ls-files --stage -- /home/shri123/learning/quant_apt/Telusko _Python_course/#67_Liner_search.py [2ms]
2023-10-23 11:17:40.242 [info] > git show --textconv :quant_apt/Telusko _Python_course/#69_binary_search.py [9ms]
2023-10-23 11:17:40.242 [info] > git ls-files --stage -- /home/shri123/learning/quant_apt/Telusko _Python_course/#69_binary_search.py [1ms]
2023-10-23 11:18:51.057 [info] > git config --get commit.template [1ms]
2023-10-23 11:18:51.063 [info] > git for-each-ref --format=%(refname)%00%(upstream:short)%00%(objectname)%00%(upstream:track)%00%(upstream:remotename)%00%(upstream:remoteref) refs/heads/master refs/remotes/master [1ms]
2023-10-23 11:18:51.072 [info] > git status -z -uall [1ms]
2023-10-23 11:19:10.849 [info] > git config --get commit.template [1ms]
2023-10-23 11:19:10.857 [info] > git for-each-ref --format=%(refname)%00%(upstream:short)%00%(objectname)%00%(upstream:track)%00%(upstream:remotename)%00%(upstream:remoteref) refs/heads/master refs/remotes/master [1ms]
2023-10-23 11:19:10.870 [info] > git status -z -uall [1ms]
2023-10-23 11:21:32.002 [info] > git config --get commit.template [1ms]
2023-10-23 11:21:32.010 [info] > git for-each-ref --format=%(refname)%00%(upstream:short)%00%(objectname)%00%(upstream:track)%00%(upstream:remotename)%00%(upstream:remoteref) refs/heads/master refs/remotes/master [2ms]
2023-10-23 11:21:32.018 [info] > git status -z -uall [1ms]
2023-10-23 11:21:52.827 [info] > git config --get commit.template [10ms]
2023-10-23 11:21:52.827 [info] > git for-each-ref --format=%(refname)%00%(upstream:short)%00%(objectname)%00%(upstream:track)%00%(upstream:remotename)%00%(upstream:remoteref) refs/heads/master refs/remotes/master [2ms]
2023-10-23 11:21:52.836 [info] > git status -z -uall [2ms]
2023-10-23 11:22:10.937 [info] > git config --get commit.template [1ms]
2023-10-23 11:22:10.944 [info] > git for-each-ref --format=%(refname)%00%(upstream:short)%00%(objectname)%00%(upstream:track)%00%(upstream:remotename)%00%(upstream:remoteref) refs/heads/master refs/remotes/master [1ms]
2023-10-23 11:22:10.953 [info] > git status -z -uall [2ms]
